{"C:\\grounding-calculator\\src\\engine\\optimizerNSGA2.js": {"path":"C:\\grounding-calculator\\src\\engine\\optimizerNSGA2.js","statementMap":{"0":{"start":{"line":13,"column":28},"end":{"line":36,"column":1}},"1":{"start":{"line":24,"column":26},"end":{"line":24,"column":55}},"2":{"start":{"line":25,"column":22},"end":{"line":25,"column":47}},"3":{"start":{"line":26,"column":24},"end":{"line":26,"column":51}},"4":{"start":{"line":27,"column":19},"end":{"line":27,"column":41}},"5":{"start":{"line":29,"column":24},"end":{"line":29,"column":55}},"6":{"start":{"line":30,"column":18},"end":{"line":30,"column":84}},"7":{"start":{"line":31,"column":25},"end":{"line":31,"column":56}},"8":{"start":{"line":32,"column":24},"end":{"line":32,"column":90}},"9":{"start":{"line":33,"column":20},"end":{"line":33,"column":76}},"10":{"start":{"line":35,"column":2},"end":{"line":35,"column":85}},"11":{"start":{"line":42,"column":27},"end":{"line":107,"column":1}},"12":{"start":{"line":52,"column":6},"end":{"line":52,"column":12}},"13":{"start":{"line":55,"column":13},"end":{"line":55,"column":49}},"14":{"start":{"line":56,"column":13},"end":{"line":56,"column":50}},"15":{"start":{"line":57,"column":18},"end":{"line":57,"column":38}},"16":{"start":{"line":58,"column":20},"end":{"line":58,"column":41}},"17":{"start":{"line":61,"column":19},"end":{"line":61,"column":43}},"18":{"start":{"line":62,"column":21},"end":{"line":62,"column":40}},"19":{"start":{"line":63,"column":20},"end":{"line":63,"column":39}},"20":{"start":{"line":64,"column":31},"end":{"line":64,"column":78}},"21":{"start":{"line":65,"column":25},"end":{"line":65,"column":44}},"22":{"start":{"line":66,"column":13},"end":{"line":66,"column":65}},"23":{"start":{"line":69,"column":13},"end":{"line":70,"column":65}},"24":{"start":{"line":73,"column":13},"end":{"line":73,"column":31}},"25":{"start":{"line":74,"column":14},"end":{"line":74,"column":21}},"26":{"start":{"line":77,"column":13},"end":{"line":78,"column":38}},"27":{"start":{"line":81,"column":12},"end":{"line":81,"column":17}},"28":{"start":{"line":82,"column":28},"end":{"line":82,"column":63}},"29":{"start":{"line":83,"column":19},"end":{"line":83,"column":94}},"30":{"start":{"line":84,"column":18},"end":{"line":84,"column":91}},"31":{"start":{"line":88,"column":13},"end":{"line":88,"column":23}},"32":{"start":{"line":89,"column":13},"end":{"line":89,"column":23}},"33":{"start":{"line":91,"column":18},"end":{"line":91,"column":32}},"34":{"start":{"line":92,"column":17},"end":{"line":92,"column":30}},"35":{"start":{"line":93,"column":19},"end":{"line":93,"column":36}},"36":{"start":{"line":95,"column":2},"end":{"line":106,"column":4}},"37":{"start":{"line":113,"column":28},"end":{"line":123,"column":1}},"38":{"start":{"line":114,"column":17},"end":{"line":114,"column":53}},"39":{"start":{"line":115,"column":17},"end":{"line":115,"column":54}},"40":{"start":{"line":117,"column":2},"end":{"line":122,"column":4}},"41":{"start":{"line":129,"column":22},"end":{"line":134,"column":2}},"42":{"start":{"line":129,"column":35},"end":{"line":134,"column":1}},"43":{"start":{"line":136,"column":25},"end":{"line":141,"column":2}},"44":{"start":{"line":136,"column":36},"end":{"line":141,"column":1}},"45":{"start":{"line":147,"column":32},"end":{"line":218,"column":1}},"46":{"start":{"line":148,"column":2},"end":{"line":150,"column":3}},"47":{"start":{"line":149,"column":4},"end":{"line":149,"column":39}},"48":{"start":{"line":152,"column":12},"end":{"line":152,"column":29}},"49":{"start":{"line":153,"column":26},"end":{"line":153,"column":46}},"50":{"start":{"line":154,"column":27},"end":{"line":154,"column":62}},"51":{"start":{"line":154,"column":59},"end":{"line":154,"column":61}},"52":{"start":{"line":155,"column":17},"end":{"line":155,"column":19}},"53":{"start":{"line":156,"column":16},"end":{"line":156,"column":36}},"54":{"start":{"line":158,"column":2},"end":{"line":179,"column":3}},"55":{"start":{"line":158,"column":15},"end":{"line":158,"column":16}},"56":{"start":{"line":159,"column":4},"end":{"line":178,"column":5}},"57":{"start":{"line":159,"column":17},"end":{"line":159,"column":18}},"58":{"start":{"line":160,"column":6},"end":{"line":160,"column":28}},"59":{"start":{"line":160,"column":19},"end":{"line":160,"column":28}},"60":{"start":{"line":161,"column":17},"end":{"line":161,"column":30}},"61":{"start":{"line":162,"column":17},"end":{"line":162,"column":30}},"62":{"start":{"line":163,"column":6},"end":{"line":163,"column":31}},"63":{"start":{"line":163,"column":22},"end":{"line":163,"column":31}},"64":{"start":{"line":165,"column":20},"end":{"line":165,"column":62}},"65":{"start":{"line":166,"column":20},"end":{"line":166,"column":62}},"66":{"start":{"line":167,"column":24},"end":{"line":167,"column":56}},"67":{"start":{"line":168,"column":24},"end":{"line":168,"column":56}},"68":{"start":{"line":170,"column":24},"end":{"line":170,"column":110}},"69":{"start":{"line":172,"column":6},"end":{"line":177,"column":7}},"70":{"start":{"line":173,"column":8},"end":{"line":173,"column":36}},"71":{"start":{"line":175,"column":28},"end":{"line":175,"column":114}},"72":{"start":{"line":176,"column":8},"end":{"line":176,"column":46}},"73":{"start":{"line":176,"column":25},"end":{"line":176,"column":46}},"74":{"start":{"line":181,"column":28},"end":{"line":181,"column":30}},"75":{"start":{"line":182,"column":2},"end":{"line":187,"column":3}},"76":{"start":{"line":182,"column":15},"end":{"line":182,"column":16}},"77":{"start":{"line":183,"column":4},"end":{"line":186,"column":5}},"78":{"start":{"line":184,"column":6},"end":{"line":184,"column":34}},"79":{"start":{"line":185,"column":6},"end":{"line":185,"column":19}},"80":{"start":{"line":189,"column":2},"end":{"line":191,"column":3}},"81":{"start":{"line":190,"column":4},"end":{"line":190,"column":60}},"82":{"start":{"line":190,"column":17},"end":{"line":190,"column":18}},"83":{"start":{"line":190,"column":32},"end":{"line":190,"column":60}},"84":{"start":{"line":193,"column":28},"end":{"line":193,"column":71}},"85":{"start":{"line":193,"column":57},"end":{"line":193,"column":70}},"86":{"start":{"line":194,"column":2},"end":{"line":194,"column":33}},"87":{"start":{"line":196,"column":19},"end":{"line":196,"column":20}},"88":{"start":{"line":197,"column":23},"end":{"line":197,"column":47}},"89":{"start":{"line":199,"column":2},"end":{"line":215,"column":3}},"90":{"start":{"line":200,"column":24},"end":{"line":200,"column":26}},"91":{"start":{"line":201,"column":4},"end":{"line":209,"column":5}},"92":{"start":{"line":202,"column":6},"end":{"line":208,"column":7}},"93":{"start":{"line":203,"column":8},"end":{"line":203,"column":29}},"94":{"start":{"line":204,"column":8},"end":{"line":207,"column":9}},"95":{"start":{"line":205,"column":10},"end":{"line":205,"column":36}},"96":{"start":{"line":206,"column":10},"end":{"line":206,"column":30}},"97":{"start":{"line":210,"column":4},"end":{"line":210,"column":17}},"98":{"start":{"line":211,"column":4},"end":{"line":211,"column":33}},"99":{"start":{"line":212,"column":4},"end":{"line":214,"column":5}},"100":{"start":{"line":213,"column":6},"end":{"line":213,"column":58}},"101":{"start":{"line":213,"column":42},"end":{"line":213,"column":55}},"102":{"start":{"line":217,"column":2},"end":{"line":217,"column":27}},"103":{"start":{"line":220,"column":32},"end":{"line":246,"column":1}},"104":{"start":{"line":221,"column":2},"end":{"line":221,"column":68}},"105":{"start":{"line":221,"column":61},"end":{"line":221,"column":68}},"106":{"start":{"line":223,"column":21},"end":{"line":223,"column":43}},"107":{"start":{"line":225,"column":2},"end":{"line":229,"column":3}},"108":{"start":{"line":226,"column":4},"end":{"line":228,"column":5}},"109":{"start":{"line":227,"column":6},"end":{"line":227,"column":38}},"110":{"start":{"line":231,"column":2},"end":{"line":245,"column":3}},"111":{"start":{"line":232,"column":23},"end":{"line":232,"column":100}},"112":{"start":{"line":232,"column":43},"end":{"line":232,"column":99}},"113":{"start":{"line":233,"column":4},"end":{"line":233,"column":40}},"114":{"start":{"line":233,"column":31},"end":{"line":233,"column":40}},"115":{"start":{"line":235,"column":4},"end":{"line":235,"column":47}},"116":{"start":{"line":235,"column":30},"end":{"line":235,"column":45}},"117":{"start":{"line":236,"column":4},"end":{"line":236,"column":46}},"118":{"start":{"line":237,"column":4},"end":{"line":237,"column":66}},"119":{"start":{"line":239,"column":18},"end":{"line":239,"column":77}},"120":{"start":{"line":240,"column":4},"end":{"line":240,"column":30}},"121":{"start":{"line":240,"column":21},"end":{"line":240,"column":30}},"122":{"start":{"line":242,"column":4},"end":{"line":244,"column":5}},"123":{"start":{"line":242,"column":17},"end":{"line":242,"column":18}},"124":{"start":{"line":243,"column":6},"end":{"line":243,"column":98}},"125":{"start":{"line":252,"column":29},"end":{"line":317,"column":1}},"126":{"start":{"line":253,"column":2},"end":{"line":253,"column":59}},"127":{"start":{"line":254,"column":18},"end":{"line":254,"column":20}},"128":{"start":{"line":257,"column":18},"end":{"line":263,"column":3}},"129":{"start":{"line":265,"column":2},"end":{"line":286,"column":3}},"130":{"start":{"line":266,"column":30},"end":{"line":266,"column":57}},"131":{"start":{"line":267,"column":21},"end":{"line":267,"column":52}},"132":{"start":{"line":268,"column":24},"end":{"line":268,"column":104}},"133":{"start":{"line":269,"column":17},"end":{"line":274,"column":6}},"134":{"start":{"line":276,"column":4},"end":{"line":285,"column":7}},"135":{"start":{"line":289,"column":2},"end":{"line":296,"column":7}},"136":{"start":{"line":289,"column":57},"end":{"line":296,"column":3}},"137":{"start":{"line":298,"column":19},"end":{"line":298,"column":62}},"138":{"start":{"line":298,"column":39},"end":{"line":298,"column":61}},"139":{"start":{"line":299,"column":2},"end":{"line":299,"column":43}},"140":{"start":{"line":299,"column":26},"end":{"line":299,"column":41}},"141":{"start":{"line":301,"column":2},"end":{"line":309,"column":3}},"142":{"start":{"line":302,"column":31},"end":{"line":302,"column":87}},"143":{"start":{"line":302,"column":59},"end":{"line":302,"column":86}},"144":{"start":{"line":303,"column":4},"end":{"line":308,"column":6}},"145":{"start":{"line":311,"column":2},"end":{"line":316,"column":4}},"146":{"start":{"line":323,"column":33},"end":{"line":409,"column":1}},"147":{"start":{"line":324,"column":93},"end":{"line":324,"column":100}},"148":{"start":{"line":326,"column":2},"end":{"line":328,"column":3}},"149":{"start":{"line":327,"column":4},"end":{"line":327,"column":90}},"150":{"start":{"line":330,"column":19},"end":{"line":330,"column":21}},"151":{"start":{"line":331,"column":2},"end":{"line":333,"column":3}},"152":{"start":{"line":331,"column":15},"end":{"line":331,"column":16}},"153":{"start":{"line":332,"column":4},"end":{"line":332,"column":42}},"154":{"start":{"line":335,"column":21},"end":{"line":335,"column":25}},"155":{"start":{"line":337,"column":2},"end":{"line":398,"column":3}},"156":{"start":{"line":337,"column":17},"end":{"line":337,"column":18}},"157":{"start":{"line":338,"column":22},"end":{"line":357,"column":6}},"158":{"start":{"line":339,"column":32},"end":{"line":339,"column":59}},"159":{"start":{"line":340,"column":23},"end":{"line":340,"column":54}},"160":{"start":{"line":341,"column":26},"end":{"line":341,"column":106}},"161":{"start":{"line":342,"column":19},"end":{"line":347,"column":8}},"162":{"start":{"line":349,"column":6},"end":{"line":356,"column":8}},"163":{"start":{"line":359,"column":23},"end":{"line":359,"column":50}},"164":{"start":{"line":360,"column":4},"end":{"line":360,"column":56}},"165":{"start":{"line":360,"column":32},"end":{"line":360,"column":56}},"166":{"start":{"line":362,"column":26},"end":{"line":362,"column":28}},"167":{"start":{"line":363,"column":4},"end":{"line":370,"column":5}},"168":{"start":{"line":364,"column":6},"end":{"line":364,"column":68}},"169":{"start":{"line":364,"column":27},"end":{"line":364,"column":66}},"170":{"start":{"line":365,"column":6},"end":{"line":368,"column":7}},"171":{"start":{"line":366,"column":8},"end":{"line":367,"column":19}},"172":{"start":{"line":366,"column":51},"end":{"line":366,"column":82}},"173":{"start":{"line":367,"column":13},"end":{"line":367,"column":19}},"174":{"start":{"line":369,"column":6},"end":{"line":369,"column":56}},"175":{"start":{"line":369,"column":50},"end":{"line":369,"column":56}},"176":{"start":{"line":372,"column":30},"end":{"line":372,"column":75}},"177":{"start":{"line":372,"column":52},"end":{"line":372,"column":74}},"178":{"start":{"line":373,"column":4},"end":{"line":378,"column":5}},"179":{"start":{"line":374,"column":27},"end":{"line":374,"column":126}},"180":{"start":{"line":374,"column":68},"end":{"line":374,"column":103}},"181":{"start":{"line":375,"column":6},"end":{"line":377,"column":7}},"182":{"start":{"line":376,"column":8},"end":{"line":376,"column":36}},"183":{"start":{"line":380,"column":4},"end":{"line":397,"column":5}},"184":{"start":{"line":381,"column":29},"end":{"line":381,"column":31}},"185":{"start":{"line":382,"column":25},"end":{"line":382,"column":57}},"186":{"start":{"line":383,"column":6},"end":{"line":385,"column":7}},"187":{"start":{"line":383,"column":19},"end":{"line":383,"column":20}},"188":{"start":{"line":384,"column":8},"end":{"line":384,"column":46}},"189":{"start":{"line":387,"column":6},"end":{"line":394,"column":7}},"190":{"start":{"line":388,"column":8},"end":{"line":388,"column":46}},"191":{"start":{"line":388,"column":40},"end":{"line":388,"column":46}},"192":{"start":{"line":389,"column":24},"end":{"line":389,"column":87}},"193":{"start":{"line":390,"column":24},"end":{"line":390,"column":87}},"194":{"start":{"line":391,"column":20},"end":{"line":391,"column":96}},"195":{"start":{"line":392,"column":8},"end":{"line":392,"column":64}},"196":{"start":{"line":392,"column":42},"end":{"line":392,"column":64}},"197":{"start":{"line":393,"column":8},"end":{"line":393,"column":35}},"198":{"start":{"line":396,"column":6},"end":{"line":396,"column":34}},"199":{"start":{"line":400,"column":28},"end":{"line":400,"column":79}},"200":{"start":{"line":400,"column":53},"end":{"line":400,"column":78}},"201":{"start":{"line":402,"column":2},"end":{"line":408,"column":4}}},"fnMap":{"0":{"name":"(anonymous_0)","decl":{"start":{"line":13,"column":28},"end":{"line":13,"column":29}},"loc":{"start":{"line":23,"column":6},"end":{"line":36,"column":1}},"line":23},"1":{"name":"(anonymous_1)","decl":{"start":{"line":42,"column":27},"end":{"line":42,"column":28}},"loc":{"start":{"line":42,"column":47},"end":{"line":107,"column":1}},"line":42},"2":{"name":"(anonymous_2)","decl":{"start":{"line":113,"column":28},"end":{"line":113,"column":29}},"loc":{"start":{"line":113,"column":40},"end":{"line":123,"column":1}},"line":113},"3":{"name":"(anonymous_3)","decl":{"start":{"line":129,"column":22},"end":{"line":129,"column":23}},"loc":{"start":{"line":129,"column":35},"end":{"line":134,"column":1}},"line":129},"4":{"name":"(anonymous_4)","decl":{"start":{"line":136,"column":25},"end":{"line":136,"column":26}},"loc":{"start":{"line":136,"column":36},"end":{"line":141,"column":1}},"line":136},"5":{"name":"(anonymous_5)","decl":{"start":{"line":147,"column":32},"end":{"line":147,"column":33}},"loc":{"start":{"line":147,"column":48},"end":{"line":218,"column":1}},"line":147},"6":{"name":"(anonymous_6)","decl":{"start":{"line":154,"column":53},"end":{"line":154,"column":54}},"loc":{"start":{"line":154,"column":59},"end":{"line":154,"column":61}},"line":154},"7":{"name":"(anonymous_7)","decl":{"start":{"line":193,"column":52},"end":{"line":193,"column":53}},"loc":{"start":{"line":193,"column":57},"end":{"line":193,"column":70}},"line":193},"8":{"name":"(anonymous_8)","decl":{"start":{"line":213,"column":37},"end":{"line":213,"column":38}},"loc":{"start":{"line":213,"column":42},"end":{"line":213,"column":55}},"line":213},"9":{"name":"(anonymous_9)","decl":{"start":{"line":220,"column":32},"end":{"line":220,"column":33}},"loc":{"start":{"line":220,"column":43},"end":{"line":246,"column":1}},"line":220},"10":{"name":"(anonymous_10)","decl":{"start":{"line":232,"column":36},"end":{"line":232,"column":37}},"loc":{"start":{"line":232,"column":43},"end":{"line":232,"column":99}},"line":232},"11":{"name":"(anonymous_11)","decl":{"start":{"line":235,"column":20},"end":{"line":235,"column":21}},"loc":{"start":{"line":235,"column":30},"end":{"line":235,"column":45}},"line":235},"12":{"name":"(anonymous_12)","decl":{"start":{"line":252,"column":29},"end":{"line":252,"column":30}},"loc":{"start":{"line":252,"column":41},"end":{"line":317,"column":1}},"line":252},"13":{"name":"(anonymous_13)","decl":{"start":{"line":289,"column":51},"end":{"line":289,"column":52}},"loc":{"start":{"line":289,"column":57},"end":{"line":296,"column":3}},"line":289},"14":{"name":"(anonymous_14)","decl":{"start":{"line":298,"column":34},"end":{"line":298,"column":35}},"loc":{"start":{"line":298,"column":39},"end":{"line":298,"column":61}},"line":298},"15":{"name":"(anonymous_15)","decl":{"start":{"line":299,"column":16},"end":{"line":299,"column":17}},"loc":{"start":{"line":299,"column":26},"end":{"line":299,"column":41}},"line":299},"16":{"name":"(anonymous_16)","decl":{"start":{"line":302,"column":49},"end":{"line":302,"column":50}},"loc":{"start":{"line":302,"column":59},"end":{"line":302,"column":86}},"line":302},"17":{"name":"(anonymous_17)","decl":{"start":{"line":323,"column":33},"end":{"line":323,"column":34}},"loc":{"start":{"line":323,"column":59},"end":{"line":409,"column":1}},"line":323},"18":{"name":"(anonymous_18)","decl":{"start":{"line":338,"column":37},"end":{"line":338,"column":38}},"loc":{"start":{"line":338,"column":47},"end":{"line":357,"column":5}},"line":338},"19":{"name":"(anonymous_19)","decl":{"start":{"line":364,"column":17},"end":{"line":364,"column":18}},"loc":{"start":{"line":364,"column":27},"end":{"line":364,"column":66}},"line":364},"20":{"name":"(anonymous_20)","decl":{"start":{"line":372,"column":47},"end":{"line":372,"column":48}},"loc":{"start":{"line":372,"column":52},"end":{"line":372,"column":74}},"line":372},"21":{"name":"(anonymous_21)","decl":{"start":{"line":374,"column":52},"end":{"line":374,"column":53}},"loc":{"start":{"line":374,"column":68},"end":{"line":374,"column":103}},"line":374},"22":{"name":"(anonymous_22)","decl":{"start":{"line":400,"column":46},"end":{"line":400,"column":47}},"loc":{"start":{"line":400,"column":53},"end":{"line":400,"column":78}},"line":400}},"branchMap":{"0":{"loc":{"start":{"line":17,"column":2},"end":{"line":17,"column":20}},"type":"default-arg","locations":[{"start":{"line":17,"column":18},"end":{"line":17,"column":20}}],"line":17},"1":{"loc":{"start":{"line":18,"column":2},"end":{"line":18,"column":14}},"type":"default-arg","locations":[{"start":{"line":18,"column":12},"end":{"line":18,"column":14}}],"line":18},"2":{"loc":{"start":{"line":19,"column":2},"end":{"line":19,"column":18}},"type":"default-arg","locations":[{"start":{"line":19,"column":17},"end":{"line":19,"column":18}}],"line":19},"3":{"loc":{"start":{"line":20,"column":2},"end":{"line":20,"column":20}},"type":"default-arg","locations":[{"start":{"line":20,"column":19},"end":{"line":20,"column":20}}],"line":20},"4":{"loc":{"start":{"line":21,"column":2},"end":{"line":21,"column":20}},"type":"default-arg","locations":[{"start":{"line":21,"column":18},"end":{"line":21,"column":20}}],"line":21},"5":{"loc":{"start":{"line":24,"column":38},"end":{"line":24,"column":54}},"type":"binary-expr","locations":[{"start":{"line":24,"column":38},"end":{"line":24,"column":49}},{"start":{"line":24,"column":53},"end":{"line":24,"column":54}}],"line":24},"6":{"loc":{"start":{"line":25,"column":34},"end":{"line":25,"column":46}},"type":"binary-expr","locations":[{"start":{"line":25,"column":34},"end":{"line":25,"column":41}},{"start":{"line":25,"column":45},"end":{"line":25,"column":46}}],"line":25},"7":{"loc":{"start":{"line":26,"column":36},"end":{"line":26,"column":50}},"type":"binary-expr","locations":[{"start":{"line":26,"column":36},"end":{"line":26,"column":45}},{"start":{"line":26,"column":49},"end":{"line":26,"column":50}}],"line":26},"8":{"loc":{"start":{"line":27,"column":31},"end":{"line":27,"column":40}},"type":"binary-expr","locations":[{"start":{"line":27,"column":31},"end":{"line":27,"column":35}},{"start":{"line":27,"column":39},"end":{"line":27,"column":40}}],"line":27},"9":{"loc":{"start":{"line":44,"column":4},"end":{"line":44,"column":25}},"type":"default-arg","locations":[{"start":{"line":44,"column":22},"end":{"line":44,"column":25}}],"line":44},"10":{"loc":{"start":{"line":45,"column":4},"end":{"line":45,"column":14}},"type":"default-arg","locations":[{"start":{"line":45,"column":11},"end":{"line":45,"column":14}}],"line":45},"11":{"loc":{"start":{"line":46,"column":4},"end":{"line":46,"column":21}},"type":"default-arg","locations":[{"start":{"line":46,"column":18},"end":{"line":46,"column":21}}],"line":46},"12":{"loc":{"start":{"line":47,"column":4},"end":{"line":47,"column":23}},"type":"default-arg","locations":[{"start":{"line":47,"column":19},"end":{"line":47,"column":23}}],"line":47},"13":{"loc":{"start":{"line":48,"column":4},"end":{"line":48,"column":14}},"type":"default-arg","locations":[{"start":{"line":48,"column":10},"end":{"line":48,"column":14}}],"line":48},"14":{"loc":{"start":{"line":49,"column":4},"end":{"line":49,"column":23}},"type":"default-arg","locations":[{"start":{"line":49,"column":20},"end":{"line":49,"column":23}}],"line":49},"15":{"loc":{"start":{"line":50,"column":4},"end":{"line":50,"column":29}},"type":"default-arg","locations":[{"start":{"line":50,"column":25},"end":{"line":50,"column":29}}],"line":50},"16":{"loc":{"start":{"line":51,"column":4},"end":{"line":51,"column":22}},"type":"default-arg","locations":[{"start":{"line":51,"column":19},"end":{"line":51,"column":22}}],"line":51},"17":{"loc":{"start":{"line":55,"column":13},"end":{"line":55,"column":49}},"type":"binary-expr","locations":[{"start":{"line":55,"column":13},"end":{"line":55,"column":22}},{"start":{"line":55,"column":26},"end":{"line":55,"column":44}},{"start":{"line":55,"column":48},"end":{"line":55,"column":49}}],"line":55},"18":{"loc":{"start":{"line":56,"column":13},"end":{"line":56,"column":50}},"type":"binary-expr","locations":[{"start":{"line":56,"column":13},"end":{"line":56,"column":22}},{"start":{"line":56,"column":26},"end":{"line":56,"column":45}},{"start":{"line":56,"column":49},"end":{"line":56,"column":50}}],"line":56},"19":{"loc":{"start":{"line":57,"column":18},"end":{"line":57,"column":38}},"type":"binary-expr","locations":[{"start":{"line":57,"column":18},"end":{"line":57,"column":32}},{"start":{"line":57,"column":36},"end":{"line":57,"column":38}}],"line":57},"20":{"loc":{"start":{"line":58,"column":20},"end":{"line":58,"column":41}},"type":"binary-expr","locations":[{"start":{"line":58,"column":20},"end":{"line":58,"column":36}},{"start":{"line":58,"column":40},"end":{"line":58,"column":41}}],"line":58},"21":{"loc":{"start":{"line":61,"column":31},"end":{"line":61,"column":42}},"type":"binary-expr","locations":[{"start":{"line":61,"column":31},"end":{"line":61,"column":35}},{"start":{"line":61,"column":39},"end":{"line":61,"column":42}}],"line":61},"22":{"loc":{"start":{"line":82,"column":42},"end":{"line":82,"column":62}},"type":"binary-expr","locations":[{"start":{"line":82,"column":42},"end":{"line":82,"column":55}},{"start":{"line":82,"column":59},"end":{"line":82,"column":62}}],"line":82},"23":{"loc":{"start":{"line":93,"column":19},"end":{"line":93,"column":36}},"type":"binary-expr","locations":[{"start":{"line":93,"column":19},"end":{"line":93,"column":26}},{"start":{"line":93,"column":30},"end":{"line":93,"column":36}}],"line":93},"24":{"loc":{"start":{"line":114,"column":17},"end":{"line":114,"column":53}},"type":"binary-expr","locations":[{"start":{"line":114,"column":17},"end":{"line":114,"column":26}},{"start":{"line":114,"column":30},"end":{"line":114,"column":48}},{"start":{"line":114,"column":52},"end":{"line":114,"column":53}}],"line":114},"25":{"loc":{"start":{"line":115,"column":17},"end":{"line":115,"column":54}},"type":"binary-expr","locations":[{"start":{"line":115,"column":17},"end":{"line":115,"column":26}},{"start":{"line":115,"column":30},"end":{"line":115,"column":49}},{"start":{"line":115,"column":53},"end":{"line":115,"column":54}}],"line":115},"26":{"loc":{"start":{"line":120,"column":39},"end":{"line":120,"column":59}},"type":"binary-expr","locations":[{"start":{"line":120,"column":39},"end":{"line":120,"column":53}},{"start":{"line":120,"column":57},"end":{"line":120,"column":59}}],"line":120},"27":{"loc":{"start":{"line":121,"column":40},"end":{"line":121,"column":61}},"type":"binary-expr","locations":[{"start":{"line":121,"column":40},"end":{"line":121,"column":56}},{"start":{"line":121,"column":60},"end":{"line":121,"column":61}}],"line":121},"28":{"loc":{"start":{"line":148,"column":2},"end":{"line":150,"column":3}},"type":"if","locations":[{"start":{"line":148,"column":2},"end":{"line":150,"column":3}},{"start":{},"end":{}}],"line":148},"29":{"loc":{"start":{"line":148,"column":6},"end":{"line":148,"column":74}},"type":"binary-expr","locations":[{"start":{"line":148,"column":6},"end":{"line":148,"column":17}},{"start":{"line":148,"column":21},"end":{"line":148,"column":47}},{"start":{"line":148,"column":51},"end":{"line":148,"column":74}}],"line":148},"30":{"loc":{"start":{"line":160,"column":6},"end":{"line":160,"column":28}},"type":"if","locations":[{"start":{"line":160,"column":6},"end":{"line":160,"column":28}},{"start":{},"end":{}}],"line":160},"31":{"loc":{"start":{"line":163,"column":6},"end":{"line":163,"column":31}},"type":"if","locations":[{"start":{"line":163,"column":6},"end":{"line":163,"column":31}},{"start":{},"end":{}}],"line":163},"32":{"loc":{"start":{"line":163,"column":10},"end":{"line":163,"column":20}},"type":"binary-expr","locations":[{"start":{"line":163,"column":10},"end":{"line":163,"column":13}},{"start":{"line":163,"column":17},"end":{"line":163,"column":20}}],"line":163},"33":{"loc":{"start":{"line":165,"column":20},"end":{"line":165,"column":62}},"type":"cond-expr","locations":[{"start":{"line":165,"column":44},"end":{"line":165,"column":51}},{"start":{"line":165,"column":54},"end":{"line":165,"column":62}}],"line":165},"34":{"loc":{"start":{"line":166,"column":20},"end":{"line":166,"column":62}},"type":"cond-expr","locations":[{"start":{"line":166,"column":44},"end":{"line":166,"column":51}},{"start":{"line":166,"column":54},"end":{"line":166,"column":62}}],"line":166},"35":{"loc":{"start":{"line":167,"column":24},"end":{"line":167,"column":56}},"type":"cond-expr","locations":[{"start":{"line":167,"column":51},"end":{"line":167,"column":52}},{"start":{"line":167,"column":55},"end":{"line":167,"column":56}}],"line":167},"36":{"loc":{"start":{"line":168,"column":24},"end":{"line":168,"column":56}},"type":"cond-expr","locations":[{"start":{"line":168,"column":51},"end":{"line":168,"column":52}},{"start":{"line":168,"column":55},"end":{"line":168,"column":56}}],"line":168},"37":{"loc":{"start":{"line":170,"column":24},"end":{"line":170,"column":110}},"type":"binary-expr","locations":[{"start":{"line":170,"column":25},"end":{"line":170,"column":39}},{"start":{"line":170,"column":43},"end":{"line":170,"column":65}},{"start":{"line":170,"column":71},"end":{"line":170,"column":84}},{"start":{"line":170,"column":88},"end":{"line":170,"column":109}}],"line":170},"38":{"loc":{"start":{"line":172,"column":6},"end":{"line":177,"column":7}},"type":"if","locations":[{"start":{"line":172,"column":6},"end":{"line":177,"column":7}},{"start":{"line":174,"column":13},"end":{"line":177,"column":7}}],"line":172},"39":{"loc":{"start":{"line":175,"column":28},"end":{"line":175,"column":114}},"type":"binary-expr","locations":[{"start":{"line":175,"column":29},"end":{"line":175,"column":43}},{"start":{"line":175,"column":47},"end":{"line":175,"column":69}},{"start":{"line":175,"column":75},"end":{"line":175,"column":88}},{"start":{"line":175,"column":92},"end":{"line":175,"column":113}}],"line":175},"40":{"loc":{"start":{"line":176,"column":8},"end":{"line":176,"column":46}},"type":"if","locations":[{"start":{"line":176,"column":8},"end":{"line":176,"column":46}},{"start":{},"end":{}}],"line":176},"41":{"loc":{"start":{"line":183,"column":4},"end":{"line":186,"column":5}},"type":"if","locations":[{"start":{"line":183,"column":4},"end":{"line":186,"column":5}},{"start":{},"end":{}}],"line":183},"42":{"loc":{"start":{"line":189,"column":2},"end":{"line":191,"column":3}},"type":"if","locations":[{"start":{"line":189,"column":2},"end":{"line":191,"column":3}},{"start":{},"end":{}}],"line":189},"43":{"loc":{"start":{"line":189,"column":6},"end":{"line":189,"column":47}},"type":"binary-expr","locations":[{"start":{"line":189,"column":6},"end":{"line":189,"column":38}},{"start":{"line":189,"column":42},"end":{"line":189,"column":47}}],"line":189},"44":{"loc":{"start":{"line":204,"column":8},"end":{"line":207,"column":9}},"type":"if","locations":[{"start":{"line":204,"column":8},"end":{"line":207,"column":9}},{"start":{},"end":{}}],"line":204},"45":{"loc":{"start":{"line":212,"column":4},"end":{"line":214,"column":5}},"type":"if","locations":[{"start":{"line":212,"column":4},"end":{"line":214,"column":5}},{"start":{},"end":{}}],"line":212},"46":{"loc":{"start":{"line":221,"column":2},"end":{"line":221,"column":68}},"type":"if","locations":[{"start":{"line":221,"column":2},"end":{"line":221,"column":68}},{"start":{},"end":{}}],"line":221},"47":{"loc":{"start":{"line":221,"column":6},"end":{"line":221,"column":59}},"type":"binary-expr","locations":[{"start":{"line":221,"column":6},"end":{"line":221,"column":12}},{"start":{"line":221,"column":16},"end":{"line":221,"column":37}},{"start":{"line":221,"column":41},"end":{"line":221,"column":59}}],"line":221},"48":{"loc":{"start":{"line":226,"column":4},"end":{"line":228,"column":5}},"type":"if","locations":[{"start":{"line":226,"column":4},"end":{"line":228,"column":5}},{"start":{},"end":{}}],"line":226},"49":{"loc":{"start":{"line":226,"column":8},"end":{"line":226,"column":52}},"type":"binary-expr","locations":[{"start":{"line":226,"column":8},"end":{"line":226,"column":18}},{"start":{"line":226,"column":22},"end":{"line":226,"column":52}}],"line":226},"50":{"loc":{"start":{"line":232,"column":43},"end":{"line":232,"column":99}},"type":"binary-expr","locations":[{"start":{"line":232,"column":43},"end":{"line":232,"column":46}},{"start":{"line":232,"column":50},"end":{"line":232,"column":73}},{"start":{"line":232,"column":77},"end":{"line":232,"column":99}}],"line":232},"51":{"loc":{"start":{"line":233,"column":4},"end":{"line":233,"column":40}},"type":"if","locations":[{"start":{"line":233,"column":4},"end":{"line":233,"column":40}},{"start":{},"end":{}}],"line":233},"52":{"loc":{"start":{"line":240,"column":4},"end":{"line":240,"column":30}},"type":"if","locations":[{"start":{"line":240,"column":4},"end":{"line":240,"column":30}},{"start":{},"end":{}}],"line":240},"53":{"loc":{"start":{"line":267,"column":33},"end":{"line":267,"column":51}},"type":"binary-expr","locations":[{"start":{"line":267,"column":33},"end":{"line":267,"column":44}},{"start":{"line":267,"column":48},"end":{"line":267,"column":51}}],"line":267},"54":{"loc":{"start":{"line":292,"column":8},"end":{"line":292,"column":64}},"type":"cond-expr","locations":[{"start":{"line":292,"column":33},"end":{"line":292,"column":56}},{"start":{"line":292,"column":59},"end":{"line":292,"column":64}}],"line":292},"55":{"loc":{"start":{"line":294,"column":8},"end":{"line":294,"column":72}},"type":"cond-expr","locations":[{"start":{"line":294,"column":37},"end":{"line":294,"column":64}},{"start":{"line":294,"column":67},"end":{"line":294,"column":72}}],"line":294},"56":{"loc":{"start":{"line":295,"column":11},"end":{"line":295,"column":87}},"type":"cond-expr","locations":[{"start":{"line":295,"column":46},"end":{"line":295,"column":79}},{"start":{"line":295,"column":82},"end":{"line":295,"column":87}}],"line":295},"57":{"loc":{"start":{"line":301,"column":2},"end":{"line":309,"column":3}},"type":"if","locations":[{"start":{"line":301,"column":2},"end":{"line":309,"column":3}},{"start":{},"end":{}}],"line":301},"58":{"loc":{"start":{"line":304,"column":20},"end":{"line":304,"column":49}},"type":"binary-expr","locations":[{"start":{"line":304,"column":20},"end":{"line":304,"column":41}},{"start":{"line":304,"column":45},"end":{"line":304,"column":49}}],"line":304},"59":{"loc":{"start":{"line":323,"column":42},"end":{"line":323,"column":54}},"type":"default-arg","locations":[{"start":{"line":323,"column":52},"end":{"line":323,"column":54}}],"line":323},"60":{"loc":{"start":{"line":324,"column":10},"end":{"line":324,"column":29}},"type":"default-arg","locations":[{"start":{"line":324,"column":27},"end":{"line":324,"column":29}}],"line":324},"61":{"loc":{"start":{"line":324,"column":31},"end":{"line":324,"column":47}},"type":"default-arg","locations":[{"start":{"line":324,"column":45},"end":{"line":324,"column":47}}],"line":324},"62":{"loc":{"start":{"line":324,"column":49},"end":{"line":324,"column":67}},"type":"default-arg","locations":[{"start":{"line":324,"column":64},"end":{"line":324,"column":67}}],"line":324},"63":{"loc":{"start":{"line":324,"column":69},"end":{"line":324,"column":88}},"type":"default-arg","locations":[{"start":{"line":324,"column":85},"end":{"line":324,"column":88}}],"line":324},"64":{"loc":{"start":{"line":326,"column":2},"end":{"line":328,"column":3}},"type":"if","locations":[{"start":{"line":326,"column":2},"end":{"line":328,"column":3}},{"start":{},"end":{}}],"line":326},"65":{"loc":{"start":{"line":340,"column":35},"end":{"line":340,"column":53}},"type":"binary-expr","locations":[{"start":{"line":340,"column":35},"end":{"line":340,"column":46}},{"start":{"line":340,"column":50},"end":{"line":340,"column":53}}],"line":340},"66":{"loc":{"start":{"line":353,"column":21},"end":{"line":353,"column":57}},"type":"cond-expr","locations":[{"start":{"line":353,"column":50},"end":{"line":353,"column":53}},{"start":{"line":353,"column":56},"end":{"line":353,"column":57}}],"line":353},"67":{"loc":{"start":{"line":366,"column":8},"end":{"line":367,"column":19}},"type":"if","locations":[{"start":{"line":366,"column":8},"end":{"line":367,"column":19}},{"start":{"line":367,"column":13},"end":{"line":367,"column":19}}],"line":366},"68":{"loc":{"start":{"line":369,"column":6},"end":{"line":369,"column":56}},"type":"if","locations":[{"start":{"line":369,"column":6},"end":{"line":369,"column":56}},{"start":{},"end":{}}],"line":369},"69":{"loc":{"start":{"line":373,"column":4},"end":{"line":378,"column":5}},"type":"if","locations":[{"start":{"line":373,"column":4},"end":{"line":378,"column":5}},{"start":{},"end":{}}],"line":373},"70":{"loc":{"start":{"line":374,"column":68},"end":{"line":374,"column":103}},"type":"cond-expr","locations":[{"start":{"line":374,"column":92},"end":{"line":374,"column":96}},{"start":{"line":374,"column":99},"end":{"line":374,"column":103}}],"line":374},"71":{"loc":{"start":{"line":375,"column":6},"end":{"line":377,"column":7}},"type":"if","locations":[{"start":{"line":375,"column":6},"end":{"line":377,"column":7}},{"start":{},"end":{}}],"line":375},"72":{"loc":{"start":{"line":375,"column":10},"end":{"line":375,"column":64}},"type":"binary-expr","locations":[{"start":{"line":375,"column":10},"end":{"line":375,"column":23}},{"start":{"line":375,"column":27},"end":{"line":375,"column":64}}],"line":375},"73":{"loc":{"start":{"line":380,"column":4},"end":{"line":397,"column":5}},"type":"if","locations":[{"start":{"line":380,"column":4},"end":{"line":397,"column":5}},{"start":{},"end":{}}],"line":380},"74":{"loc":{"start":{"line":380,"column":8},"end":{"line":380,"column":57}},"type":"binary-expr","locations":[{"start":{"line":380,"column":8},"end":{"line":380,"column":29}},{"start":{"line":380,"column":33},"end":{"line":380,"column":57}}],"line":380},"75":{"loc":{"start":{"line":383,"column":22},"end":{"line":383,"column":64}},"type":"binary-expr","locations":[{"start":{"line":383,"column":22},"end":{"line":383,"column":36}},{"start":{"line":383,"column":40},"end":{"line":383,"column":64}}],"line":383},"76":{"loc":{"start":{"line":388,"column":8},"end":{"line":388,"column":46}},"type":"if","locations":[{"start":{"line":388,"column":8},"end":{"line":388,"column":46}},{"start":{},"end":{}}],"line":388},"77":{"loc":{"start":{"line":391,"column":20},"end":{"line":391,"column":96}},"type":"cond-expr","locations":[{"start":{"line":391,"column":52},"end":{"line":391,"column":79}},{"start":{"line":391,"column":82},"end":{"line":391,"column":96}}],"line":391},"78":{"loc":{"start":{"line":392,"column":8},"end":{"line":392,"column":64}},"type":"if","locations":[{"start":{"line":392,"column":8},"end":{"line":392,"column":64}},{"start":{},"end":{}}],"line":392},"79":{"loc":{"start":{"line":403,"column":18},"end":{"line":403,"column":103}},"type":"binary-expr","locations":[{"start":{"line":403,"column":18},"end":{"line":403,"column":30}},{"start":{"line":403,"column":35},"end":{"line":403,"column":102}}],"line":403},"80":{"loc":{"start":{"line":403,"column":35},"end":{"line":403,"column":102}},"type":"cond-expr","locations":[{"start":{"line":403,"column":66},"end":{"line":403,"column":86}},{"start":{"line":403,"column":89},"end":{"line":403,"column":102}}],"line":403}},"s":{"0":0,"1":0,"2":0,"3":0,"4":0,"5":0,"6":0,"7":0,"8":0,"9":0,"10":0,"11":0,"12":0,"13":0,"14":0,"15":0,"16":0,"17":0,"18":0,"19":0,"20":0,"21":0,"22":0,"23":0,"24":0,"25":0,"26":0,"27":0,"28":0,"29":0,"30":0,"31":0,"32":0,"33":0,"34":0,"35":0,"36":0,"37":0,"38":0,"39":0,"40":0,"41":0,"42":0,"43":0,"44":0,"45":0,"46":0,"47":0,"48":0,"49":0,"50":0,"51":0,"52":0,"53":0,"54":0,"55":0,"56":0,"57":0,"58":0,"59":0,"60":0,"61":0,"62":0,"63":0,"64":0,"65":0,"66":0,"67":0,"68":0,"69":0,"70":0,"71":0,"72":0,"73":0,"74":0,"75":0,"76":0,"77":0,"78":0,"79":0,"80":0,"81":0,"82":0,"83":0,"84":0,"85":0,"86":0,"87":0,"88":0,"89":0,"90":0,"91":0,"92":0,"93":0,"94":0,"95":0,"96":0,"97":0,"98":0,"99":0,"100":0,"101":0,"102":0,"103":0,"104":0,"105":0,"106":0,"107":0,"108":0,"109":0,"110":0,"111":0,"112":0,"113":0,"114":0,"115":0,"116":0,"117":0,"118":0,"119":0,"120":0,"121":0,"122":0,"123":0,"124":0,"125":0,"126":0,"127":0,"128":0,"129":0,"130":0,"131":0,"132":0,"133":0,"134":0,"135":0,"136":0,"137":0,"138":0,"139":0,"140":0,"141":0,"142":0,"143":0,"144":0,"145":0,"146":0,"147":0,"148":0,"149":0,"150":0,"151":0,"152":0,"153":0,"154":0,"155":0,"156":0,"157":0,"158":0,"159":0,"160":0,"161":0,"162":0,"163":0,"164":0,"165":0,"166":0,"167":0,"168":0,"169":0,"170":0,"171":0,"172":0,"173":0,"174":0,"175":0,"176":0,"177":0,"178":0,"179":0,"180":0,"181":0,"182":0,"183":0,"184":0,"185":0,"186":0,"187":0,"188":0,"189":0,"190":0,"191":0,"192":0,"193":0,"194":0,"195":0,"196":0,"197":0,"198":0,"199":0,"200":0,"201":0},"f":{"0":0,"1":0,"2":0,"3":0,"4":0,"5":0,"6":0,"7":0,"8":0,"9":0,"10":0,"11":0,"12":0,"13":0,"14":0,"15":0,"16":0,"17":0,"18":0,"19":0,"20":0,"21":0,"22":0},"b":{"0":[0],"1":[0],"2":[0],"3":[0],"4":[0],"5":[0,0],"6":[0,0],"7":[0,0],"8":[0,0],"9":[0],"10":[0],"11":[0],"12":[0],"13":[0],"14":[0],"15":[0],"16":[0],"17":[0,0,0],"18":[0,0,0],"19":[0,0],"20":[0,0],"21":[0,0],"22":[0,0],"23":[0,0],"24":[0,0,0],"25":[0,0,0],"26":[0,0],"27":[0,0],"28":[0,0],"29":[0,0,0],"30":[0,0],"31":[0,0],"32":[0,0],"33":[0,0],"34":[0,0],"35":[0,0],"36":[0,0],"37":[0,0,0,0],"38":[0,0],"39":[0,0,0,0],"40":[0,0],"41":[0,0],"42":[0,0],"43":[0,0],"44":[0,0],"45":[0,0],"46":[0,0],"47":[0,0,0],"48":[0,0],"49":[0,0],"50":[0,0,0],"51":[0,0],"52":[0,0],"53":[0,0],"54":[0,0],"55":[0,0],"56":[0,0],"57":[0,0],"58":[0,0],"59":[0],"60":[0],"61":[0],"62":[0],"63":[0],"64":[0,0],"65":[0,0],"66":[0,0],"67":[0,0],"68":[0,0],"69":[0,0],"70":[0,0],"71":[0,0],"72":[0,0],"73":[0,0],"74":[0,0],"75":[0,0],"76":[0,0],"77":[0,0],"78":[0,0],"79":[0,0],"80":[0,0]}}
,"C:\\grounding-calculator\\src\\engine\\autodesign\\AutoDesignEngine.js": {"path":"C:\\grounding-calculator\\src\\engine\\autodesign\\AutoDesignEngine.js","statementMap":{"0":{"start":{"line":10,"column":4},"end":{"line":14,"column":7}},"1":{"start":{"line":16,"column":4},"end":{"line":19,"column":7}},"2":{"start":{"line":21,"column":4},"end":{"line":28,"column":6}},"3":{"start":{"line":35,"column":22},"end":{"line":35,"column":39}},"4":{"start":{"line":37,"column":4},"end":{"line":37,"column":55}},"5":{"start":{"line":38,"column":4},"end":{"line":38,"column":32}},"6":{"start":{"line":41,"column":4},"end":{"line":41,"column":32}},"7":{"start":{"line":44,"column":22},"end":{"line":49,"column":5}},"8":{"start":{"line":52,"column":19},"end":{"line":52,"column":45}},"9":{"start":{"line":55,"column":4},"end":{"line":57,"column":5}},"10":{"start":{"line":56,"column":6},"end":{"line":56,"column":60}},"11":{"start":{"line":60,"column":19},"end":{"line":60,"column":54}},"12":{"start":{"line":62,"column":20},"end":{"line":62,"column":37}},"13":{"start":{"line":64,"column":4},"end":{"line":64,"column":86}},"14":{"start":{"line":65,"column":4},"end":{"line":65,"column":47}},"15":{"start":{"line":66,"column":4},"end":{"line":66,"column":111}},"16":{"start":{"line":67,"column":4},"end":{"line":67,"column":101}},"17":{"start":{"line":68,"column":4},"end":{"line":68,"column":103}},"18":{"start":{"line":69,"column":4},"end":{"line":69,"column":88}},"19":{"start":{"line":71,"column":4},"end":{"line":80,"column":6}},"20":{"start":{"line":75,"column":21},"end":{"line":75,"column":45}},"21":{"start":{"line":77,"column":18},"end":{"line":77,"column":26}},"22":{"start":{"line":87,"column":4},"end":{"line":87,"column":67}},"23":{"start":{"line":87,"column":22},"end":{"line":87,"column":67}},"24":{"start":{"line":88,"column":4},"end":{"line":88,"column":67}},"25":{"start":{"line":88,"column":22},"end":{"line":88,"column":67}},"26":{"start":{"line":89,"column":4},"end":{"line":89,"column":69}},"27":{"start":{"line":89,"column":23},"end":{"line":89,"column":69}},"28":{"start":{"line":92,"column":4},"end":{"line":92,"column":70}},"29":{"start":{"line":92,"column":29},"end":{"line":92,"column":70}},"30":{"start":{"line":93,"column":4},"end":{"line":93,"column":68}},"31":{"start":{"line":93,"column":28},"end":{"line":93,"column":68}},"32":{"start":{"line":94,"column":4},"end":{"line":94,"column":71}},"33":{"start":{"line":94,"column":28},"end":{"line":94,"column":71}},"34":{"start":{"line":96,"column":4},"end":{"line":96,"column":64}},"35":{"start":{"line":96,"column":34},"end":{"line":96,"column":64}},"36":{"start":{"line":97,"column":4},"end":{"line":97,"column":59}},"37":{"start":{"line":97,"column":31},"end":{"line":97,"column":59}},"38":{"start":{"line":99,"column":4},"end":{"line":99,"column":59}},"39":{"start":{"line":99,"column":31},"end":{"line":99,"column":59}},"40":{"start":{"line":100,"column":4},"end":{"line":100,"column":61}},"41":{"start":{"line":100,"column":32},"end":{"line":100,"column":61}},"42":{"start":{"line":101,"column":4},"end":{"line":101,"column":73}},"43":{"start":{"line":101,"column":38},"end":{"line":101,"column":73}},"44":{"start":{"line":103,"column":4},"end":{"line":103,"column":58}},"45":{"start":{"line":103,"column":30},"end":{"line":103,"column":58}},"46":{"start":{"line":110,"column":19},"end":{"line":110,"column":38}},"47":{"start":{"line":111,"column":17},"end":{"line":111,"column":41}},"48":{"start":{"line":113,"column":4},"end":{"line":159,"column":6}},"49":{"start":{"line":166,"column":4},"end":{"line":169,"column":43}},"50":{"start":{"line":173,"column":4},"end":{"line":173,"column":26}},"51":{"start":{"line":173,"column":17},"end":{"line":173,"column":26}},"52":{"start":{"line":174,"column":23},"end":{"line":174,"column":46}},"53":{"start":{"line":175,"column":22},"end":{"line":175,"column":44}},"54":{"start":{"line":176,"column":25},"end":{"line":176,"column":49}},"55":{"start":{"line":177,"column":25},"end":{"line":177,"column":49}},"56":{"start":{"line":179,"column":19},"end":{"line":180,"column":55}},"57":{"start":{"line":181,"column":17},"end":{"line":181,"column":63}},"58":{"start":{"line":182,"column":4},"end":{"line":182,"column":25}},"59":{"start":{"line":186,"column":4},"end":{"line":186,"column":26}},"60":{"start":{"line":186,"column":17},"end":{"line":186,"column":26}},"61":{"start":{"line":187,"column":20},"end":{"line":187,"column":39}},"62":{"start":{"line":188,"column":22},"end":{"line":188,"column":43}},"63":{"start":{"line":189,"column":4},"end":{"line":189,"column":50}},"64":{"start":{"line":193,"column":4},"end":{"line":193,"column":26}},"65":{"start":{"line":193,"column":17},"end":{"line":193,"column":26}},"66":{"start":{"line":194,"column":23},"end":{"line":194,"column":46}},"67":{"start":{"line":195,"column":22},"end":{"line":195,"column":44}},"68":{"start":{"line":196,"column":22},"end":{"line":196,"column":45}},"69":{"start":{"line":197,"column":17},"end":{"line":197,"column":39}},"70":{"start":{"line":198,"column":4},"end":{"line":198,"column":33}},"71":{"start":{"line":202,"column":4},"end":{"line":202,"column":26}},"72":{"start":{"line":202,"column":17},"end":{"line":202,"column":26}},"73":{"start":{"line":203,"column":23},"end":{"line":203,"column":46}},"74":{"start":{"line":204,"column":22},"end":{"line":204,"column":44}},"75":{"start":{"line":205,"column":25},"end":{"line":205,"column":51}},"76":{"start":{"line":206,"column":17},"end":{"line":206,"column":39}},"77":{"start":{"line":207,"column":4},"end":{"line":207,"column":36}}},"fnMap":{"0":{"name":"(anonymous_0)","decl":{"start":{"line":9,"column":2},"end":{"line":9,"column":3}},"loc":{"start":{"line":9,"column":28},"end":{"line":29,"column":3}},"line":9},"1":{"name":"(anonymous_1)","decl":{"start":{"line":34,"column":2},"end":{"line":34,"column":3}},"loc":{"start":{"line":34,"column":23},"end":{"line":81,"column":3}},"line":34},"2":{"name":"(anonymous_2)","decl":{"start":{"line":75,"column":16},"end":{"line":75,"column":17}},"loc":{"start":{"line":75,"column":21},"end":{"line":75,"column":45}},"line":75},"3":{"name":"(anonymous_3)","decl":{"start":{"line":77,"column":13},"end":{"line":77,"column":14}},"loc":{"start":{"line":77,"column":18},"end":{"line":77,"column":26}},"line":77},"4":{"name":"(anonymous_4)","decl":{"start":{"line":86,"column":2},"end":{"line":86,"column":3}},"loc":{"start":{"line":86,"column":25},"end":{"line":104,"column":3}},"line":86},"5":{"name":"(anonymous_5)","decl":{"start":{"line":109,"column":2},"end":{"line":109,"column":3}},"loc":{"start":{"line":109,"column":33},"end":{"line":160,"column":3}},"line":109},"6":{"name":"(anonymous_6)","decl":{"start":{"line":165,"column":2},"end":{"line":165,"column":3}},"loc":{"start":{"line":165,"column":22},"end":{"line":170,"column":3}},"line":165},"7":{"name":"(anonymous_7)","decl":{"start":{"line":172,"column":2},"end":{"line":172,"column":3}},"loc":{"start":{"line":172,"column":31},"end":{"line":183,"column":3}},"line":172},"8":{"name":"(anonymous_8)","decl":{"start":{"line":185,"column":2},"end":{"line":185,"column":3}},"loc":{"start":{"line":185,"column":25},"end":{"line":190,"column":3}},"line":185},"9":{"name":"(anonymous_9)","decl":{"start":{"line":192,"column":2},"end":{"line":192,"column":3}},"loc":{"start":{"line":192,"column":32},"end":{"line":199,"column":3}},"line":192},"10":{"name":"(anonymous_10)","decl":{"start":{"line":201,"column":2},"end":{"line":201,"column":3}},"loc":{"start":{"line":201,"column":29},"end":{"line":208,"column":3}},"line":201}},"branchMap":{"0":{"loc":{"start":{"line":9,"column":14},"end":{"line":9,"column":26}},"type":"default-arg","locations":[{"start":{"line":9,"column":24},"end":{"line":9,"column":26}}],"line":9},"1":{"loc":{"start":{"line":11,"column":15},"end":{"line":11,"column":39}},"type":"binary-expr","locations":[{"start":{"line":11,"column":15},"end":{"line":11,"column":30}},{"start":{"line":11,"column":34},"end":{"line":11,"column":39}}],"line":11},"2":{"loc":{"start":{"line":12,"column":18},"end":{"line":12,"column":44}},"type":"binary-expr","locations":[{"start":{"line":12,"column":18},"end":{"line":12,"column":36}},{"start":{"line":12,"column":40},"end":{"line":12,"column":44}}],"line":12},"3":{"loc":{"start":{"line":13,"column":17},"end":{"line":13,"column":42}},"type":"binary-expr","locations":[{"start":{"line":13,"column":17},"end":{"line":13,"column":34}},{"start":{"line":13,"column":38},"end":{"line":13,"column":42}}],"line":13},"4":{"loc":{"start":{"line":17,"column":17},"end":{"line":17,"column":66}},"type":"binary-expr","locations":[{"start":{"line":17,"column":17},"end":{"line":17,"column":34}},{"start":{"line":17,"column":38},"end":{"line":17,"column":66}}],"line":17},"5":{"loc":{"start":{"line":18,"column":15},"end":{"line":18,"column":39}},"type":"binary-expr","locations":[{"start":{"line":18,"column":15},"end":{"line":18,"column":30}},{"start":{"line":18,"column":34},"end":{"line":18,"column":39}}],"line":18},"6":{"loc":{"start":{"line":22,"column":22},"end":{"line":22,"column":50}},"type":"binary-expr","locations":[{"start":{"line":22,"column":22},"end":{"line":22,"column":44}},{"start":{"line":22,"column":48},"end":{"line":22,"column":50}}],"line":22},"7":{"loc":{"start":{"line":23,"column":19},"end":{"line":23,"column":44}},"type":"binary-expr","locations":[{"start":{"line":23,"column":19},"end":{"line":23,"column":38}},{"start":{"line":23,"column":42},"end":{"line":23,"column":44}}],"line":23},"8":{"loc":{"start":{"line":24,"column":21},"end":{"line":24,"column":49}},"type":"binary-expr","locations":[{"start":{"line":24,"column":21},"end":{"line":24,"column":42}},{"start":{"line":24,"column":46},"end":{"line":24,"column":49}}],"line":24},"9":{"loc":{"start":{"line":25,"column":20},"end":{"line":25,"column":47}},"type":"binary-expr","locations":[{"start":{"line":25,"column":20},"end":{"line":25,"column":40}},{"start":{"line":25,"column":44},"end":{"line":25,"column":47}}],"line":25},"10":{"loc":{"start":{"line":26,"column":15},"end":{"line":26,"column":77}},"type":"binary-expr","locations":[{"start":{"line":26,"column":15},"end":{"line":26,"column":30}},{"start":{"line":26,"column":34},"end":{"line":26,"column":77}}],"line":26},"11":{"loc":{"start":{"line":27,"column":15},"end":{"line":27,"column":39}},"type":"binary-expr","locations":[{"start":{"line":27,"column":15},"end":{"line":27,"column":30}},{"start":{"line":27,"column":34},"end":{"line":27,"column":39}}],"line":27},"12":{"loc":{"start":{"line":55,"column":4},"end":{"line":57,"column":5}},"type":"if","locations":[{"start":{"line":55,"column":4},"end":{"line":57,"column":5}},{"start":{},"end":{}}],"line":55},"13":{"loc":{"start":{"line":69,"column":39},"end":{"line":69,"column":84}},"type":"cond-expr","locations":[{"start":{"line":69,"column":66},"end":{"line":69,"column":69}},{"start":{"line":69,"column":72},"end":{"line":69,"column":84}}],"line":69},"14":{"loc":{"start":{"line":87,"column":4},"end":{"line":87,"column":67}},"type":"if","locations":[{"start":{"line":87,"column":4},"end":{"line":87,"column":67}},{"start":{},"end":{}}],"line":87},"15":{"loc":{"start":{"line":88,"column":4},"end":{"line":88,"column":67}},"type":"if","locations":[{"start":{"line":88,"column":4},"end":{"line":88,"column":67}},{"start":{},"end":{}}],"line":88},"16":{"loc":{"start":{"line":89,"column":4},"end":{"line":89,"column":69}},"type":"if","locations":[{"start":{"line":89,"column":4},"end":{"line":89,"column":69}},{"start":{},"end":{}}],"line":89},"17":{"loc":{"start":{"line":92,"column":4},"end":{"line":92,"column":70}},"type":"if","locations":[{"start":{"line":92,"column":4},"end":{"line":92,"column":70}},{"start":{},"end":{}}],"line":92},"18":{"loc":{"start":{"line":93,"column":4},"end":{"line":93,"column":68}},"type":"if","locations":[{"start":{"line":93,"column":4},"end":{"line":93,"column":68}},{"start":{},"end":{}}],"line":93},"19":{"loc":{"start":{"line":94,"column":4},"end":{"line":94,"column":71}},"type":"if","locations":[{"start":{"line":94,"column":4},"end":{"line":94,"column":71}},{"start":{},"end":{}}],"line":94},"20":{"loc":{"start":{"line":96,"column":4},"end":{"line":96,"column":64}},"type":"if","locations":[{"start":{"line":96,"column":4},"end":{"line":96,"column":64}},{"start":{},"end":{}}],"line":96},"21":{"loc":{"start":{"line":97,"column":4},"end":{"line":97,"column":59}},"type":"if","locations":[{"start":{"line":97,"column":4},"end":{"line":97,"column":59}},{"start":{},"end":{}}],"line":97},"22":{"loc":{"start":{"line":99,"column":4},"end":{"line":99,"column":59}},"type":"if","locations":[{"start":{"line":99,"column":4},"end":{"line":99,"column":59}},{"start":{},"end":{}}],"line":99},"23":{"loc":{"start":{"line":100,"column":4},"end":{"line":100,"column":61}},"type":"if","locations":[{"start":{"line":100,"column":4},"end":{"line":100,"column":61}},{"start":{},"end":{}}],"line":100},"24":{"loc":{"start":{"line":101,"column":4},"end":{"line":101,"column":73}},"type":"if","locations":[{"start":{"line":101,"column":4},"end":{"line":101,"column":73}},{"start":{},"end":{}}],"line":101},"25":{"loc":{"start":{"line":103,"column":4},"end":{"line":103,"column":58}},"type":"if","locations":[{"start":{"line":103,"column":4},"end":{"line":103,"column":58}},{"start":{},"end":{}}],"line":103},"26":{"loc":{"start":{"line":173,"column":4},"end":{"line":173,"column":26}},"type":"if","locations":[{"start":{"line":173,"column":4},"end":{"line":173,"column":26}},{"start":{},"end":{}}],"line":173},"27":{"loc":{"start":{"line":174,"column":23},"end":{"line":174,"column":46}},"type":"binary-expr","locations":[{"start":{"line":174,"column":23},"end":{"line":174,"column":40}},{"start":{"line":174,"column":44},"end":{"line":174,"column":46}}],"line":174},"28":{"loc":{"start":{"line":175,"column":22},"end":{"line":175,"column":44}},"type":"binary-expr","locations":[{"start":{"line":175,"column":22},"end":{"line":175,"column":38}},{"start":{"line":175,"column":42},"end":{"line":175,"column":44}}],"line":175},"29":{"loc":{"start":{"line":176,"column":25},"end":{"line":176,"column":49}},"type":"binary-expr","locations":[{"start":{"line":176,"column":25},"end":{"line":176,"column":44}},{"start":{"line":176,"column":48},"end":{"line":176,"column":49}}],"line":176},"30":{"loc":{"start":{"line":177,"column":25},"end":{"line":177,"column":49}},"type":"binary-expr","locations":[{"start":{"line":177,"column":25},"end":{"line":177,"column":44}},{"start":{"line":177,"column":48},"end":{"line":177,"column":49}}],"line":177},"31":{"loc":{"start":{"line":181,"column":17},"end":{"line":181,"column":63}},"type":"cond-expr","locations":[{"start":{"line":181,"column":57},"end":{"line":181,"column":59}},{"start":{"line":181,"column":62},"end":{"line":181,"column":63}}],"line":181},"32":{"loc":{"start":{"line":186,"column":4},"end":{"line":186,"column":26}},"type":"if","locations":[{"start":{"line":186,"column":4},"end":{"line":186,"column":26}},{"start":{},"end":{}}],"line":186},"33":{"loc":{"start":{"line":187,"column":20},"end":{"line":187,"column":39}},"type":"binary-expr","locations":[{"start":{"line":187,"column":20},"end":{"line":187,"column":34}},{"start":{"line":187,"column":38},"end":{"line":187,"column":39}}],"line":187},"34":{"loc":{"start":{"line":188,"column":22},"end":{"line":188,"column":43}},"type":"binary-expr","locations":[{"start":{"line":188,"column":22},"end":{"line":188,"column":38}},{"start":{"line":188,"column":42},"end":{"line":188,"column":43}}],"line":188},"35":{"loc":{"start":{"line":193,"column":4},"end":{"line":193,"column":26}},"type":"if","locations":[{"start":{"line":193,"column":4},"end":{"line":193,"column":26}},{"start":{},"end":{}}],"line":193},"36":{"loc":{"start":{"line":194,"column":23},"end":{"line":194,"column":46}},"type":"binary-expr","locations":[{"start":{"line":194,"column":23},"end":{"line":194,"column":40}},{"start":{"line":194,"column":44},"end":{"line":194,"column":46}}],"line":194},"37":{"loc":{"start":{"line":195,"column":22},"end":{"line":195,"column":44}},"type":"binary-expr","locations":[{"start":{"line":195,"column":22},"end":{"line":195,"column":38}},{"start":{"line":195,"column":42},"end":{"line":195,"column":44}}],"line":195},"38":{"loc":{"start":{"line":196,"column":22},"end":{"line":196,"column":45}},"type":"binary-expr","locations":[{"start":{"line":196,"column":22},"end":{"line":196,"column":38}},{"start":{"line":196,"column":42},"end":{"line":196,"column":45}}],"line":196},"39":{"loc":{"start":{"line":202,"column":4},"end":{"line":202,"column":26}},"type":"if","locations":[{"start":{"line":202,"column":4},"end":{"line":202,"column":26}},{"start":{},"end":{}}],"line":202},"40":{"loc":{"start":{"line":203,"column":23},"end":{"line":203,"column":46}},"type":"binary-expr","locations":[{"start":{"line":203,"column":23},"end":{"line":203,"column":40}},{"start":{"line":203,"column":44},"end":{"line":203,"column":46}}],"line":203},"41":{"loc":{"start":{"line":204,"column":22},"end":{"line":204,"column":44}},"type":"binary-expr","locations":[{"start":{"line":204,"column":22},"end":{"line":204,"column":38}},{"start":{"line":204,"column":42},"end":{"line":204,"column":44}}],"line":204},"42":{"loc":{"start":{"line":205,"column":25},"end":{"line":205,"column":51}},"type":"binary-expr","locations":[{"start":{"line":205,"column":25},"end":{"line":205,"column":44}},{"start":{"line":205,"column":48},"end":{"line":205,"column":51}}],"line":205}},"s":{"0":0,"1":0,"2":0,"3":0,"4":0,"5":0,"6":0,"7":0,"8":0,"9":0,"10":0,"11":0,"12":0,"13":0,"14":0,"15":0,"16":0,"17":0,"18":0,"19":0,"20":0,"21":0,"22":0,"23":0,"24":0,"25":0,"26":0,"27":0,"28":0,"29":0,"30":0,"31":0,"32":0,"33":0,"34":0,"35":0,"36":0,"37":0,"38":0,"39":0,"40":0,"41":0,"42":0,"43":0,"44":0,"45":0,"46":0,"47":0,"48":0,"49":0,"50":0,"51":0,"52":0,"53":0,"54":0,"55":0,"56":0,"57":0,"58":0,"59":0,"60":0,"61":0,"62":0,"63":0,"64":0,"65":0,"66":0,"67":0,"68":0,"69":0,"70":0,"71":0,"72":0,"73":0,"74":0,"75":0,"76":0,"77":0},"f":{"0":0,"1":0,"2":0,"3":0,"4":0,"5":0,"6":0,"7":0,"8":0,"9":0,"10":0},"b":{"0":[0],"1":[0,0],"2":[0,0],"3":[0,0],"4":[0,0],"5":[0,0],"6":[0,0],"7":[0,0],"8":[0,0],"9":[0,0],"10":[0,0],"11":[0,0],"12":[0,0],"13":[0,0],"14":[0,0],"15":[0,0],"16":[0,0],"17":[0,0],"18":[0,0],"19":[0,0],"20":[0,0],"21":[0,0],"22":[0,0],"23":[0,0],"24":[0,0],"25":[0,0],"26":[0,0],"27":[0,0],"28":[0,0],"29":[0,0],"30":[0,0],"31":[0,0],"32":[0,0],"33":[0,0],"34":[0,0],"35":[0,0],"36":[0,0],"37":[0,0],"38":[0,0],"39":[0,0],"40":[0,0],"41":[0,0],"42":[0,0]}}
,"C:\\grounding-calculator\\src\\engine\\autodesign\\generators\\CandidateGenerator.js": {"path":"C:\\grounding-calculator\\src\\engine\\autodesign\\generators\\CandidateGenerator.js","statementMap":{"0":{"start":{"line":6,"column":4},"end":{"line":6,"column":25}},"1":{"start":{"line":7,"column":4},"end":{"line":7,"column":55}},"2":{"start":{"line":8,"column":4},"end":{"line":8,"column":57}},"3":{"start":{"line":15,"column":23},"end":{"line":15,"column":25}},"4":{"start":{"line":17,"column":4},"end":{"line":20,"column":5}},"5":{"start":{"line":17,"column":17},"end":{"line":17,"column":18}},"6":{"start":{"line":18,"column":24},"end":{"line":18,"column":54}},"7":{"start":{"line":19,"column":6},"end":{"line":19,"column":33}},"8":{"start":{"line":23,"column":4},"end":{"line":26,"column":5}},"9":{"start":{"line":24,"column":31},"end":{"line":24,"column":62}},"10":{"start":{"line":25,"column":6},"end":{"line":25,"column":43}},"11":{"start":{"line":28,"column":4},"end":{"line":28,"column":22}},"12":{"start":{"line":35,"column":34},"end":{"line":35,"column":45}},"13":{"start":{"line":37,"column":4},"end":{"line":65,"column":6}},"14":{"start":{"line":72,"column":20},"end":{"line":72,"column":22}},"15":{"start":{"line":73,"column":28},"end":{"line":73,"column":39}},"16":{"start":{"line":76,"column":4},"end":{"line":84,"column":7}},"17":{"start":{"line":87,"column":4},"end":{"line":95,"column":7}},"18":{"start":{"line":98,"column":4},"end":{"line":106,"column":7}},"19":{"start":{"line":108,"column":4},"end":{"line":108,"column":19}},"20":{"start":{"line":115,"column":20},"end":{"line":115,"column":81}},"21":{"start":{"line":117,"column":4},"end":{"line":121,"column":5}},"22":{"start":{"line":118,"column":6},"end":{"line":120,"column":8}},"23":{"start":{"line":123,"column":4},"end":{"line":127,"column":5}},"24":{"start":{"line":124,"column":6},"end":{"line":126,"column":8}},"25":{"start":{"line":129,"column":4},"end":{"line":131,"column":5}},"26":{"start":{"line":130,"column":6},"end":{"line":130,"column":79}},"27":{"start":{"line":133,"column":4},"end":{"line":135,"column":5}},"28":{"start":{"line":134,"column":6},"end":{"line":134,"column":72}},"29":{"start":{"line":137,"column":4},"end":{"line":139,"column":5}},"30":{"start":{"line":138,"column":6},"end":{"line":138,"column":74}},"31":{"start":{"line":141,"column":4},"end":{"line":145,"column":6}},"32":{"start":{"line":147,"column":4},"end":{"line":147,"column":19}},"33":{"start":{"line":154,"column":18},"end":{"line":178,"column":5}},"34":{"start":{"line":180,"column":4},"end":{"line":180,"column":17}},"35":{"start":{"line":187,"column":4},"end":{"line":187,"column":45}},"36":{"start":{"line":194,"column":4},"end":{"line":194,"column":59}},"37":{"start":{"line":201,"column":18},"end":{"line":201,"column":59}},"38":{"start":{"line":202,"column":19},"end":{"line":202,"column":32}},"39":{"start":{"line":203,"column":4},"end":{"line":203,"column":54}},"40":{"start":{"line":204,"column":4},"end":{"line":204,"column":51}},"41":{"start":{"line":211,"column":4},"end":{"line":211,"column":49}},"42":{"start":{"line":218,"column":16},"end":{"line":218,"column":30}},"43":{"start":{"line":219,"column":16},"end":{"line":219,"column":30}},"44":{"start":{"line":220,"column":18},"end":{"line":220,"column":37}},"45":{"start":{"line":221,"column":4},"end":{"line":221,"column":65}}},"fnMap":{"0":{"name":"(anonymous_0)","decl":{"start":{"line":5,"column":2},"end":{"line":5,"column":3}},"loc":{"start":{"line":5,"column":36},"end":{"line":9,"column":3}},"line":5},"1":{"name":"(anonymous_1)","decl":{"start":{"line":14,"column":2},"end":{"line":14,"column":3}},"loc":{"start":{"line":14,"column":30},"end":{"line":29,"column":3}},"line":14},"2":{"name":"(anonymous_2)","decl":{"start":{"line":34,"column":2},"end":{"line":34,"column":3}},"loc":{"start":{"line":34,"column":28},"end":{"line":66,"column":3}},"line":34},"3":{"name":"(anonymous_3)","decl":{"start":{"line":71,"column":2},"end":{"line":71,"column":3}},"loc":{"start":{"line":71,"column":29},"end":{"line":109,"column":3}},"line":71},"4":{"name":"(anonymous_4)","decl":{"start":{"line":114,"column":2},"end":{"line":114,"column":3}},"loc":{"start":{"line":114,"column":40},"end":{"line":148,"column":3}},"line":114},"5":{"name":"(anonymous_5)","decl":{"start":{"line":153,"column":2},"end":{"line":153,"column":3}},"loc":{"start":{"line":153,"column":30},"end":{"line":181,"column":3}},"line":153},"6":{"name":"(anonymous_6)","decl":{"start":{"line":186,"column":2},"end":{"line":186,"column":3}},"loc":{"start":{"line":186,"column":26},"end":{"line":188,"column":3}},"line":186},"7":{"name":"(anonymous_7)","decl":{"start":{"line":193,"column":2},"end":{"line":193,"column":3}},"loc":{"start":{"line":193,"column":22},"end":{"line":195,"column":3}},"line":193},"8":{"name":"(anonymous_8)","decl":{"start":{"line":200,"column":2},"end":{"line":200,"column":3}},"loc":{"start":{"line":200,"column":46},"end":{"line":205,"column":3}},"line":200},"9":{"name":"(anonymous_9)","decl":{"start":{"line":210,"column":2},"end":{"line":210,"column":3}},"loc":{"start":{"line":210,"column":21},"end":{"line":212,"column":3}},"line":210},"10":{"name":"(anonymous_10)","decl":{"start":{"line":217,"column":2},"end":{"line":217,"column":3}},"loc":{"start":{"line":217,"column":36},"end":{"line":222,"column":3}},"line":217}},"branchMap":{"0":{"loc":{"start":{"line":5,"column":22},"end":{"line":5,"column":34}},"type":"default-arg","locations":[{"start":{"line":5,"column":32},"end":{"line":5,"column":34}}],"line":5},"1":{"loc":{"start":{"line":7,"column":26},"end":{"line":7,"column":54}},"type":"binary-expr","locations":[{"start":{"line":7,"column":26},"end":{"line":7,"column":48}},{"start":{"line":7,"column":52},"end":{"line":7,"column":54}}],"line":7},"2":{"loc":{"start":{"line":23,"column":4},"end":{"line":26,"column":5}},"type":"if","locations":[{"start":{"line":23,"column":4},"end":{"line":26,"column":5}},{"start":{},"end":{}}],"line":23},"3":{"loc":{"start":{"line":41,"column":37},"end":{"line":41,"column":58}},"type":"binary-expr","locations":[{"start":{"line":41,"column":37},"end":{"line":41,"column":53}},{"start":{"line":41,"column":57},"end":{"line":41,"column":58}}],"line":41},"4":{"loc":{"start":{"line":41,"column":60},"end":{"line":41,"column":82}},"type":"binary-expr","locations":[{"start":{"line":41,"column":60},"end":{"line":41,"column":76}},{"start":{"line":41,"column":80},"end":{"line":41,"column":82}}],"line":41},"5":{"loc":{"start":{"line":42,"column":36},"end":{"line":42,"column":56}},"type":"binary-expr","locations":[{"start":{"line":42,"column":36},"end":{"line":42,"column":51}},{"start":{"line":42,"column":55},"end":{"line":42,"column":56}}],"line":42},"6":{"loc":{"start":{"line":42,"column":58},"end":{"line":42,"column":79}},"type":"binary-expr","locations":[{"start":{"line":42,"column":58},"end":{"line":42,"column":73}},{"start":{"line":42,"column":77},"end":{"line":42,"column":79}}],"line":42},"7":{"loc":{"start":{"line":43,"column":36},"end":{"line":43,"column":58}},"type":"binary-expr","locations":[{"start":{"line":43,"column":36},"end":{"line":43,"column":51}},{"start":{"line":43,"column":55},"end":{"line":43,"column":58}}],"line":43},"8":{"loc":{"start":{"line":43,"column":60},"end":{"line":43,"column":82}},"type":"binary-expr","locations":[{"start":{"line":43,"column":60},"end":{"line":43,"column":75}},{"start":{"line":43,"column":79},"end":{"line":43,"column":82}}],"line":43},"9":{"loc":{"start":{"line":114,"column":20},"end":{"line":114,"column":38}},"type":"default-arg","locations":[{"start":{"line":114,"column":35},"end":{"line":114,"column":38}}],"line":114},"10":{"loc":{"start":{"line":117,"column":4},"end":{"line":121,"column":5}},"type":"if","locations":[{"start":{"line":117,"column":4},"end":{"line":121,"column":5}},{"start":{},"end":{}}],"line":117},"11":{"loc":{"start":{"line":123,"column":4},"end":{"line":127,"column":5}},"type":"if","locations":[{"start":{"line":123,"column":4},"end":{"line":127,"column":5}},{"start":{},"end":{}}],"line":123},"12":{"loc":{"start":{"line":129,"column":4},"end":{"line":131,"column":5}},"type":"if","locations":[{"start":{"line":129,"column":4},"end":{"line":131,"column":5}},{"start":{},"end":{}}],"line":129},"13":{"loc":{"start":{"line":133,"column":4},"end":{"line":135,"column":5}},"type":"if","locations":[{"start":{"line":133,"column":4},"end":{"line":135,"column":5}},{"start":{},"end":{}}],"line":133},"14":{"loc":{"start":{"line":137,"column":4},"end":{"line":139,"column":5}},"type":"if","locations":[{"start":{"line":137,"column":4},"end":{"line":139,"column":5}},{"start":{},"end":{}}],"line":137},"15":{"loc":{"start":{"line":167,"column":25},"end":{"line":167,"column":100}},"type":"cond-expr","locations":[{"start":{"line":167,"column":47},"end":{"line":167,"column":72}},{"start":{"line":167,"column":75},"end":{"line":167,"column":100}}],"line":167},"16":{"loc":{"start":{"line":168,"column":21},"end":{"line":168,"column":88}},"type":"cond-expr","locations":[{"start":{"line":168,"column":43},"end":{"line":168,"column":64}},{"start":{"line":168,"column":67},"end":{"line":168,"column":88}}],"line":168},"17":{"loc":{"start":{"line":200,"column":31},"end":{"line":200,"column":44}},"type":"default-arg","locations":[{"start":{"line":200,"column":39},"end":{"line":200,"column":44}}],"line":200},"18":{"loc":{"start":{"line":204,"column":11},"end":{"line":204,"column":50}},"type":"cond-expr","locations":[{"start":{"line":204,"column":19},"end":{"line":204,"column":39}},{"start":{"line":204,"column":42},"end":{"line":204,"column":50}}],"line":204},"19":{"loc":{"start":{"line":217,"column":23},"end":{"line":217,"column":34}},"type":"default-arg","locations":[{"start":{"line":217,"column":31},"end":{"line":217,"column":34}}],"line":217}},"s":{"0":0,"1":0,"2":0,"3":0,"4":0,"5":0,"6":0,"7":0,"8":0,"9":0,"10":0,"11":0,"12":0,"13":0,"14":0,"15":0,"16":0,"17":0,"18":0,"19":0,"20":0,"21":0,"22":0,"23":0,"24":0,"25":0,"26":0,"27":0,"28":0,"29":0,"30":0,"31":0,"32":0,"33":0,"34":0,"35":0,"36":0,"37":0,"38":0,"39":0,"40":0,"41":0,"42":0,"43":0,"44":0,"45":0},"f":{"0":0,"1":0,"2":0,"3":0,"4":0,"5":0,"6":0,"7":0,"8":0,"9":0,"10":0},"b":{"0":[0],"1":[0,0],"2":[0,0],"3":[0,0],"4":[0,0],"5":[0,0],"6":[0,0],"7":[0,0],"8":[0,0],"9":[0],"10":[0,0],"11":[0,0],"12":[0,0],"13":[0,0],"14":[0,0],"15":[0,0],"16":[0,0],"17":[0],"18":[0,0],"19":[0]}}
,"C:\\grounding-calculator\\src\\engine\\autodesign\\objective\\ObjectiveFunction.js": {"path":"C:\\grounding-calculator\\src\\engine\\autodesign\\objective\\ObjectiveFunction.js","statementMap":{"0":{"start":{"line":6,"column":4},"end":{"line":10,"column":6}},"1":{"start":{"line":18,"column":22},"end":{"line":18,"column":59}},"2":{"start":{"line":21,"column":24},"end":{"line":21,"column":67}},"3":{"start":{"line":24,"column":28},"end":{"line":24,"column":63}},"4":{"start":{"line":27,"column":20},"end":{"line":27,"column":51}},"5":{"start":{"line":31,"column":6},"end":{"line":34,"column":13}},"6":{"start":{"line":36,"column":4},"end":{"line":43,"column":6}},"7":{"start":{"line":51,"column":28},"end":{"line":52,"column":77}},"8":{"start":{"line":53,"column":26},"end":{"line":53,"column":92}},"9":{"start":{"line":56,"column":20},"end":{"line":56,"column":79}},"10":{"start":{"line":59,"column":17},"end":{"line":59,"column":53}},"11":{"start":{"line":60,"column":27},"end":{"line":60,"column":55}},"12":{"start":{"line":63,"column":24},"end":{"line":63,"column":55}},"13":{"start":{"line":65,"column":22},"end":{"line":65,"column":76}},"14":{"start":{"line":68,"column":4},"end":{"line":68,"column":42}},"15":{"start":{"line":75,"column":22},"end":{"line":75,"column":23}},"16":{"start":{"line":76,"column":22},"end":{"line":76,"column":23}},"17":{"start":{"line":79,"column":4},"end":{"line":84,"column":5}},"18":{"start":{"line":80,"column":26},"end":{"line":81,"column":78}},"19":{"start":{"line":82,"column":6},"end":{"line":82,"column":33}},"20":{"start":{"line":83,"column":6},"end":{"line":83,"column":20}},"21":{"start":{"line":87,"column":4},"end":{"line":92,"column":5}},"22":{"start":{"line":88,"column":25},"end":{"line":89,"column":76}},"23":{"start":{"line":90,"column":6},"end":{"line":90,"column":32}},"24":{"start":{"line":91,"column":6},"end":{"line":91,"column":20}},"25":{"start":{"line":95,"column":4},"end":{"line":98,"column":5}},"26":{"start":{"line":96,"column":6},"end":{"line":96,"column":58}},"27":{"start":{"line":97,"column":6},"end":{"line":97,"column":20}},"28":{"start":{"line":100,"column":4},"end":{"line":100,"column":37}},"29":{"start":{"line":107,"column":15},"end":{"line":107,"column":48}},"30":{"start":{"line":109,"column":4},"end":{"line":109,"column":31}},"31":{"start":{"line":116,"column":4},"end":{"line":116,"column":32}},"32":{"start":{"line":116,"column":21},"end":{"line":116,"column":32}},"33":{"start":{"line":118,"column":18},"end":{"line":118,"column":19}},"34":{"start":{"line":120,"column":4},"end":{"line":120,"column":52}},"35":{"start":{"line":120,"column":37},"end":{"line":120,"column":52}},"36":{"start":{"line":122,"column":4},"end":{"line":124,"column":5}},"37":{"start":{"line":123,"column":6},"end":{"line":123,"column":21}},"38":{"start":{"line":126,"column":4},"end":{"line":128,"column":5}},"39":{"start":{"line":127,"column":6},"end":{"line":127,"column":22}},"40":{"start":{"line":130,"column":4},"end":{"line":132,"column":5}},"41":{"start":{"line":131,"column":6},"end":{"line":131,"column":22}},"42":{"start":{"line":134,"column":4},"end":{"line":134,"column":34}}},"fnMap":{"0":{"name":"(anonymous_0)","decl":{"start":{"line":5,"column":2},"end":{"line":5,"column":3}},"loc":{"start":{"line":5,"column":30},"end":{"line":11,"column":3}},"line":5},"1":{"name":"(anonymous_1)","decl":{"start":{"line":16,"column":2},"end":{"line":16,"column":3}},"loc":{"start":{"line":16,"column":43},"end":{"line":44,"column":3}},"line":16},"2":{"name":"(anonymous_2)","decl":{"start":{"line":49,"column":2},"end":{"line":49,"column":3}},"loc":{"start":{"line":49,"column":35},"end":{"line":69,"column":3}},"line":49},"3":{"name":"(anonymous_3)","decl":{"start":{"line":74,"column":2},"end":{"line":74,"column":3}},"loc":{"start":{"line":74,"column":41},"end":{"line":101,"column":3}},"line":74},"4":{"name":"(anonymous_4)","decl":{"start":{"line":106,"column":2},"end":{"line":106,"column":3}},"loc":{"start":{"line":106,"column":33},"end":{"line":110,"column":3}},"line":106},"5":{"name":"(anonymous_5)","decl":{"start":{"line":115,"column":2},"end":{"line":115,"column":3}},"loc":{"start":{"line":115,"column":29},"end":{"line":135,"column":3}},"line":115}},"branchMap":{"0":{"loc":{"start":{"line":5,"column":14},"end":{"line":5,"column":28}},"type":"default-arg","locations":[{"start":{"line":5,"column":24},"end":{"line":5,"column":28}}],"line":5},"1":{"loc":{"start":{"line":6,"column":19},"end":{"line":10,"column":5}},"type":"binary-expr","locations":[{"start":{"line":6,"column":19},"end":{"line":6,"column":26}},{"start":{"line":6,"column":30},"end":{"line":10,"column":5}}],"line":6},"2":{"loc":{"start":{"line":53,"column":45},"end":{"line":53,"column":91}},"type":"cond-expr","locations":[{"start":{"line":53,"column":85},"end":{"line":53,"column":87}},{"start":{"line":53,"column":90},"end":{"line":53,"column":91}}],"line":53},"3":{"loc":{"start":{"line":79,"column":4},"end":{"line":84,"column":5}},"type":"if","locations":[{"start":{"line":79,"column":4},"end":{"line":84,"column":5}},{"start":{},"end":{}}],"line":79},"4":{"loc":{"start":{"line":87,"column":4},"end":{"line":92,"column":5}},"type":"if","locations":[{"start":{"line":87,"column":4},"end":{"line":92,"column":5}},{"start":{},"end":{}}],"line":87},"5":{"loc":{"start":{"line":95,"column":4},"end":{"line":98,"column":5}},"type":"if","locations":[{"start":{"line":95,"column":4},"end":{"line":98,"column":5}},{"start":{},"end":{}}],"line":95},"6":{"loc":{"start":{"line":96,"column":21},"end":{"line":96,"column":57}},"type":"cond-expr","locations":[{"start":{"line":96,"column":50},"end":{"line":96,"column":51}},{"start":{"line":96,"column":54},"end":{"line":96,"column":57}}],"line":96},"7":{"loc":{"start":{"line":107,"column":15},"end":{"line":107,"column":48}},"type":"binary-expr","locations":[{"start":{"line":107,"column":15},"end":{"line":107,"column":42}},{"start":{"line":107,"column":46},"end":{"line":107,"column":48}}],"line":107},"8":{"loc":{"start":{"line":116,"column":4},"end":{"line":116,"column":32}},"type":"if","locations":[{"start":{"line":116,"column":4},"end":{"line":116,"column":32}},{"start":{},"end":{}}],"line":116},"9":{"loc":{"start":{"line":120,"column":4},"end":{"line":120,"column":52}},"type":"if","locations":[{"start":{"line":120,"column":4},"end":{"line":120,"column":52}},{"start":{},"end":{}}],"line":120},"10":{"loc":{"start":{"line":122,"column":4},"end":{"line":124,"column":5}},"type":"if","locations":[{"start":{"line":122,"column":4},"end":{"line":124,"column":5}},{"start":{},"end":{}}],"line":122},"11":{"loc":{"start":{"line":122,"column":8},"end":{"line":122,"column":78}},"type":"binary-expr","locations":[{"start":{"line":122,"column":8},"end":{"line":122,"column":36}},{"start":{"line":122,"column":40},"end":{"line":122,"column":78}}],"line":122},"12":{"loc":{"start":{"line":126,"column":4},"end":{"line":128,"column":5}},"type":"if","locations":[{"start":{"line":126,"column":4},"end":{"line":128,"column":5}},{"start":{},"end":{}}],"line":126},"13":{"loc":{"start":{"line":126,"column":8},"end":{"line":126,"column":78}},"type":"binary-expr","locations":[{"start":{"line":126,"column":8},"end":{"line":126,"column":36}},{"start":{"line":126,"column":40},"end":{"line":126,"column":78}}],"line":126},"14":{"loc":{"start":{"line":130,"column":4},"end":{"line":132,"column":5}},"type":"if","locations":[{"start":{"line":130,"column":4},"end":{"line":132,"column":5}},{"start":{},"end":{}}],"line":130},"15":{"loc":{"start":{"line":130,"column":8},"end":{"line":130,"column":72}},"type":"binary-expr","locations":[{"start":{"line":130,"column":8},"end":{"line":130,"column":33}},{"start":{"line":130,"column":37},"end":{"line":130,"column":72}}],"line":130}},"s":{"0":0,"1":0,"2":0,"3":0,"4":0,"5":0,"6":0,"7":0,"8":0,"9":0,"10":0,"11":0,"12":0,"13":0,"14":0,"15":0,"16":0,"17":0,"18":0,"19":0,"20":0,"21":0,"22":0,"23":0,"24":0,"25":0,"26":0,"27":0,"28":0,"29":0,"30":0,"31":0,"32":0,"33":0,"34":0,"35":0,"36":0,"37":0,"38":0,"39":0,"40":0,"41":0,"42":0},"f":{"0":0,"1":0,"2":0,"3":0,"4":0,"5":0},"b":{"0":[0],"1":[0,0],"2":[0,0],"3":[0,0],"4":[0,0],"5":[0,0],"6":[0,0],"7":[0,0],"8":[0,0],"9":[0,0],"10":[0,0],"11":[0,0],"12":[0,0],"13":[0,0],"14":[0,0],"15":[0,0]}}
,"C:\\grounding-calculator\\src\\engine\\autodesign\\optimizers\\NSGAIIOptimizer.js": {"path":"C:\\grounding-calculator\\src\\engine\\autodesign\\optimizers\\NSGAIIOptimizer.js","statementMap":{"0":{"start":{"line":9,"column":4},"end":{"line":9,"column":25}},"1":{"start":{"line":10,"column":4},"end":{"line":10,"column":31}},"2":{"start":{"line":11,"column":4},"end":{"line":11,"column":45}},"3":{"start":{"line":12,"column":4},"end":{"line":12,"column":61}},"4":{"start":{"line":13,"column":4},"end":{"line":13,"column":60}},"5":{"start":{"line":15,"column":4},"end":{"line":15,"column":55}},"6":{"start":{"line":16,"column":4},"end":{"line":16,"column":49}},"7":{"start":{"line":17,"column":4},"end":{"line":17,"column":54}},"8":{"start":{"line":18,"column":4},"end":{"line":18,"column":52}},"9":{"start":{"line":19,"column":4},"end":{"line":19,"column":44}},"10":{"start":{"line":26,"column":22},"end":{"line":26,"column":39}},"11":{"start":{"line":28,"column":4},"end":{"line":32,"column":5}},"12":{"start":{"line":29,"column":6},"end":{"line":29,"column":65}},"13":{"start":{"line":30,"column":6},"end":{"line":30,"column":58}},"14":{"start":{"line":31,"column":6},"end":{"line":31,"column":58}},"15":{"start":{"line":35,"column":21},"end":{"line":35,"column":63}},"16":{"start":{"line":38,"column":20},"end":{"line":38,"column":61}},"17":{"start":{"line":40,"column":23},"end":{"line":40,"column":27}},"18":{"start":{"line":41,"column":22},"end":{"line":41,"column":31}},"19":{"start":{"line":44,"column":4},"end":{"line":92,"column":5}},"20":{"start":{"line":44,"column":19},"end":{"line":44,"column":20}},"21":{"start":{"line":46,"column":32},"end":{"line":46,"column":64}},"22":{"start":{"line":49,"column":6},"end":{"line":51,"column":7}},"23":{"start":{"line":50,"column":8},"end":{"line":50,"column":37}},"24":{"start":{"line":54,"column":23},"end":{"line":54,"column":79}},"25":{"start":{"line":57,"column":24},"end":{"line":57,"column":62}},"26":{"start":{"line":60,"column":33},"end":{"line":60,"column":73}},"27":{"start":{"line":63,"column":23},"end":{"line":63,"column":60}},"28":{"start":{"line":64,"column":36},"end":{"line":64,"column":67}},"29":{"start":{"line":66,"column":28},"end":{"line":66,"column":30}},"30":{"start":{"line":67,"column":6},"end":{"line":75,"column":7}},"31":{"start":{"line":68,"column":8},"end":{"line":68,"column":70}},"32":{"start":{"line":68,"column":29},"end":{"line":68,"column":68}},"33":{"start":{"line":69,"column":8},"end":{"line":73,"column":9}},"34":{"star
[...]
:29,"column":21},"end":{"line":29,"column":55}},"type":"binary-expr","locations":[{"start":{"line":29,"column":21},"end":{"line":29,"column":47}},{"start":{"line":29,"column":51},"end":{"line":29,"column":55}}],"line":29},"4":{"loc":{"start":{"line":46,"column":4},"end":{"line":48,"column":5}},"type":"if","locations":[{"start":{"line":46,"column":4},"end":{"line":48,"column":5}},{"start":{},"end":{}}],"line":46},"5":{"loc":{"start":{"line":51,"column":27},"end":{"line":51,"column":58}},"type":"binary-expr","locations":[{"start":{"line":51,"column":27},"end":{"line":51,"column":52}},{"start":{"line":51,"column":56},"end":{"line":51,"column":58}}],"line":51},"6":{"loc":{"start":{"line":52,"column":28},"end":{"line":52,"column":60}},"type":"binary-expr","locations":[{"start":{"line":52,"column":28},"end":{"line":52,"column":54}},{"start":{"line":52,"column":58},"end":{"line":52,"column":60}}],"line":52},"7":{"loc":{"start":{"line":53,"column":27},"end":{"line":53,"column":104}},"type":"cond-expr","locations":[{"start":{"line":53,"column":55},"end":{"line":53,"column":100}},{"start":{"line":53,"column":103},"end":{"line":53,"column":104}}],"line":53},"8":{"loc":{"start":{"line":54,"column":28},"end":{"line":54,"column":107}},"type":"cond-expr","locations":[{"start":{"line":54,"column":57},"end":{"line":54,"column":103}},{"start":{"line":54,"column":106},"end":{"line":54,"column":107}}],"line":54},"9":{"loc":{"start":{"line":57,"column":28},"end":{"line":57,"column":65}},"type":"binary-expr","locations":[{"start":{"line":57,"column":28},"end":{"line":57,"column":58}},{"start":{"line":57,"column":62},"end":{"line":57,"column":65}}],"line":57},"10":{"loc":{"start":{"line":58,"column":43},"end":{"line":58,"column":89}},"type":"binary-expr","locations":[{"start":{"line":58,"column":43},"end":{"line":58,"column":80}},{"start":{"line":58,"column":84},"end":{"line":58,"column":89}}],"line":58},"11":{"loc":{"start":{"line":59,"column":40},"end":{"line":59,"column":78}},"type":"binary-expr","locations":[{"start":{"line":59,"column":40},"end":{"line":59,"column":71}},{"start":{"line":59,"column":75},"end":{"line":59,"column":78}}],"line":59},"12":{"loc":{"start":{"line":60,"column":35},"end":{"line":60,"column":60}},"type":"binary-expr","locations":[{"start":{"line":60,"column":35},"end":{"line":60,"column":52}},{"start":{"line":60,"column":56},"end":{"line":60,"column":60}}],"line":60},"13":{"loc":{"start":{"line":79,"column":16},"end":{"line":79,"column":72}},"type":"binary-expr","locations":[{"start":{"line":79,"column":16},"end":{"line":79,"column":43}},{"start":{"line":79,"column":47},"end":{"line":79,"column":72}}],"line":79}},"s":{"0":0,"1":0,"2":0,"3":0,"4":0,"5":0,"6":0,"7":0,"8":0,"9":0,"10":0,"11":0,"12":0,"13":0,"14":0,"15":0,"16":0,"17":0,"18":0,"19":0,"20":0,"21":0,"22":0,"23":0},"f":{"0":0,"1":0,"2":0,"3":0,"4":0},"b":{"0":[0],"1":[0,0],"2":[0,0],"3":[0,0],"4":[0,0],"5":[0,0],"6":[0,0],"7":[0,0],"8":[0,0],"9":[0,0],"10":[0,0],"11":[0,0],"12":[0,0],"13":[0,0]}}
,"C:\\grounding-calculator\\src\\simulation\\SimulationRunner.js": {"path":"C:\\grounding-calculator\\src\\simulation\\SimulationRunner.js","statementMap":{"0":{"start":{"line":19,"column":4},"end":{"line":19,"column":27}},"1":{"start":{"line":20,"column":4},"end":{"line":20,"column":22}},"2":{"start":{"line":27,"column":20},"end":{"line":27,"column":22}},"3":{"start":{"line":29,"column":4},"end":{"line":32,"column":5}},"4":{"start":{"line":30,"column":21},"end":{"line":30,"column":47}},"5":{"start":{"line":31,"column":6},"end":{"line":31,"column":27}},"6":{"start":{"line":34,"column":4},"end":{"line":34,"column":27}},"7":{"start":{"line":35,"column":4},"end":{"line":35,"column":19}},"8":{"start":{"line":42,"column":27},"end":{"line":42,"column":39}},"9":{"start":{"line":45,"column":4},"end":{"line":47,"column":5}},"10":{"start":{"line":46,"column":6},"end":{"line":46,"column":59}},"11":{"start":{"line":50,"column":15},"end":{"line":57,"column":6}},"12":{"start":{"line":60,"column":24},"end":{"line":60,"column":60}},"13":{"start":{"line":61,"column":31},"end":{"line":61,"column":76}},"14":{"start":{"line":62,"column":15},"end":{"line":62,"column":64}},"15":{"start":{"line":63,"column":33},"end":{"line":63,"column":75}},"16":{"start":{"line":66,"column":15},"end":{"line":70,"column":6}},"17":{"start":{"line":73,"column":21},"end":{"line":78,"column":6}},"18":{"start":{"line":80,"column":20},"end":{"line":85,"column":6}},"19":{"start":{"line":88,"column":15},"end":{"line":88,"column":25}},"20":{"start":{"line":89,"column":15},"end":{"line":89,"column":25}},"21":{"start":{"line":92,"column":23},"end":{"line":100,"column":6}},"22":{"start":{"line":102,"column":4},"end":{"line":114,"column":6}},"23":{"start":{"line":121,"column":27},"end":{"line":121,"column":39}},"24":{"start":{"line":122,"column":23},"end":{"line":122,"column":54}},"25":{"start":{"line":123,"column":22},"end":{"line":123,"column":52}},"26":{"start":{"line":124,"column":15},"end":{"line":129,"column":6}},"27":{"start":{"line":130,"column":15},"end":{"line":130,"column":72}},"28":{"start":{"line":131,"column":25},"end":{"line":131,"column":67}},"29":{"start":{"line":134,"column":20},"end":{"line":134,"column":34}},"30":{"start":{"line":135,"column":20},"end":{"line":135,"column":33}},"31":{"start":{"line":136,"column":21},"end":{"line":136,"column":83}},"32":{"start":{"line":137,"column":24},"end":{"line":137,"column":59}},"33":{"start":{"line":139,"column":18},"end":{"line":139,"column":52}},"34":{"start":{"line":140,"column":4},"end":{"line":140,"column":35}},"35":{"start":{"line":142,"column":4},"end":{"line":142,"column":19}},"36":{"start":{"line":149,"column":24},"end":{"line":149,"column":71}},"37":{"start":{"line":151,"column":4},"end":{"line":151,"column":29}},"38":{"start":{"line":158,"column":21},"end":{"line":158,"column":33}},"39":{"start":{"line":159,"column":21},"end":{"line":159,"column":48}},"40":{"start":{"line":160,"column":4},"end":{"line":160,"column":29}},"41":{"start":{"line":160,"column":19},"end":{"line":160,"column":29}},"42":{"start":{"line":162,"column":23},"end":{"line":162,"column":54}},"43":{"start":{"line":163,"column":22},"end":{"line":163,"column":52}},"44":{"start":{"line":164,"column":27},"end":{"line":164,"column":56}},"45":{"start":{"line":166,"column":16},"end":{"line":166,"column":18}},"46":{"start":{"line":167,"column":18},"end":{"line":167,"column":45}},"47":{"start":{"line":168,"column":18},"end":{"line":168,"column":44}},"48":{"start":{"line":170,"column":4},"end":{"line":177,"column":5}},"49":{"start":{"line":170,"column":17},"end":{"line":170,"column":18}},"50":{"start":{"line":171,"column":6},"end":{"line":176,"column":7}},"51":{"start":{"line":171,"column":19},"end":{"line":171,"column":20}},"52":{"start":{"line":172,"column":18},"end":{"line":172,"column":27}},"53":{"start":{"line":173,"column":18},"end":{"line":173,"column":27}},"54":{"start":{"line":174,"column":24},"end":{"line":174,"column":71}},"55":{"start":{"line":175,"column":8},"end":{"line":175,"column":36}},"56":{"start":{"line":179,"column":4},"end":{"line":179,"column":15}},"57":{"start":{"line":187,"column":17},"end":{"line":187,"column":46}},"58":{"start":{"line":188,"column":2},"end":{"line":188,"column":25}}},"fnMap":{"0":{"name":"(anonymous_0)","decl":{"start":{"line":18,"column":2},"end":{"line":18,"column":3}},"loc":{"start":{"line":18,"column":23},"end":{"line":21,"column":3}},"line":18},"1":{"name":"(anonymous_1)","decl":{"start":{"line":26,"column":2},"end":{"line":26,"column":3}},"loc":{"start":{"line":26,"column":11},"end":{"line":36,"column":3}},"line":26},"2":{"name":"(anonymous_2)","decl":{"start":{"line":41,"column":2},"end":{"line":41,"column":3}},"loc":{"start":{"line":41,"column":24},"end":{"line":115,"column":3}},"line":41},"3":{"name":"(anonymous_3)","decl":{"start":{"line":120,"column":2},"end":{"line":120,"column":3}},"loc":{"start":{"line":120,"column":45},"end":{"line":143,"column":3}},"line":120},"4":{"name":"(anonymous_4)","decl":{"start":{"line":148,"column":2},"end":{"line":148,"column":3}},"loc":{"start":{"line":148,"column":46},"end":{"line":152,"column":3}},"line":148},"5":{"name":"(anonymous_5)","decl":{"start":{"line":157,"column":2},"end":{"line":157,"column":3}},"loc":{"start":{"line":157,"column":38},"end":{"line":180,"column":3}},"line":157},"6":{"name":"quickSimulate","decl":{"start":{"line":186,"column":16},"end":{"line":186,"column":29}},"loc":{"start":{"line":186,"column":39},"end":{"line":189,"column":1}},"line":186}},"branchMap":{"0":{"loc":{"start":{"line":45,"column":4},"end":{"line":47,"column":5}},"type":"if","locations":[{"start":{"line":45,"column":4},"end":{"line":47,"column":5}},{"start":{},"end":{}}],"line":45},"1":{"loc":{"start":{"line":45,"column":8},"end":{"line":45,"column":35}},"type":"binary-expr","locations":[{"start":{"line":45,"column":8},"end":{"line":45,"column":13}},{"start":{"line":45,"column":17},"end":{"line":45,"column":22}},{"start":{"line":45,"column":26},"end":{"line":45,"column":35}}],"line":45},"2":{"loc":{"start":{"line":60,"column":38},"end":{"line":60,"column":59}},"type":"binary-expr","locations":[{"start":{"line":60,"column":38},"end":{"line":60,"column":54}},{"start":{"line":60,"column":58},"end":{"line":60,"column":59}}],"line":60},"3":{"loc":{"start":{"line":61,"column":45},"end":{"line":61,"column":75}},"type":"binary-expr","locations":[{"start":{"line":61,"column":45},"end":{"line":61,"column":68}},{"start":{"line":61,"column":72},"end":{"line":61,"column":75}}],"line":61},"4":{"loc":{"start":{"line":62,"column":15},"end":{"line":62,"column":64}},"type":"binary-expr","locations":[{"start":{"line":62,"column":15},"end":{"line":62,"column":26}},{"start":{"line":62,"column":31},"end":{"line":62,"column":63}}],"line":62},"5":{"loc":{"start":{"line":122,"column":35},"end":{"line":122,"column":53}},"type":"binary-expr","locations":[{"start":{"line":122,"column":35},"end":{"line":122,"column":47}},{"start":{"line":122,"column":51},"end":{"line":122,"column":53}}],"line":122},"6":{"loc":{"start":{"line":123,"column":34},"end":{"line":123,"column":51}},"type":"binary-expr","locations":[{"start":{"line":123,"column":34},"end":{"line":123,"column":45}},{"start":{"line":123,"column":49},"end":{"line":123,"column":51}}],"line":123},"7":{"loc":{"start":{"line":125,"column":23},"end":{"line":125,"column":47}},"type":"binary-expr","locations":[{"start":{"line":125,"column":23},"end":{"line":125,"column":40}},{"start":{"line":125,"column":44},"end":{"line":125,"column":47}}],"line":125},"8":{"loc":{"start":{"line":126,"column":16},"end":{"line":126,"column":31}},"type":"binary-expr","locations":[{"start":{"line":126,"column":16},"end":{"line":126,"column":26}},{"start":{"line":126,"column":30},"end":{"line":126,"column":31}}],"line":126},"9":{"loc":{"start":{"line":127,"column":28},"end":{"line":127,"column":59}},"type":"binary-expr","locations":[{"start":{"line":127,"column":28},"end":{"line":127,"column":54}},{"start":{"line":127,"column":58},"end":{"line":127,"column":59}}],"line":127},"10":{"loc":{"start":{"line":128,"column":19},"end":{"line":128,"column":37}},"type":"binary-expr","locations":[{"start":{"line":128,"column":19},"end":{"line":128,"column":30}},{"start":{"line":128,"column":34},"end":{"line":128,"column":37}}],"line":128},"11":{"loc":{"start":{"line":130,"column":15},"end":{"line":130,"column":72}},"type":"binary-expr","locations":[{"start":{"line":130,"column":15},"end":{"line":130,"column":26}},{"start":{"line":130,"column":30},"end":{"line":130,"column":72}}],"line":130},"12":{"loc":{"start":{"line":157,"column":21},"end":{"line":157,"column":36}},"type":"default-arg","locations":[{"start":{"line":157,"column":34},"end":{"line":157,"column":36}}],"line":157},"13":{"loc":{"start":{"line":160,"column":4},"end":{"line":160,"column":29}},"type":"if","locations":[{"start":{"line":160,"column":4},"end":{"line":160,"column":29}},{"start":{},"end":{}}],"line":160},"14":{"loc":{"start":{"line":162,"column":35},"end":{"line":162,"column":53}},"type":"binary-expr","locations":[{"start":{"line":162,"column":35},"end":{"line":162,"column":47}},{"start":{"line":162,"column":51},"end":{"line":162,"column":53}}],"line":162},"15":{"loc":{"start":{"line":163,"column":34},"end":{"line":163,"column":51}},"type":"binary-expr","locations":[{"start":{"line":163,"column":34},"end":{"line":163,"column":45}},{"start":{"line":163,"column":49},"end":{"line":163,"column":51}}],"line":163},"16":{"loc":{"start":{"line":164,"column":39},"end":{"line":164,"column":55}},"type":"binary-expr","locations":[{"start":{"line":164,"column":39},"end":{"line":164,"column":49}},{"start":{"line":164,"column":53},"end":{"line":164,"column":55}}],"line":164}},"s":{"0":0,"1":0,"2":0,"3":0,"4":0,"5":0,"6":0,"7":0,"8":0,"9":0,"10":0,"11":0,"12":0,"13":0,"14":0,"15":0,"16":0,"17":0,"18":0,"19":0,"20":0,"21":0,"22":0,"23":0,"24":0,"25":0,"26":0,"27":0,"28":0,"29":0,"30":0,"31":0,"32":0,"33":0,"34":0,"35":0,"36":0,"37":0,"38":0,"39":0,"40":0,"41":0,"42":0,"43":0,"44":0,"45":0,"46":0,"47":0,"48":0,"49":0,"50":0,"51":0,"52":0,"53":0,"54":0,"55":0,"56":0,"57":0,"58":0},"f":{"0":0,"1":0,"2":0,"3":0,"4":0,"5":0,"6":0},"b":{"0":[0,0],"1":[0,0,0],"2":[0,0],"3":[0,0],"4":[0,0],"5":[0,0],"6":[0,0],"7":[0,0],"8":[0,0],"9":[0,0],"10":[0,0],"11":[0,0],"12":[0],"13":[0,0],"14":[0,0],"15":[0,0],"16":[0,0]}}
,"C:\\grounding-calculator\\src\\simulation\\runners\\StepVoltageRunner.js": {"path":"C:\\grounding-calculator\\src\\simulation\\runners\\StepVoltageRunner.js","statementMap":{"0":{"start":{"line":8,"column":4},"end":{"line":8,"column":27}},"1":{"start":{"line":15,"column":27},"end":{"line":15,"column":39}},"2":{"start":{"line":16,"column":21},"end":{"line":16,"column":46}},"3":{"start":{"line":18,"column":4},"end":{"line":18,"column":29}},"4":{"start":{"line":18,"column":19},"end":{"line":18,"column":29}},"5":{"start":{"line":20,"column":15},"end":{"line":25,"column":6}},"6":{"start":{"line":26,"column":15},"end":{"line":26,"column":72}},"7":{"start":{"line":27,"column":25},"end":{"line":27,"column":67}},"8":{"start":{"line":29,"column":20},"end":{"line":29,"column":22}},"9":{"start":{"line":30,"column":18},"end":{"line":30,"column":42}},"10":{"start":{"line":31,"column":18},"end":{"line":31,"column":41}},"11":{"start":{"line":33,"column":4},"end":{"line":50,"column":5}},"12":{"start":{"line":33,"column":17},"end":{"line":33,"column":18}},"13":{"start":{"line":34,"column":6},"end":{"line":49,"column":7}},"14":{"start":{"line":34,"column":19},"end":{"line":34,"column":20}},"15":{"start":{"line":35,"column":18},"end":{"line":35,"column":27}},"16":{"start":{"line":36,"column":18},"end":{"line":36,"column":27}},"17":{"start":{"line":39,"column":24},"end":{"line":39,"column":39}},"18":{"start":{"line":40,"column":24},"end":{"line":40,"column":38}},"19":{"start":{"line":41,"column":25},"end":{"line":41,"column":87}},"20":{"start":{"line":42,"column":28},"end":{"line":42,"column":65}},"21":{"start":{"line":45,"column":22},"end":{"line":45,"column":65}},"22":{"start":{"line":46,"column":8},"end":{"line":46,"column":54}},"23":{"start":{"line":48,"column":8},"end":{"line":48,"column":40}},"24":{"start":{"line":52,"column":4},"end":{"line":52,"column":19}},"25":{"start":{"line":59,"column":20},"end":{"line":59,"column":45}},"26":{"start":{"line":60,"column":21},"end":{"line":60,"column":22}},"27":{"start":{"line":61,"column":19},"end":{"line":61,"column":23}},"28":{"start":{"line":63,"column":4},"end":{"line":68,"column":5}},"29":{"start":{"line":64,"column":6},"end":{"line":67,"column":7}},"30":{"start":{"line":65,"column":8},"end":{"line":65,"column":35}},"31":{"start":{"line":66,"column":8},"end":{"line":66,"column":25}},"32":{"start":{"line":70,"column":4},"end":{"line":70,"column":46}},"33":{"start":{"line":77,"column":27},"end":{"line":77,"column":52}},"34":{"start":{"line":78,"column":21},"end":{"line":78,"column":33}},"35":{"start":{"line":79,"column":21},"end":{"line":79,"column":46}},"36":{"start":{"line":81,"column":15},"end":{"line":82,"column":45}},"37":{"start":{"line":83,"column":22},"end":{"line":83,"column":104}},"38":{"start":{"line":85,"column":4},"end":{"line":90,"column":6}}},"fnMap":{"0":{"name":"(anonymous_0)","decl":{"start":{"line":7,"column":2},"end":{"line":7,"column":3}},"loc":{"start":{"line":7,"column":23},"end":{"line":9,"column":3}},"line":7},"1":{"name":"(anonymous_1)","decl":{"start":{"line":14,"column":2},"end":{"line":14,"column":3}},"loc":{"start":{"line":14,"column":36},"end":{"line":53,"column":3}},"line":14},"2":{"name":"(anonymous_2)","decl":{"start":{"line":58,"column":2},"end":{"line":58,"column":3}},"loc":{"start":{"line":58,"column":23},"end":{"line":71,"column":3}},"line":58},"3":{"name":"(anonymous_3)","decl":{"start":{"line":76,"column":2},"end":{"line":76,"column":3}},"loc":{"start":{"line":76,"column":22},"end":{"line":91,"column":3}},"line":76}},"branchMap":{"0":{"loc":{"start":{"line":14,"column":19},"end":{"line":14,"column":34}},"type":"default-arg","locations":[{"start":{"line":14,"column":32},"end":{"line":14,"column":34}}],"line":14},"1":{"loc":{"start":{"line":18,"column":4},"end":{"line":18,"column":29}},"type":"if","locations":[{"start":{"line":18,"column":4},"end":{"line":18,"column":29}},{"start":{},"end":{}}],"line":18},"2":{"loc":{"start":{"line":26,"column":15},"end":{"line":26,"column":72}},"type":"binary-expr","locations":[{"start":{"line":26,"column":15},"end":{"line":26,"column":26}},{"start":{"line":26,"column":30},"end":{"line":26,"column":72}}],"line":26},"3":{"loc":{"start":{"line":64,"column":6},"end":{"line":67,"column":7}},"type":"if","locations":[{"start":{"line":64,"column":6},"end":{"line":67,"column":7}},{"start":{},"end":{}}],"line":64}},"s":{"0":0,"1":0,"2":0,"3":0,"4":0,"5":0,"6":0,"7":0,"8":0,"9":0,"10":0,"11":0,"12":0,"13":0,"14":0,"15":0,"16":0,"17":0,"18":0,"19":0,"20":0,"21":0,"22":0,"23":0,"24":0,"25":0,"26":0,"27":0,"28":0,"29":0,"30":0,"31":0,"32":0,"33":0,"34":0,"35":0,"36":0,"37":0,"38":0},"f":{"0":0,"1":0,"2":0,"3":0},"b":{"0":[0],"1":[0,0],"2":[0,0],"3":[0,0]}}
,"C:\\grounding-calculator\\src\\simulation\\scenarios\\FaultScenarios.js": {"path":"C:\\grounding-calculator\\src\\simulation\\scenarios\\FaultScenarios.js","statementMap":{"0":{"start":{"line":4,"column":30},"end":{"line":64,"column":1}},"1":{"start":{"line":70,"column":2},"end":{"line":77,"column":4}}},"fnMap":{"0":{"name":"createCustomScenario","decl":{"start":{"line":69,"column":16},"end":{"line":69,"column":36}},"loc":{"start":{"line":69,"column":45},"end":{"line":78,"column":1}},"line":69}},"branchMap":{"0":{"loc":{"start":{"line":72,"column":10},"end":{"line":72,"column":40}},"type":"binary-expr","locations":[{"start":{"line":72,"column":10},"end":{"line":72,"column":21}},{"start":{"line":72,"column":25},"end":{"line":72,"column":40}}],"line":72},"1":{"loc":{"start":{"line":73,"column":13},"end":{"line":73,"column":35}},"type":"binary-expr","locations":[{"start":{"line":73,"column":13},"end":{"line":73,"column":27}},{"start":{"line":73,"column":31},"end":{"line":73,"column":35}}],"line":73},"2":{"loc":{"start":{"line":74,"column":14},"end":{"line":74,"column":36}},"type":"binary-expr","locations":[{"start":{"line":74,"column":14},"end":{"line":74,"column":29}},{"start":{"line":74,"column":33},"end":{"line":74,"column":36}}],"line":74},"3":{"loc":{"start":{"line":75,"column":20},"end":{"line":75,"column":49}},"type":"binary-expr","locations":[{"start":{"line":75,"column":20},"end":{"line":75,"column":41}},{"start":{"line":75,"column":45},"end":{"line":75,"column":49}}],"line":75},"4":{"loc":{"start":{"line":76,"column":17},"end":{"line":76,"column":68}},"type":"binary-expr","locations":[{"start":{"line":76,"column":17},"end":{"line":76,"column":35}},{"start":{"line":76,"column":39},"end":{"line":76,"column":68}}],"line":76}},"s":{"0":0,"1":0},"f":{"0":0},"b":{"0":[0,0],"1":[0,0],"2":[0,0],"3":[0,0],"4":[0,0]}}
}
