{"C:\\grounding-calculator\\src\\domain\\grounding\\MultiLayerSoilModel.js": {"path":"C:\\grounding-calculator\\src\\domain\\grounding\\MultiLayerSoilModel.js","statementMap":{"0":{"start":{"line":8,"column":33},"end":{"line":8,"column":36}},"1":{"start":{"line":9,"column":22},"end":{"line":9,"column":31}},"2":{"start":{"line":10,"column":28},"end":{"line":10,"column":30}},"3":{"start":{"line":11,"column":25},"end":{"line":11,"column":27}},"4":{"start":{"line":12,"column":23},"end":{"line":12,"column":31}},"5":{"start":{"line":13,"column":24},"end":{"line":13,"column":27}},"6":{"start":{"line":14,"column":24},"end":{"line":14,"column":29}},"7":{"start":{"line":15,"column":28},"end":{"line":15,"column":31}},"8":{"start":{"line":16,"column":25},"end":{"line":16,"column":28}},"9":{"start":{"line":17,"column":35},"end":{"line":17,"column":39}},"10":{"start":{"line":21,"column":4},"end":{"line":21,"column":27}},"11":{"start":{"line":22,"column":4},"end":{"line":22,"column":93}},"12":{"start":{"line":23,"column":4},"end":{"line":23,"column":43}},"13":{"start":{"line":32,"column":4},"end":{"line":34,"column":5}},"14":{"start":{"line":33,"column":6},"end":{"line":33,"column":59}},"15":{"start":{"line":36,"column":22},"end":{"line":43,"column":5}},"16":{"start":{"line":45,"column":4},"end":{"line":45,"column":54}},"17":{"start":{"line":46,"column":4},"end":{"line":46,"column":21}},"18":{"start":{"line":55,"column":18},"end":{"line":55,"column":46}},"19":{"start":{"line":57,"column":4},"end":{"line":63,"column":5}},"20":{"start":{"line":58,"column":6},"end":{"line":58,"column":46}},"21":{"start":{"line":59,"column":11},"end":{"line":63,"column":5}},"22":{"start":{"line":60,"column":6},"end":{"line":60,"column":43}},"23":{"start":{"line":62,"column":6},"end":{"line":62,"column":89}},"24":{"start":{"line":72,"column":24},"end":{"line":72,"column":66}},"25":{"start":{"line":74,"column":4},"end":{"line":76,"column":5}},"26":{"start":{"line":75,"column":6},"end":{"line":75,"column":69}},"27":{"start":{"line":78,"column":4},"end":{"line":80,"column":5}},"28":{"start":{"line":79,"column":6},"end":{"line":79,"column":113}},"29":{"start":{"line":82,"column":4},"end":{"line":87,"column":7}},"30":{"start":{"line":96,"column":21},"end":{"line":96,"column":39}},"31":{"start":{"line":97,"column":24},"end":{"line":97,"column":42}},"32":{"start":{"line":99,"column":4},"end":{"line":99,"column":67}},"33":{"start":{"line":100,"column":4},"end":{"line":100,"column":63}},"34":{"start":{"line":101,"column":4},"end":{"line":101,"column":70}},"35":{"start":{"line":102,"column":4},"end":{"line":102,"column":81}},"36":{"start":{"line":104,"column":4},"end":{"line":117,"column":6}},"37":{"start":{"line":124,"column":4},"end":{"line":126,"column":5}},"38":{"start":{"line":125,"column":6},"end":{"line":125,"column":69}},"39":{"start":{"line":133,"column":4},"end":{"line":135,"column":5}},"40":{"start":{"line":134,"column":6},"end":{"line":134,"column":67}},"41":{"start":{"line":136,"column":4},"end":{"line":138,"column":5}},"42":{"start":{"line":137,"column":6},"end":{"line":137,"column":98}},"43":{"start":{"line":145,"column":4},"end":{"line":147,"column":5}},"44":{"start":{"line":146,"column":6},"end":{"line":146,"column":94}},"45":{"start":{"line":155,"column":30},"end":{"line":155,"column":40}},"46":{"start":{"line":160,"column":4},"end":{"line":166,"column":5}},"47":{"start":{"line":161,"column":6},"end":{"line":161,"column":51}},"48":{"start":{"line":162,"column":6},"end":{"line":162,"column":43}},"49":{"start":{"line":163,"column":11},"end":{"line":166,"column":5}},"50":{"start":{"line":164,"column":6},"end":{"line":164,"column":74}},"51":{"start":{"line":165,"column":6},"end":{"line":165,"column":47}},"52":{"start":{"line":168,"column":4},"end":{"line":173,"column":7}},"53":{"start":{"line":175,"column":4},"end":{"line":175,"column":32}},"54":{"start":{"line":182,"column":4},"end":{"line":186,"column":8}},"55":{"start":{"line":182,"column":32},"end":{"line":186,"column":5}},"56":{"start":{"line":194,"column":36},"end":{"line":194,"column":53}},"57":{"start":{"line":195,"column":29},"end":{"line":195,"column":39}},"58":{"start":{"line":197,"column":33},"end":{"line":197,"column":89}},"59":{"start":{"line":199,"column":4},"end":{"line":201,"column":5}},"60":{"start":{"line":200,"column":6},"end":{"line":200,"column":82}},"61":{"start":{"line":203,"column":4},"end":{"line":203,"column":32}},"62":{"start":{"line":210,"column":4},"end":{"line":211,"column":60}},"63":{"start":{"line":218,"column":4},"end":{"line":218,"column":78}},"64":{"start":{"line":225,"column":30},"end":{"line":229,"column":5}},"65":{"start":{"line":231,"column":4},"end":{"line":237,"column":7}},"66":{"start":{"line":239,"column":4},"end":{"line":239,"column":52}},"67":{"start":{"line":247,"column":4},"end":{"line":249,"column":5}},"68":{"start":{"line":248,"column":6},"end":{"line":248,"column":15}},"69":{"start":{"line":251,"column":36},"end":{"line":251,"column":53}},"70":{"start":{"line":252,"column":34},"end":{"line":252,"column":90}},"71":{"start":{"line":254,"column":4},"end":{"line":259,"column":7}},"72":{"start":{"line":261,"column":4},"end":{"line":261,"column":33}},"73":{"start":{"line":268,"column":4},"end":{"line":269,"column":60}},"74":{"start":{"line":276,"column":4},"end":{"line":276,"column":84}},"75":{"start":{"line":284,"column":29},"end":{"line":284,"column":39}},"76":{"start":{"line":286,"column":4},"end":{"line":288,"column":5}},"77":{"start":{"line":287,"column":6},"end":{"line":287,"column":17}},"78":{"start":{"line":290,"column":33},"end":{"line":290,"column":69}},"79":{"start":{"line":291,"column":26},"end":{"line":295,"column":5}},"80":{"start":{"line":297,"column":4},"end":{"line":303,"column":7}},"81":{"start":{"line":305,"column":4},"end":{"line":305,"column":25}},"82":{"start":{"line":313,"column":33},"end":{"line":313,"column":69}},"83":{"start":{"line":314,"column":22},"end":{"line":314,"column":32}},"84":{"start":{"line":316,"column":30},"end":{"line":316,"column":78}},"85":{"start":{"line":317,"column":28},"end":{"line":317,"column":85}},"86":{"start":{"line":319,"column":4},"end":{"line":324,"column":7}},"87":{"start":{"line":326,"column":4},"end":{"line":331,"column":6}},"88":{"start":{"line":338,"column":4},"end":{"line":348,"column":5}},"89":{"start":{"line":339,"column":6},"end":{"line":339,"column":100}},"90":{"start":{"line":340,"column":11},"end":{"line":348,"column":5}},"91":{"start":{"line":341,"column":6},"end":{"line":341,"column":96}},"92":{"start":{"line":342,"column":11},"end":{"line":348,"column":5}},"93":{"start":{"line":343,"column":6},"end":{"line":343,"column":95}},"94":{"start":{"line":344,"column":11},"end":{"line":348,"column":5}},"95":{"start":{"line":345,"column":6},"end":{"line":345,"column":96}},"96":{"start":{"line":347,"column":6},"end":{"line":347,"column":103}},"97":{"start":{"line":355,"column":34},"end":{"line":355,"column":71}},"98":{"start":{"line":356,"column":4},"end":{"line":360,"column":6}},"99":{"start":{"line":368,"column":4},"end":{"line":379,"column":6}},"100":{"start":{"line":388,"column":23},"end":{"line":394,"column":5}},"101":{"start":{"line":396,"column":4},"end":{"line":396,"column":39}},"102":{"start":{"line":399,"column":4},"end":{"line":401,"column":5}},"103":{"start":{"line":400,"column":6},"end":{"line":400,"column":32}},"104":{"start":{"line":409,"column":4},"end":{"line":409,"column":34}},"105":{"start":{"line":416,"column":4},"end":{"line":416,"column":27}},"106":{"start":{"line":424,"column":4},"end":{"line":424,"column":45}},"107":{"start":{"line":426,"column":4},"end":{"line":428,"column":5}},"108":{"start":{"line":427,"column":6},"end":{"line":427,"column":32}}},"fnMap":{"0":{"name":"(anonymous_0)","decl":{"start":{"line":20,"column":2},"end":{"line":20,"column":3}},"loc":{"start":{"line":20,"column":35},"end":{"line":24,"column":3}},"line":20},"1":{"name":"(anonymous_1)","decl":{"start":{"line":31,"column":2},"end":{"line":31,"column":3}},"loc":{"start":{"line":31,"column":23},"end":{"line":47,"column":3}},"line":31},"2":{"name":"(anonymous_2)","decl":{"start":{"line":54,"column":2},"end":{"line":54,"column":3}},"loc":{"start":{"line":54,"column":24},"end":{"line":64,"column":3}},"line":54},"3":{"name":"(anonymous_3)","decl":{"start":{"line":71,"column":2},"end":{"line":71,"column":3}},"loc":{"start":{"line":71,"column":30},"end":{"line":88,"column":3}},"line":71},"4":{"name":"(anonymous_4)","decl":{"start":{"line":95,"column":2},"end":{"line":95,"column":3}},"loc":{"start":{"line":95,"column":27},"end":{"line":118,"column":3}},"line":95},"5":{"name":"(anonymous_5)","decl":{"start":{"line":123,"column":2},"end":{"line":123,"column":3}},"loc":{"start":{"line":123,"column":51},"end":{"line":127,"column":3}},"line":123},"6":{"name":"(anonymous_6)","decl":{"start":{"line":132,"column":2},"end":{"line":132,"column":3}},"loc":{"start":{"line":132,"column":47},"end":{"line":139,"column":3}},"line":132},"7":{"name":"(anonymous_7)","decl":{"start":{"line":144,"column":2},"end":{"line":144,"column":3}},"loc":{"start":{"line":144,"column":55},"end":{"line":148,"column":3}},"line":144},"8":{"name":"(anonymous_8)","decl":{"start":{"line":154,"column":2},"end":{"line":154,"column":3}},"loc":{"start":{"line":154,"column":34},"end":{"line":176,"column":3}},"line":154},"9":{"name":"(anonymous_9)","decl":{"start":{"line":181,"column":2},"end":{"line":181,"column":3}},"loc":{"start":{"line":181,"column":30},"end":{"line":187,"column":3}},"line":181},"10":{"name":"(anonymous_10)","decl":{"start":{"line":182,"column":22},"end":{"line":182,"column":23}},"loc":{"start":{"line":182,"column":32},"end":{"line":186,"column":5}},"line":182},"11":{"name":"(anonymous_11)","decl":{"start":{"line":193,"column":2},"end":{"line":193,"column":3}},"loc":{"start":{"line":193,"column":42},"end":{"line":204,"column":3}},"line":193},"12":{"name":"(anonymous_12)","decl":{"start":{"line":209,"column":2},"end":{"line":209,"column":3}},"loc":{"start":{"line":209,"column":54},"end":{"line":212,"column":3}},"line":209},"13":{"name":"(anonymous_13)","decl":{"start":{"line":217,"column":2},"end":{"line":217,"column":3}},"loc":{"start":{"line":217,"column":37},"end":{"line":219,"column":3}},"line":217},"14":{"name":"(anonymous_14)","decl":{"start":{"line":224,"column":2},"end":{"line":224,"column":3}},"loc":{"start":{"line":224,"column":66},"end":{"line":240,"column":3}},"line":224},"15":{"name":"(anonymous_15)","decl":{"start":{"line":246,"column":2},"end":{"line":246,"column":3}},"loc":{"start":{"line":246,"column":35},"end":{"line":262,"column":3}},"line":246},"16":{"name":"(anonymous_16)","decl":{"start":{"line":267,"column":2},"end":{"line":267,"column":3}},"loc":{"start":{"line":267,"column":54},"end":{"line":270,"column":3}},"line":267},"17":{"name":"(anonymous_17)","decl":{"start":{"line":275,"column":2},"end":{"line":275,"column":3}},"loc":{"start":{"line":275,"column":36},"end":{"line":277,"column":3}},"line":275},"18":{"name":"(anonymous_18)","decl":{"start":{"line":283,"column":2},"end":{"line":283,"column":3}},"loc":{"start":{"line":283,"column":32},"end":{"line":306,"column":3}},"line":283},"19":{"name":"(anonymous_19)","decl":{"start":{"line":312,"column":2},"end":{"line":312,"column":3}},"loc":{"start":{"line":312,"column":22},"end":{"line":332,"column":3}},"line":312},"20":{"name":"(anonymous_20)","decl":{"start":{"line":337,"column":2},"end":{"line":337,"column":3}},"loc":{"start":{"line":337,"column":37},"end":{"line":349,"column":3}},"line":337},"21":{"name":"(anonymous_21)","decl":{"start":{"line":354,"column":2},"end":{"line":354,"column":3}},"loc":{"start":{"line":354,"column":24},"end":{"line":361,"column":3}},"line":354},"22":{"name":"(anonymous_22)","decl":{"start":{"line":367,"column":2},"end":{"line":367,"column":3}},"loc":{"start":{"line":367,"column":12},"end":{"line":380,"column":3}},"line":367},"23":{"name":"(anonymous_23)","decl":{"start":{"line":387,"column":2},"end":{"line":387,"column":3}},"loc":{"start":{"line":387,"column":30},"end":{"line":402,"column":3}},"line":387},"24":{"name":"(anonymous_24)","decl":{"start":{"line":408,"column":2},"end":{"line":408,"column":3}},"loc":{"start":{"line":408,"column":20},"end":{"line":410,"column":3}},"line":408},"25":{"name":"(anonymous_25)","decl":{"start":{"line":415,"column":2},"end":{"line":415,"column":3}},"loc":{"start":{"line":415,"column":22},"end":{"line":417,"column":3}},"line":415},"26":{"name":"(anonymous_26)","decl":{"start":{"line":423,"column":2},"end":{"line":423,"column":3}},"loc":{"start":{"line":423,"column":40},"end":{"line":429,"column":3}},"line":423}},"branchMap":{"0":{"loc":{"start":{"line":20,"column":21},"end":{"line":20,"column":33}},"type":"default-arg","locations":[{"start":{"line":20,"column":31},"end":{"line":20,"column":33}}],"line":20},"1":{"loc":{"start":{"line":22,"column":34},"end":{"line":22,"column":92}},"type":"binary-expr","locations":[{"start":{"line":22,"column":34},"end":{"line":22,"column":64}},{"start":{"line":22,"column":68},"end":{"line":22,"column":92}}],"line":22},"2":{"loc":{"start":{"line":32,"column":4},"end":{"line":34,"column":5}},"type":"if","locations":[{"start":{"line":32,"column":4},"end":{"line":34,"column":5}},{"start":{},"end":{}}],"line":32},"3":{"loc":{"start":{"line":32,"column":8},"end":{"line":32,"column":43}},"type":"binary-expr","locations":[{"start":{"line":32,"column":8},"end":{"line":32,"column":14}},{"start":{"line":32,"column":18},"end":{"line":32,"column":43}}],"line":32},"4":{"loc":{"start":{"line":37,"column":13},"end":{"line":37,"column":41}},"type":"binary-expr","locations":[{"start":{"line":37,"column":13},"end":{"line":37,"column":24}},{"start":{"line":37,"column":28},"end":{"line":37,"column":41}}],"line":37},"5":{"loc":{"start":{"line":39,"column":20},"end":{"line":39,"column":46}},"type":"binary-expr","locations":[{"start":{"line":39,"column":20},"end":{"line":39,"column":38}},{"start":{"line":39,"column":42},"end":{"line":39,"column":46}}],"line":39},"6":{"loc":{"start":{"line":40,"column":19},"end":{"line":40,"column":59}},"type":"binary-expr","locations":[{"start":{"line":40,"column":19},"end":{"line":40,"column":36}},{"start":{"line":40,"column":40},"end":{"line":40,"column":59}}],"line":40},"7":{"loc":{"start":{"line":41,"column":16},"end":{"line":41,"column":50}},"type":"binary-expr","locations":[{"start":{"line":41,"column":16},"end":{"line":41,"column":30}},{"start":{"line":41,"column":34},"end":{"line":41,"column":50}}],"line":41},"8":{"loc":{"start":{"line":42,"column":14},"end":{"line":42,"column":44}},"type":"binary-expr","locations":[{"start":{"line":42,"column":14},"end":{"line":42,"column":26}},{"start":{"line":42,"column":30},"end":{"line":42,"column":44}}],"line":42},"9":{"loc":{"start":{"line":55,"column":18},"end":{"line":55,"column":46}},"type":"binary-expr","locations":[{"start":{"line":55,"column":18},"end":{"line":55,"column":29}},{"start":{"line":55,"column":33},"end":{"line":55,"column":46}}],"line":55},"10":{"loc":{"start":{"line":57,"column":4},"end":{"line":63,"column":5}},"type":"if","locations":[{"start":{"line":57,"column":4},"end":{"line":63,"column":5}},{"start":{"line":59,"column":11},"end":{"line":63,"column":5}}],"line":57},"11":{"loc":{"start":{"line":59,"column":11},"end":{"line":63,"column":5}},"type":"if","locations":[{"start":{"line":59,"column":11},"end":{"line":63,"column":5}},{"start":{"line":61,"column":11},"end":{"line":63,"column":5}}],"line":59},"12":{"loc":{"start":{"line":72,"column":24},"end":{"line":72,"column":66}},"type":"binary-expr","locations":[{"start":{"line":72,"column":24},"end":{"line":72,"column":45}},{"start":{"line":72,"column":49},"end":{"line":72,"column":66}}],"line":72},"13":{"loc":{"start":{"line":74,"column":4},"end":{"line":76,"column":5}},"type":"if","locations":[{"start":{"line":74,"column":4},"end":{"line":76,"column":5}},{"start":{},"end":{}}],"line":74},"14":{"loc":{"start":{"line":74,"column":8},"end":{"line":74,"column":75}},"type":"binary-expr","locations":[{"start":{"line":74,"column":8},"end":{"line":74,"column":20}},{"start":{"line":74,"column":24},"end":{"line":74,"column":55}},{"start":{"line":74,"column":59},"end":{"line":74,"column":75}}],"line":74},"15":{"loc":{"start":{"line":78,"column":4},"end":{"line":80,"column":5}},"type":"if","locations":[{"start":{"line":78,"column":4},"end":{"line":80,"column":5}},{"start":{},"end":{}}],"line":78},"16":{"loc":{"start":{"line":78,"column":8},"end":{"line":78,"column":70}},"type":"binary-expr","locations":[{"start":{"line":78,"column":8},"end":{"line":78,"column":37}},{"start":{"line":78,"column":41},"end":{"line":78,"column":70}}],"line":78},"17":{"loc":{"start":{"line":96,"column":21},"end":{"line":96,"column":39}},"type":"binary-expr","locations":[{"start":{"line":96,"column":21},"end":{"line":96,"column":33}},{"start":{"line":96,"column":37},"end":{"line":96,"column":39}}],"line":96},"18":{"loc":{"start":{"line":97,"column":24},"end":{"line":97,"column":42}},"type":"binary-expr","locations":[{"start":{"line":97,"column":24},"end":{"line":97,"column":36}},{"start":{"line":97,"column":40},"end":{"line":97,"column":42}}],"line":97},"19":{"loc":{"start":{"line":124,"column":4},"end":{"line":126,"column":5}},"type":"if","locations":[{"start":{"line":124,"column":4},"end":{"line":126,"column":5}},{"start":{},"end":{}}],"line":124},"20":{"loc":{"start":{"line":124,"column":8},"end":{"line":124,"column":75}},"type":"binary-expr","locations":[{"start":{"line":124,"column":8},"end":{"line":124,"column":20}},{"start":{"line":124,"column":24},"end":{"line":124,"column":55}},{"start":{"line":124,"column":59},"end":{"line":124,"column":75}}],"line":124},"21":{"loc":{"start":{"line":133,"column":4},"end":{"line":135,"column":5}},"type":"if","locations":[{"start":{"line":133,"column":4},"end":{"line":135,"column":5}},{"start":{},"end":{}}],"line":133},"22":{"loc":{"start":{"line":133,"column":8},"end":{"line":133,"column":69}},"type":"binary-expr","locations":[{"start":{"line":133,"column":8},"end":{"line":133,"column":18}},{"start":{"line":133,"column":22},"end":{"line":133,"column":51}},{"start":{"line":133,"column":55},"end":{"line":133,"column":69}}],"line":133},"23":{"loc":{"start":{"line":136,"column":4},"end":{"line":138,"column":5}},"type":"if","locations":[{"start":{"line":136,"column":4},"end":{"line":138,"column":5}},{"start":{},"end":{}}],"line":136},"24":{"loc":{"start":{"line":145,"column":4},"end":{"line":147,"column":5}},"type":"if","locations":[{"start":{"line":145,"column":4},"end":{"line":147,"column":5}},{"start":{},"end":{}}],"line":145},"25":{"loc":{"start":{"line":160,"column":4},"end":{"line":166,"column":5}},"type":"if","locations":[{"start":{"line":160,"column":4},"end":{"line":166,"column":5}},{"start":{"line":163,"column":11},"end":{"line":166,"column":5}}],"line":160},"26":{"loc":{"start":{"line":163,"column":11},"end":{"line":166,"column":5}},"type":"if","locations":[{"start":{"line":163,"column":11},"end":{"line":166,"column":5}},{"start":{},"end":{}}],"line":163},"27":{"loc":{"start":{"line":199,"column":4},"end":{"line":201,"column":5}},"type":"if","locations":[{"start":{"line":199,"column":4},"end":{"line":201,"column":5}},{"start":{},"end":{}}],"line":199},"28":{"loc":{"start":{"line":218,"column":11},"end":{"line":218,"column":77}},"type":"binary-expr","locations":[{"start":{"line":218,"column":11},"end":{"line":218,"column":23}},{"start":{"line":218,"column":27},"end":{"line":218,"column":51}},{"start":{"line":218,"column":55},"end":{"line":218,"column":77}}],"line":218},"29":{"loc":{"start":{"line":247,"column":4},"end":{"line":249,"column":5}},"type":"if","locations":[{"start":{"line":247,"column":4},"end":{"line":249,"column":5}},{"start":{},"end":{}}],"line":247},"30":{"loc":{"start":{"line":276,"column":11},"end":{"line":276,"column":83}},"type":"cond-expr","locations":[{"start":{"line":276,"column":19},"end":{"line":276,"column":50}},{"start":{"line":276,"column":53},"end":{"line":276,"column":83}}],"line":276},"31":{"loc":{"start":{"line":286,"column":4},"end":{"line":288,"column":5}},"type":"if","locations":[{"start":{"line":286,"column":4},"end":{"line":288,"column":5}},{"start":{},"end":{}}],"line":286},"32":{"loc":{"start":{"line":317,"column":28},"end":{"line":317,"column":85}},"type":"cond-expr","locations":[{"start":{"line":317,"column":52},"end":{"line":317,"column":78}},{"start":{"line":317,"column":81},"end":{"line":317,"column":85}}],"line":317},"33":{"loc":{"start":{"line":338,"column":4},"end":{"line":348,"column":5}},"type":"if","locations":[{"start":{"line":338,"column":4},"end":{"line":348,"column":5}},{"start":{"line":340,"column":11},"end":{"line":348,"column":5}}],"line":338},"34":{"loc":{"start":{"line":340,"column":11},"end":{"line":348,"column":5}},"type":"if","locations":[{"start":{"line":340,"column":11},"end":{"line":348,"column":5}},{"start":{"line":342,"column":11},"end":{"line":348,"column":5}}],"line":340},"35":{"loc":{"start":{"line":342,"column":11},"end":{"line":348,"column":5}},"type":"if","locations":[{"start":{"line":342,"column":11},"end":{"line":348,"column":5}},{"start":{"line":344,"column":11},"end":{"line":348,"column":5}}],"line":342},"36":{"loc":{"start":{"line":344,"column":11},"end":{"line":348,"column":5}},"type":"if","locations":[{"start":{"line":344,"column":11},"end":{"line":348,"column":5}},{"start":{"line":346,"column":11},"end":{"line":348,"column":5}}],"line":344},"37":{"loc":{"start":{"line":358,"column":22},"end":{"line":358,"column":106}},"type":"cond-expr","locations":[{"start":{"line":358,"column":52},"end":{"line":358,"column":84}},{"start":{"line":358,"column":87},"end":{"line":358,"column":106}}],"line":358},"38":{"loc":{"start":{"line":359,"column":22},"end":{"line":359,"column":110}},"type":"cond-expr","locations":[{"start":{"line":359,"column":52},"end":{"line":359,"column":79}},{"start":{"line":359,"column":82},"end":{"line":359,"column":110}}],"line":359},"39":{"loc":{"start":{"line":399,"column":4},"end":{"line":401,"column":5}},"type":"if","locations":[{"start":{"line":399,"column":4},"end":{"line":401,"column":5}},{"start":{},"end":{}}],"line":399}},"s":{"0":1,"1":1,"2":1,"3":1,"4":1,"5":1,"6":1,"7":1,"8":1,"9":1,"10":50,"11":50,"12":50,"13":50,"14":2,"15":48,"16":36,"17":36,"18":48,"19":48,"20":29,"21":19,"22":18,"23":1,"24":29,"25":29,"26":2,"27":27,"28":2,"29":25,"30":18,"31":18,"32":18,"33":16,"34":13,"35":12,"36":11,"37":31,"38":3,"39":16,"40":2,"41":14,"42":1,"43":12,"44":1,"45":18,"46":18,"47":14,"48":14,"49":4,"50":4,"51":4,"52":18,"53":18,"54":18,"55":22,"56":4,"57":4,"58":4,"59":4,"60":0,"61":4,"62":4,"63":10,"64":0,"65":0,"66":0,"67":9,"68":3,"69":6,"70":6,"71":6,"72":6,"73":6,"74":6,"75":6,"76":6,"77":4,"78":2,"79":2,"80":2,"81":2,"82":10,"83":10,"84":10,"85":10,"86":10,"87":10,"88":10,"89":1,"90":9,"91":4,"92":5,"93":3,"94":2,"95":1,"96":1,"97":2,"98":2,"99":3,"100":76,"101":76,"102":76,"103":0,"104":8,"105":0,"106":0,"107":0,"108":0},"f":{"0":50,"1":50,"2":48,"3":29,"4":18,"5":31,"6":16,"7":12,"8":18,"9":18,"10":22,"11":4,"12":4,"13":10,"14":0,"15":9,"16":6,"17":6,"18":6,"19":10,"20":10,"21":2,"22":3,"23":76,"24":8,"25":0,"26":0},"b":{"0":[50],"1":[50,50],"2":[2,48],"3":[50,48],"4":[48,28],"5":[36,34],"6":[36,35],"7":[36,35],"8":[36,35],"9":[48,28],"10":[29,19],"11":[18,1],"12":[29,1],"13":[2,27],"14":[29,28,28],"15":[2,25],"16":[27,26],"17":[18,0],"18":[18,1],"19":[3,28],"20":[31,28,28],"21":[2,14],"22":[16,14,14],"23":[1,13],"24":[1,11],"25":[14,4],"26":[4,0],"27":[0,4],"28":[10,2,2],"29":[3,6],"30":[5,1],"31":[4,2],"32":[2,8],"33":[1,9],"34":[4,5],"35":[3,2],"36":[1,1],"37":[0,2],"38":[0,2],"39":[0,76]},"_coverageSchema":"1a1c01bbd47fc00a2c39e90264f33305004495a9","hash":"e2ba0a104a797a246c0acc22d204eede85f13631"}
,"C:\\grounding-calculator\\src\\engine\\fem\\solvers\\ConjugateGradientSolver.js": {"path":"C:\\grounding-calculator\\src\\engine\\fem\\solvers\\ConjugateGradientSolver.js","statementMap":{"0":{"start":{"line":6,"column":4},"end":{"line":6,"column":55}},"1":{"start":{"line":7,"column":4},"end":{"line":7,"column":47}},"2":{"start":{"line":8,"column":4},"end":{"line":8,"column":63}},"3":{"start":{"line":15,"column":22},"end":{"line":15,"column":39}},"4":{"start":{"line":18,"column":12},"end":{"line":18,"column":32}},"5":{"start":{"line":21,"column":12},"end":{"line":21,"column":44}},"6":{"start":{"line":24,"column":12},"end":{"line":24,"column":18}},"7":{"start":{"line":27,"column":4},"end":{"line":29,"column":5}},"8":{"start":{"line":28,"column":6},"end":{"line":28,"column":37}},"9":{"start":{"line":31,"column":23},"end":{"line":31,"column":35}},"10":{"start":{"line":32,"column":28},"end":{"line":32,"column":40}},"11":{"start":{"line":34,"column":21},"end":{"line":34,"column":22}},"12":{"start":{"line":36,"column":4},"end":{"line":76,"column":5}},"13":{"start":{"line":38,"column":17},"end":{"line":38,"column":50}},"14":{"start":{"line":41,"column":20},"end":{"line":41,"column":41}},"15":{"start":{"line":42,"column":21},"end":{"line":42,"column":43}},"16":{"start":{"line":44,"column":6},"end":{"line":44,"column":42}},"17":{"start":{"line":44,"column":36},"end":{"line":44,"column":42}},"18":{"start":{"line":46,"column":20},"end":{"line":46,"column":34}},"19":{"start":{"line":49,"column":6},"end":{"line":51,"column":7}},"20":{"start":{"line":49,"column":19},"end":{"line":49,"column":20}},"21":{"start":{"line":50,"column":8},"end":{"line":50,"column":29}},"22":{"start":{"line":54,"column":6},"end":{"line":56,"column":7}},"23":{"start":{"line":54,"column":19},"end":{"line":54,"column":20}},"24":{"start":{"line":55,"column":8},"end":{"line":55,"column":30}},"25":{"start":{"line":59,"column":30},"end":{"line":59,"column":42}},"26":{"start":{"line":62,"column":6},"end":{"line":64,"column":7}},"27":{"start":{"line":63,"column":8},"end":{"line":63,"column":14}},"28":{"start":{"line":67,"column":23},"end":{"line":67,"column":44}},"29":{"start":{"line":68,"column":19},"end":{"line":68,"column":35}},"30":{"start":{"line":71,"column":6},"end":{"line":73,"column":7}},"31":{"start":{"line":71,"column":19},"end":{"line":71,"column":20}},"32":{"start":{"line":72,"column":8},"end":{"line":72,"column":34}},"33":{"start":{"line":75,"column":6},"end":{"line":75,"column":37}},"34":{"start":{"line":78,"column":20},"end":{"line":78,"column":37}},"35":{"start":{"line":80,"column":4},"end":{"line":86,"column":6}},"36":{"start":{"line":93,"column":19},"end":{"line":93,"column":39}},"37":{"start":{"line":95,"column":4},"end":{"line":105,"column":5}},"38":{"start":{"line":95,"column":17},"end":{"line":95,"column":18}},"39":{"start":{"line":96,"column":20},"end":{"line":96,"column":36}},"40":{"start":{"line":97,"column":18},"end":{"line":97,"column":38}},"41":{"start":{"line":99,"column":16},"end":{"line":99,"column":17}},"42":{"start":{"line":100,"column":6},"end":{"line":103,"column":7}},"43":{"start":{"line":100,"column":19},"end":{"line":100,"column":24}},"44":{"start":{"line":101,"column":20},"end":{"line":101,"column":35}},"45":{"start":{"line":102,"column":8},"end":{"line":102,"column":36}},"46":{"start":{"line":104,"column":6},"end":{"line":104,"column":22}},"47":{"start":{"line":107,"column":4},"end":{"line":107,"column":18}},"48":{"start":{"line":114,"column":15},"end":{"line":114,"column":48}},"49":{"start":{"line":115,"column":14},"end":{"line":115,"column":26}},"50":{"start":{"line":117,"column":4},"end":{"line":119,"column":5}},"51":{"start":{"line":117,"column":17},"end":{"line":117,"column":18}},"52":{"start":{"line":118,"column":6},"end":{"line":118,"column":26}},"53":{"start":{"line":121,"column":4},"end":{"line":121,"column":13}},"54":{"start":{"line":130,"column":19},"end":{"line":130,"column":22}},"55":{"start":{"line":132,"column":4},"end":{"line":134,"column":5}},"56":{"start":{"line":132,"column":17},"end":{"line":132,"column":18}},"57":{"start":{"line":133,"column":6},"end":{"line":133,"column":27}},"58":{"start":{"line":141,"column":14},"end":{"line":141,"column":15}},"59":{"start":{"line":142,"column":4},"end":{"line":144,"column":5}},"60":{"start":{"line":142,"column":17},"end":{"line":142,"column":18}},"61":{"start":{"line":143,"column":6},"end":{"line":143,"column":25}},"62":{"start":{"line":145,"column":4},"end":{"line":145,"column":15}},"63":{"start":{"line":152,"column":4},"end":{"line":152,"column":44}}},"fnMap":{"0":{"name":"(anonymous_0)","decl":{"start":{"line":5,"column":2},"end":{"line":5,"column":3}},"loc":{"start":{"line":5,"column":28},"end":{"line":9,"column":3}},"line":5},"1":{"name":"(anonymous_1)","decl":{"start":{"line":14,"column":2},"end":{"line":14,"column":3}},"loc":{"start":{"line":14,"column":17},"end":{"line":87,"column":3}},"line":14},"2":{"name":"(anonymous_2)","decl":{"start":{"line":92,"column":2},"end":{"line":92,"column":3}},"loc":{"start":{"line":92,"column":31},"end":{"line":108,"column":3}},"line":92},"3":{"name":"(anonymous_3)","decl":{"start":{"line":113,"column":2},"end":{"line":113,"column":3}},"loc":{"start":{"line":113,"column":30},"end":{"line":122,"column":3}},"line":113},"4":{"name":"(anonymous_4)","decl":{"start":{"line":127,"column":2},"end":{"line":127,"column":3}},"loc":{"start":{"line":127,"column":28},"end":{"line":135,"column":3}},"line":127},"5":{"name":"(anonymous_5)","decl":{"start":{"line":140,"column":2},"end":{"line":140,"column":3}},"loc":{"start":{"line":140,"column":19},"end":{"line":146,"column":3}},"line":140},"6":{"name":"(anonymous_6)","decl":{"start":{"line":151,"column":2},"end":{"line":151,"column":3}},"loc":{"start":{"line":151,"column":10},"end":{"line":153,"column":3}},"line":151}},"branchMap":{"0":{"loc":{"start":{"line":5,"column":14},"end":{"line":5,"column":26}},"type":"default-arg","locations":[{"start":{"line":5,"column":24},"end":{"line":5,"column":26}}],"line":5},"1":{"loc":{"start":{"line":6,"column":25},"end":{"line":6,"column":54}},"type":"binary-expr","locations":[{"start":{"line":6,"column":25},"end":{"line":6,"column":46}},{"start":{"line":6,"column":50},"end":{"line":6,"column":54}}],"line":6},"2":{"loc":{"start":{"line":7,"column":21},"end":{"line":7,"column":46}},"type":"binary-expr","locations":[{"start":{"line":7,"column":21},"end":{"line":7,"column":38}},{"start":{"line":7,"column":42},"end":{"line":7,"column":46}}],"line":7},"3":{"loc":{"start":{"line":8,"column":26},"end":{"line":8,"column":62}},"type":"binary-expr","locations":[{"start":{"line":8,"column":26},"end":{"line":8,"column":48}},{"start":{"line":8,"column":52},"end":{"line":8,"column":62}}],"line":8},"4":{"loc":{"start":{"line":27,"column":4},"end":{"line":29,"column":5}},"type":"if","locations":[{"start":{"line":27,"column":4},"end":{"line":29,"column":5}},{"start":{},"end":{}}],"line":27},"5":{"loc":{"start":{"line":44,"column":6},"end":{"line":44,"column":42}},"type":"if","locations":[{"start":{"line":44,"column":6},"end":{"line":44,"column":42}},{"start":{},"end":{}}],"line":44},"6":{"loc":{"start":{"line":62,"column":6},"end":{"line":64,"column":7}},"type":"if","locations":[{"start":{"line":62,"column":6},"end":{"line":64,"column":7}},{"start":{},"end":{}}],"line":62}},"s":{"0":17,"1":17,"2":17,"3":6,"4":6,"5":6,"6":6,"7":6,"8":5,"9":6,"10":6,"11":6,"12":6,"13":6,"14":6,"15":6,"16":6,"17":0,"18":6,"19":6,"20":6,"21":10,"22":6,"23":6,"24":10,"25":6,"26":6,"27":6,"28":0,"29":0,"30":0,"31":0,"32":0,"33":0,"34":6,"35":6,"36":16,"37":16,"38":16,"39":26,"40":26,"41":26,"42":26,"43":26,"44":28,"45":28,"46":26,"47":16,"48":8,"49":8,"50":8,"51":8,"52":12,"53":8,"54":6,"55":6,"56":6,"57":10,"58":28,"59":28,"60":28,"61":50,"62":28,"63":14},"f":{"0":17,"1":6,"2":16,"3":8,"4":6,"5":28,"6":14},"b":{"0":[10],"1":[17,11],"2":[17,12],"3":[17,14],"4":[5,1],"5":[0,6],"6":[6,0]},"_coverageSchema":"1a1c01bbd47fc00a2c39e90264f33305004495a9","hash":"ba6cc0734b9ff833382ef4695160f6afa1a7a693"}
,"C:\\grounding-calculator\\src\\engine\\physics\\voltageMetrics.js": {"path":"C:\\grounding-calculator\\src\\engine\\physics\\voltageMetrics.js","statementMap":{"0":{"start":{"line":18,"column":18},"end":{"line":18,"column":37}},"1":{"start":{"line":18,"column":33},"end":{"line":18,"column":36}},"2":{"start":{"line":19,"column":18},"end":{"line":19,"column":37}},"3":{"start":{"line":19,"column":33},"end":{"line":19,"column":36}},"4":{"start":{"line":20,"column":15},"end":{"line":20,"column":35}},"5":{"start":{"line":21,"column":15},"end":{"line":21,"column":35}},"6":{"start":{"line":22,"column":15},"end":{"line":22,"column":35}},"7":{"start":{"line":23,"column":15},"end":{"line":23,"column":35}},"8":{"start":{"line":26,"column":17},"end":{"line":26,"column":20}},"9":{"start":{"line":27,"column":20},"end":{"line":32,"column":3}},"10":{"start":{"line":28,"column":4},"end":{"line":31,"column":40}},"11":{"start":{"line":34,"column":24},"end":{"line":39,"column":3}},"12":{"start":{"line":35,"column":4},"end":{"line":38,"column":39}},"13":{"start":{"line":41,"column":2},"end":{"line":46,"column":3}},"14":{"start":{"line":43,"column":23},"end":{"line":43,"column":82}},"15":{"start":{"line":43,"column":48},"end":{"line":43,"column":63}},"16":{"start":{"line":44,"column":23},"end":{"line":44,"column":61}},"17":{"start":{"line":44,"column":50},"end":{"line":44,"column":59}},"18":{"start":{"line":45,"column":4},"end":{"line":45,"column":35}},"19":{"start":{"line":49,"column":29},"end":{"line":49,"column":104}},"20":{"start":{"line":49,"column":62},"end":{"line":49,"column":77}},"21":{"start":{"line":52,"column":25},"end":{"line":52,"column":67}},"22":{"start":{"line":52,"column":56},"end":{"line":52,"column":65}},"23":{"start":{"line":54,"column":2},"end":{"line":54,"column":45}},"24":{"start":{"line":67,"column":16},"end":{"line":67,"column":17}},"25":{"start":{"line":69,"column":2},"end":{"line":89,"column":3}},"26":{"start":{"line":69,"column":15},"end":{"line":69,"column":16}},"27":{"start":{"line":70,"column":15},"end":{"line":70,"column":23}},"28":{"start":{"line":72,"column":4},"end":{"line":88,"column":5}},"29":{"start":{"line":72,"column":17},"end":{"line":72,"column":18}},"30":{"start":{"line":73,"column":17},"end":{"line":73,"column":25}},"31":{"start":{"line":75,"column":17},"end":{"line":75,"column":28}},"32":{"start":{"line":76,"column":17},"end":{"line":76,"column":28}},"33":{"start":{"line":77,"column":19},"end":{"line":77,"column":47}},"34":{"start":{"line":79,"column":6},"end":{"line":79,"column":30}},"35":{"start":{"line":79,"column":21},"end":{"line":79,"column":30}},"36":{"start":{"line":82,"column":17},"end":{"line":82,"column":50}},"37":{"start":{"line":83,"column":26},"end":{"line":83,"column":52}},"38":{"start":{"line":85,"column":6},"end":{"line":87,"column":7}},"39":{"start":{"line":86,"column":8},"end":{"line":86,"column":30}},"40":{"start":{"line":91,"column":2},"end":{"line":91,"column":17}},"41":{"start":{"line":104,"column":2},"end":{"line":104,"column":18}},"42":{"start":{"line":116,"column":2},"end":{"line":116,"column":18}},"43":{"start":{"line":128,"column":18},"end":{"line":128,"column":37}},"44":{"start":{"line":128,"column":33},"end":{"line":128,"column":36}},"45":{"start":{"line":129,"column":18},"end":{"line":129,"column":37}},"46":{"start":{"line":129,"column":33},"end":{"line":129,"column":36}},"47":{"start":{"line":130,"column":15},"end":{"line":130,"column":35}},"48":{"start":{"line":131,"column":15},"end":{"line":131,"column":35}},"49":{"start":{"line":132,"column":15},"end":{"line":132,"column":35}},"50":{"start":{"line":133,"column":15},"end":{"line":133,"column":35}},"51":{"start":{"line":135,"column":15},"end":{"line":135,"column":56}},"52":{"start":{"line":136,"column":15},"end":{"line":136,"column":56}},"53":{"start":{"line":138,"column":22},"end":{"line":138,"column":24}},"54":{"start":{"line":140,"column":2},"end":{"line":154,"column":3}},"55":{"start":{"line":140,"column":15},"end":{"line":140,"column":16}},"56":{"start":{"line":141,"column":16},"end":{"line":141,"column":18}},"57":{"start":{"line":142,"column":14},"end":{"line":142,"column":35}},"58":{"start":{"line":144,"column":4},"end":{"line":151,"column":5}},"59":{"start":{"line":144,"column":17},"end":{"line":144,"column":18}},"60":{"start":{"line":145,"column":16},"end":{"line":145,"column":37}},"61":{"start":{"line":148,"column":22},"end":{"line":148,"column":53}},"62":{"start":{"line":150,"column":6},"end":{"line":150,"column":34}},"63":{"start":{"line":153,"column":4},"end":{"line":153,"column":26}},"64":{"start":{"line":156,"column":2},"end":{"line":156,"column":21}},"65":{"start":{"line":169,"column":27},"end":{"line":169,"column":28}},"66":{"start":{"line":170,"column":19},"end":{"line":170,"column":20}},"67":{"start":{"line":172,"column":2},"end":{"line":179,"column":3}},"68":{"start":{"line":173,"column":17},"end":{"line":173,"column":65}},"69":{"start":{"line":174,"column":4},"end":{"line":174,"column":42}},"70":{"start":{"line":174,"column":22},"end":{"line":174,"column":42}},"71":{"start":{"line":176,"column":19},"end":{"line":176,"column":36}},"72":{"start":{"line":177,"column":4},"end":{"line":177,"column":48}},"73":{"start":{"line":178,"column":4},"end":{"line":178,"column":25}},"74":{"start":{"line":181,"column":2},"end":{"line":181,"column":33}},"75":{"start":{"line":193,"column":59},"end":{"line":193,"column":65}},"76":{"start":{"line":194,"column":15},"end":{"line":194,"column":17}},"77":{"start":{"line":196,"column":18},"end":{"line":196,"column":32}},"78":{"start":{"line":197,"column":18},"end":{"line":197,"column":31}},"79":{"start":{"line":199,"column":2},"end":{"line":217,"column":3}},"80":{"start":{"line":199,"column":15},"end":{"line":199,"column":16}},"81":{"start":{"line":200,"column":4},"end":{"line":200,"column":17}},"82":{"start":{"line":201,"column":4},"end":{"line":216,"column":5}},"83":{"start":{"line":201,"column":17},"end":{"line":201,"column":18}},"84":{"start":{"line":203,"column":21},"end":{"line":203,"column":50}},"85":{"start":{"line":204,"column":21},"end":{"line":204,"column":49}},"86":{"start":{"line":207,"column":16},"end":{"line":210,"column":7}},"87":{"start":{"line":213,"column":22},"end":{"line":213,"column":54}},"88":{"start":{"line":215,"column":6},"end":{"line":215,"column":27}},"89":{"start":{"line":219,"column":2},"end":{"line":219,"column":14}},"90":{"start":{"line":230,"column":17},"end":{"line":230,"column":41}},"91":{"start":{"line":231,"column":16},"end":{"line":231,"column":40}},"92":{"start":{"line":233,"column":2},"end":{"line":261,"column":3}},"93":{"start":{"line":233,"column":15},"end":{"line":233,"column":16}},"94":{"start":{"line":234,"column":4},"end":{"line":260,"column":5}},"95":{"start":{"line":234,"column":17},"end":{"line":234,"column":18}},"96":{"start":{"line":235,"column":16},"end":{"line":235,"column":33}},"97":{"start":{"line":238,"column":27},"end":{"line":238,"column":46}},"98":{"start":{"line":239,"column":6},"end":{"line":241,"column":7}},"99":{"start":{"line":240,"column":8},"end":{"line":240,"column":49}},"100":{"start":{"line":244,"column":20},"end":{"line":244,"column":43}},"101":{"start":{"line":245,"column":6},"end":{"line":250,"column":7}},"102":{"start":{"line":246,"column":28},"end":{"line":246,"column":63}},"103":{"start":{"line":247,"column":8},"end":{"line":249,"column":9}},"104":{"start":{"line":248,"column":10},"end":{"line":248,"column":49}},"105":{"start":{"line":253,"column":21},"end":{"line":253,"column":44}},"106":{"start":{"line":254,"column":6},"end":{"line":259,"column":7}},"107":{"start":{"line":255,"column":28},"end":{"line":255,"column":64}},"108":{"start":{"line":256,"column":8},"end":{"line":258,"column":9}},"109":{"start":{"line":257,"column":10},"end":{"line":257,"column":49}},"110":{"start":{"line":263,"column":2},"end":{"line":263,"column":31}},"111":{"start":{"line":277,"column":17},"end":{"line":277,"column":18}},"112":{"start":{"line":279,"column":2},"end":{"line":297,"column":3}},"113":{"start":{"line":279,"column":15},"end":{"line":279,"column":16}},"114":{"start":{"line":280,"column":15},"end":{"line":280,"column":23}},"115":{"start":{"line":282,"column":4},"end":{"line":296,"column":5}},"116":{"start":{"line":282,"column":17},"end":{"line":282,"column":18}},"117":{"start":{"line":283,"column":17},"end":{"line":283,"column":25}},"118":{"start":{"line":285,"column":17},"end":{"line":285,"column":28}},"119":{"start":{"line":286,"column":17},"end":{"line":286,"column":28}},"120":{"start":{"line":287,"column":19},"end":{"line":287,"column":47}},"121":{"start":{"line":289,"column":6},"end":{"line":289,"column":30}},"122":{"start":{"line":289,"column":21},"end":{"line":289,"column":30}},"123":{"start":{"line":292,"column":17},"end":{"line":292,"column":50}},"124":{"start":{"line":293,"column":27},"end":{"line":293,"column":47}},"125":{"start":{"line":295,"column":6},"end":{"line":295,"column":59}},"126":{"start":{"line":295,"column":35},"end":{"line":295,"column":59}},"127":{"start":{"line":299,"column":2},"end":{"line":299,"column":18}},"128":{"start":{"line":314,"column":22},"end":{"line":317,"column":4}},"129":{"start":{"line":315,"column":17},"end":{"line":315,"column":59}},"130":{"start":{"line":316,"column":4},"end":{"line":316,"column":28}},"131":{"start":{"line":319,"column":2},"end":{"line":321,"column":3}},"132":{"start":{"line":320,"column":4},"end":{"line":320,"column":42}},"133":{"start":{"line":324,"column":11},"end":{"line":324,"column":12}},"134":{"start":{"line":324,"column":19},"end":{"line":324,"column":20}},"135":{"start":{"line":325,"column":14},"end":{"line":325,"column":15}},"136":{"start":{"line":327,"column":2},"end":{"line":337,"column":3}},"137":{"start":{"line":328,"column":15},"end":{"line":328,"column":25}},"138":{"start":{"line":329,"column":15},"end":{"line":329,"column":25}},"139":{"start":{"line":330,"column":17},"end":{"line":330,"column":45}},"140":{"start":{"line":332,"column":4},"end":{"line":336,"column":5}},"141":{"start":{"line":333,"column":6},"end":{"line":333,"column":48}},"142":{"start":{"line":334,"column":6},"end":{"line":334,"column":48}},"143":{"start":{"line":335,"column":6},"end":{"line":335,"column":14}},"144":{"start":{"line":339,"column":2},"end":{"line":342,"column":3}},"145":{"start":{"line":340,"column":4},"end":{"line":340,"column":16}},"146":{"start":{"line":341,"column":4},"end":{"line":341,"column":16}},"147":{"start":{"line":344,"column":20},"end":{"line":344,"column":48}},"148":{"start":{"line":346,"column":2},"end":{"line":346,"column":31}},"149":{"start":{"line":359,"column":2},"end":{"line":360,"column":46}},"150":{"start":{"line":359,"column":27},"end":{"line":359,"column":73}},"151":{"start":{"line":360,"column":25},"end":{"line":360,"column":43}}},"fnMap":{"0":{"name":"computeTouchVoltagePhysical","decl":{"start":{"line":16,"column":16},"end":{"line":16,"column":43}},"loc":{"start":{"line":16,"column":51},"end":{"line":55,"column":1}},"line":16},"1":{"name":"(anonymous_1)","decl":{"start":{"line":18,"column":28},"end":{"line":18,"column":29}},"loc":{"start":{"line":18,"column":33},"end":{"line":18,"column":36}},"line":18},"2":{"name":"(anonymous_2)","decl":{"start":{"line":19,"column":28},"end":{"line":19,"column":29}},"loc":{"start":{"line":19,"column":33},"end":{"line":19,"column":36}},"line":19},"3":{"name":"(anonymous_3)","decl":{"start":{"line":27,"column":33},"end":{"line":27,"column":34}},"loc":{"start":{"line":28,"column":4},"end":{"line":31,"column":40}},"line":28},"4":{"name":"(anonymous_4)","decl":{"start":{"line":34,"column":37},"end":{"line":34,"column":38}},"loc":{"start":{"line":35,"column":4},"end":{"line":38,"column":39}},"line":35},"5":{"name":"(anonymous_5)","decl":{"start":{"line":43,"column":36},"end":{"line":43,"column":37}},"loc":{"start":{"line":43,"column":48},"end":{"line":43,"column":63}},"line":43},"6":{"name":"(anonymous_6)","decl":{"start":{"line":44,"column":45},"end":{"line":44,"column":46}},"loc":{"start":{"line":44,"column":50},"end":{"line":44,"column":59}},"line":44},"7":{"name":"(anonymous_7)","decl":{"start":{"line":49,"column":50},"end":{"line":49,"column":51}},"loc":{"start":{"line":49,"column":62},"end":{"line":49,"column":77}},"line":49},"8":{"name":"(anonymous_8)","decl":{"start":{"line":52,"column":51},"end":{"line":52,"column":52}},"loc":{"start":{"line":52,"column":56},"end":{"line":52,"column":65}},"line":52},"9":{"name":"computeStepVoltagePhysical","decl":{"start":{"line":66,"column":16},"end":{"line":66,"column":42}},"loc":{"start":{"line":66,"column":68},"end":{"line":92,"column":1}},"line":66},"10":{"name":"computeTouchVoltageAnalytical","decl":{"start":{"line":103,"column":16},"end":{"line":103,"column":45}},"loc":{"start":{"line":103,"column":61},"end":{"line":105,"column":1}},"line":103},"11":{"name":"computeStepVoltageAnalytical","decl":{"start":{"line":115,"column":16},"end":{"line":115,"column":44}},"loc":{"start":{"line":115,"column":61},"end":{"line":117,"column":1}},"line":115},"12":{"name":"generateSurfaceGrid","decl":{"start":{"line":127,"column":16},"end":{"line":127,"column":35}},"loc":{"start":{"line":127,"column":59},"end":{"line":157,"column":1}},"line":127},"13":{"name":"(anonymous_13)","decl":{"start":{"line":128,"column":28},"end":{"line":128,"column":29}},"loc":{"start":{"line":128,"column":33},"end":{"line":128,"column":36}},"line":128},"14":{"name":"(anonymous_14)","decl":{"start":{"line":129,"column":28},"end":{"line":129,"column":29}},"loc":{"start":{"line":129,"column":33},"end":{"line":129,"column":36}},"line":129},"15":{"name":"interpolateVoltage","decl":{"start":{"line":168,"column":9},"end":{"line":168,"column":27}},"loc":{"start":{"line":168,"column":41},"end":{"line":182,"column":1}},"line":168},"16":{"name":"generateAnalyticalGrid","decl":{"start":{"line":192,"column":16},"end":{"line":192,"column":38}},"loc":{"start":{"line":192,"column":64},"end":{"line":220,"column":1}},"line":192},"17":{"name":"findCriticalPoints","decl":{"start":{"line":229,"column":16},"end":{"line":229,"column":34}},"loc":{"start":{"line":229,"column":48},"end":{"line":264,"column":1}},"line":229},"18":{"name":"computeTouchVoltageWithOffset","decl":{"start":{"line":276,"column":16},"end":{"line":276,"column":45}},"loc":{"start":{"line":276,"column":65},"end":{"line":300,"column":1}},"line":276},"19":{"name":"computeElectricGradient","decl":{"start":{"line":312,"column":16},"end":{"line":312,"column":39}},"loc":{"start":{"line":312,"column":66},"end":{"line":347,"column":1}},"line":312},"20":{"name":"(anonymous_20)","decl":{"start":{"line":314,"column":35},"end":{"line":314,"column":36}},"loc":{"start":{"line":314,"column":40},"end":{"line":317,"column":3}},"line":314},"21":{"name":"computeVoltageIsoline","decl":{"start":{"line":358,"column":16},"end":{"line":358,"column":37}},"loc":{"start":{"line":358,"column":74},"end":{"line":361,"column":1}},"line":358},"22":{"name":"(anonymous_22)","decl":{"start":{"line":359,"column":22},"end":{"line":359,"column":23}},"loc":{"start":{"line":359,"column":27},"end":{"line":359,"column":73}},"line":359},"23":{"name":"(anonymous_23)","decl":{"start":{"line":360,"column":19},"end":{"line":360,"column":20}},"loc":{"start":{"line":360,"column":25},"end":{"line":360,"column":43}},"line":360}},"branchMap":{"0":{"loc":{"start":{"line":28,"column":4},"end":{"line":31,"column":40}},"type":"binary-expr","locations":[{"start":{"line":28,"column":4},"end":{"line":28,"column":40}},{"start":{"line":29,"column":4},"end":{"line":29,"column":40}},{"start":{"line":30,"column":4},"end":{"line":30,"column":40}},{"start":{"line":31,"column":4},"end":{"line":31,"column":40}}],"line":28},"1":{"loc":{"start":{"line":35,"column":4},"end":{"line":38,"column":39}},"type":"binary-expr","locations":[{"start":{"line":35,"column":4},"end":{"line":35,"column":39}},{"start":{"line":36,"column":4},"end":{"line":36,"column":39}},{"start":{"line":37,"column":4},"end":{"line":37,"column":39}},{"start":{"line":38,"column":4},"end":{"line":38,"column":39}}],"line":35},"2":{"loc":{"start":{"line":41,"column":2},"end":{"line":46,"column":3}},"type":"if","locations":[{"start":{"line":41,"column":2},"end":{"line":46,"column":3}},{"start":{},"end":{}}],"line":41},"3":{"loc":{"start":{"line":66,"column":50},"end":{"line":66,"column":66}},"type":"default-arg","locations":[{"start":{"line":66,"column":65},"end":{"line":66,"column":66}}],"line":66},"4":{"loc":{"start":{"line":79,"column":6},"end":{"line":79,"column":30}},"type":"if","locations":[{"start":{"line":79,"column":6},"end":{"line":79,"column":30}},{"start":{},"end":{}}],"line":79},"5":{"loc":{"start":{"line":85,"column":6},"end":{"line":87,"column":7}},"type":"if","locations":[{"start":{"line":85,"column":6},"end":{"line":87,"column":7}},{"start":{},"end":{}}],"line":85},"6":{"loc":{"start":{"line":103,"column":51},"end":{"line":103,"column":59}},"type":"default-arg","locations":[{"start":{"line":103,"column":56},"end":{"line":103,"column":59}}],"line":103},"7":{"loc":{"start":{"line":115,"column":50},"end":{"line":115,"column":59}},"type":"default-arg","locations":[{"start":{"line":115,"column":55},"end":{"line":115,"column":59}}],"line":115},"8":{"loc":{"start":{"line":127,"column":43},"end":{"line":127,"column":57}},"type":"default-arg","locations":[{"start":{"line":127,"column":56},"end":{"line":127,"column":57}}],"line":127},"9":{"loc":{"start":{"line":174,"column":4},"end":{"line":174,"column":42}},"type":"if","locations":[{"start":{"line":174,"column":4},"end":{"line":174,"column":42}},{"start":{},"end":{}}],"line":174},"10":{"loc":{"start":{"line":192,"column":47},"end":{"line":192,"column":62}},"type":"default-arg","locations":[{"start":{"line":192,"column":60},"end":{"line":192,"column":62}}],"line":192},"11":{"loc":{"start":{"line":193,"column":38},"end":{"line":193,"column":54}},"type":"default-arg","locations":[{"start":{"line":193,"column":52},"end":{"line":193,"column":54}}],"line":193},"12":{"loc":{"start":{"line":239,"column":6},"end":{"line":241,"column":7}},"type":"if","locations":[{"start":{"line":239,"column":6},"end":{"line":241,"column":7}},{"start":{},"end":{}}],"line":239},"13":{"loc":{"start":{"line":245,"column":6},"end":{"line":250,"column":7}},"type":"if","locations":[{"start":{"line":245,"column":6},"end":{"line":250,"column":7}},{"start":{},"end":{}}],"line":245},"14":{"loc":{"start":{"line":247,"column":8},"end":{"line":249,"column":9}},"type":"if","locations":[{"start":{"line":247,"column":8},"end":{"line":249,"column":9}},{"start":{},"end":{}}],"line":247},"15":{"loc":{"start":{"line":254,"column":6},"end":{"line":259,"column":7}},"type":"if","locations":[{"start":{"line":254,"column":6},"end":{"line":259,"column":7}},{"start":{},"end":{}}],"line":254},"16":{"loc":{"start":{"line":256,"column":8},"end":{"line":258,"column":9}},"type":"if","locations":[{"start":{"line":256,"column":8},"end":{"line":258,"column":9}},{"start":{},"end":{}}],"line":256},"17":{"loc":{"start":{"line":276,"column":53},"end":{"line":276,"column":63}},"type":"default-arg","locations":[{"start":{"line":276,"column":62},"end":{"line":276,"column":63}}],"line":276},"18":{"loc":{"start":{"line":289,"column":6},"end":{"line":289,"column":30}},"type":"if","locations":[{"start":{"line":289,"column":6},"end":{"line":289,"column":30}},{"start":{},"end":{}}],"line":289},"19":{"loc":{"start":{"line":295,"column":6},"end":{"line":295,"column":59}},"type":"if","locations":[{"start":{"line":295,"column":6},"end":{"line":295,"column":59}},{"start":{},"end":{}}],"line":295},"20":{"loc":{"start":{"line":312,"column":53},"end":{"line":312,"column":64}},"type":"default-arg","locations":[{"start":{"line":312,"column":61},"end":{"line":312,"column":64}}],"line":312},"21":{"loc":{"start":{"line":319,"column":2},"end":{"line":321,"column":3}},"type":"if","locations":[{"start":{"line":319,"column":2},"end":{"line":321,"column":3}},{"start":{},"end":{}}],"line":319},"22":{"loc":{"start":{"line":332,"column":4},"end":{"line":336,"column":5}},"type":"if","locations":[{"start":{"line":332,"column":4},"end":{"line":336,"column":5}},{"start":{},"end":{}}],"line":332},"23":{"loc":{"start":{"line":339,"column":2},"end":{"line":342,"column":3}},"type":"if","locations":[{"start":{"line":339,"column":2},"end":{"line":342,"column":3}},{"start":{},"end":{}}],"line":339},"24":{"loc":{"start":{"line":358,"column":59},"end":{"line":358,"column":72}},"type":"default-arg","locations":[{"start":{"line":358,"column":71},"end":{"line":358,"column":72}}],"line":358}},"s":{"0":3,"1":12,"2":3,"3":12,"4":3,"5":3,"6":3,"7":3,"8":3,"9":3,"10":12,"11":3,"12":12,"13":3,"14":1,"15":2,"16":1,"17":2,"18":1,"19":2,"20":2,"21":2,"22":8,"23":2,"24":5,"25":5,"26":5,"27":12,"28":12,"29":12,"30":30,"31":30,"32":30,"33":30,"34":30,"35":12,"36":18,"37":18,"38":18,"39":4,"40":5,"41":4,"42":4,"43":3,"44":8,"45":3,"46":8,"47":3,"48":3,"49":3,"50":3,"51":3,"52":3,"53":3,"54":3,"55":3,"56":17,"57":17,"58":17,"59":17,"60":139,"61":139,"62":139,"63":17,"64":3,"65":139,"66":139,"67":139,"68":288,"69":288,"70":8,"71":280,"72":280,"73":280,"74":131,"75":4,"76":4,"77":4,"78":4,"79":4,"80":4,"81":200,"82":200,"83":200,"84":10000,"85":10000,"86":10000,"87":10000,"88":10000,"89":4,"90":3,"91":3,"92":3,"93":3,"94":4,"95":4,"96":8,"97":8,"98":8,"99":3,"100":8,"101":8,"102":4,"103":4,"104":3,"105":8,"106":8,"107":2,"108":2,"109":0,"110":3,"111":4,"112":4,"113":4,"114":8,"115":8,"116":8,"117":16,"118":16,"119":16,"120":16,"121":16,"122":8,"123":8,"124":8,"125":8,"126":4,"127":4,"128":4,"129":9,"130":9,"131":4,"132":4,"133":0,"134":0,"135":0,"136":0,"137":0,"138":0,"139":0,"140":0,"141":0,"142":0,"143":0,"144":0,"145":0,"146":0,"147":0,"148":0,"149":5,"150":12,"151":7},"f":{"0":3,"1":12,"2":12,"3":12,"4":12,"5":2,"6":2,"7":2,"8":8,"9":5,"10":4,"11":4,"12":3,"13":8,"14":8,"15":139,"16":4,"17":3,"18":4,"19":4,"20":9,"21":5,"22":12,"23":7},"b":{"0":[12,7,2,2],"1":[12,7,2,2],"2":[1,2],"3":[1],"4":[12,18],"5":[4,14],"6":[3],"7":[3],"8":[1],"9":[8,280],"10":[1],"11":[2],"12":[3,5],"13":[4,4],"14":[3,1],"15":[2,6],"16":[0,2],"17":[1],"18":[8,8],"19":[4,4],"20":[1],"21":[4,0],"22":[0,0],"23":[0,0],"24":[1]},"_coverageSchema":"1a1c01bbd47fc00a2c39e90264f33305004495a9","hash":"f1dc5915444a7bc080c10983c43883022061f2d6"}
,"C:\\grounding-calculator\\src\\engine\\pipelines\\heatmapPipeline.js": {"path":"C:\\grounding-calculator\\src\\engine\\pipelines\\heatmapPipeline.js","statementMap":{},"fnMap":{"0":{"name":"heatmapPipeline","decl":{"start":{"line":1,"column":16},"end":{"line":1,"column":31}},"loc":{"start":{"line":1,"column":34},"end":{"line":1,"column":36}},"line":1}},"branchMap":{},"s":{},"f":{"0":0},"b":{}}
,"C:\\grounding-calculator\\src\\engine\\pipelines\\slicePipeline.js": {"path":"C:\\grounding-calculator\\src\\engine\\pipelines\\slicePipeline.js","statementMap":{},"fnMap":{"0":{"name":"slicePipeline","decl":{"start":{"line":1,"column":16},"end":{"line":1,"column":29}},"loc":{"start":{"line":1,"column":32},"end":{"line":1,"column":34}},"line":1}},"branchMap":{},"s":{},"f":{"0":0},"b":{}}
,"C:\\grounding-calculator\\src\\engine\\pipelines\\validationPipeline.js": {"path":"C:\\grounding-calculator\\src\\engine\\pipelines\\validationPipeline.js","statementMap":{"0":{"start":{"line":12,"column":2},"end":{"line":12,"column":38}},"1":{"start":{"line":14,"column":17},"end":{"line":14,"column":63}},"2":{"start":{"line":15,"column":22},"end":{"line":15,"column":70}},"3":{"start":{"line":17,"column":2},"end":{"line":21,"column":4}},"4":{"start":{"line":28,"column":2},"end":{"line":30,"column":3}},"5":{"start":{"line":29,"column":4},"end":{"line":29,"column":80}},"6":{"start":{"line":37,"column":17},"end":{"line":37,"column":19}},"7":{"start":{"line":39,"column":2},"end":{"line":41,"column":3}},"8":{"start":{"line":40,"column":4},"end":{"line":40,"column":60}},"9":{"start":{"line":43,"column":2},"end":{"line":45,"column":3}},"10":{"start":{"line":44,"column":4},"end":{"line":44,"column":58}},"11":{"start":{"line":47,"column":2},"end":{"line":47,"column":16}},"12":{"start":{"line":54,"column":2},"end":{"line":71,"column":4}},"13":{"start":{"line":81,"column":2},"end":{"line":81,"column":28}},"14":{"start":{"line":81,"column":16},"end":{"line":81,"column":28}},"15":{"start":{"line":82,"column":2},"end":{"line":82,"column":47}}},"fnMap":{"0":{"name":"validationPipeline","decl":{"start":{"line":11,"column":16},"end":{"line":11,"column":34}},"loc":{"start":{"line":11,"column":61},"end":{"line":22,"column":1}},"line":11},"1":{"name":"validateInput","decl":{"start":{"line":27,"column":9},"end":{"line":27,"column":22}},"loc":{"start":{"line":27,"column":45},"end":{"line":31,"column":1}},"line":27},"2":{"name":"validateBasicConsistency","decl":{"start":{"line":36,"column":9},"end":{"line":36,"column":33}},"loc":{"start":{"line":36,"column":56},"end":{"line":48,"column":1}},"line":36},"3":{"name":"calculateMethodDifferences","decl":{"start":{"line":53,"column":9},"end":{"line":53,"column":35}},"loc":{"start":{"line":53,"column":58},"end":{"line":72,"column":1}},"line":53},"4":{"name":"calculatePercentDifference","decl":{"start":{"line":80,"column":9},"end":{"line":80,"column":35}},"loc":{"start":{"line":80,"column":42},"end":{"line":83,"column":1}},"line":80}},"branchMap":{"0":{"loc":{"start":{"line":28,"column":2},"end":{"line":30,"column":3}},"type":"if","locations":[{"start":{"line":28,"column":2},"end":{"line":30,"column":3}},{"start":{},"end":{}}],"line":28},"1":{"loc":{"start":{"line":28,"column":6},"end":{"line":28,"column":30}},"type":"binary-expr","locations":[{"start":{"line":28,"column":6},"end":{"line":28,"column":17}},{"start":{"line":28,"column":21},"end":{"line":28,"column":30}}],"line":28},"2":{"loc":{"start":{"line":39,"column":2},"end":{"line":41,"column":3}},"type":"if","locations":[{"start":{"line":39,"column":2},"end":{"line":41,"column":3}},{"start":{},"end":{}}],"line":39},"3":{"loc":{"start":{"line":43,"column":2},"end":{"line":45,"column":3}},"type":"if","locations":[{"start":{"line":43,"column":2},"end":{"line":45,"column":3}},{"start":{},"end":{}}],"line":43},"4":{"loc":{"start":{"line":81,"column":2},"end":{"line":81,"column":28}},"type":"if","locations":[{"start":{"line":81,"column":2},"end":{"line":81,"column":28}},{"start":{},"end":{}}],"line":81},"5":{"loc":{"start":{"line":81,"column":6},"end":{"line":81,"column":14}},"type":"binary-expr","locations":[{"start":{"line":81,"column":6},"end":{"line":81,"column":8}},{"start":{"line":81,"column":12},"end":{"line":81,"column":14}}],"line":81}},"s":{"0":13,"1":10,"2":10,"3":10,"4":13,"5":3,"6":10,"7":10,"8":2,"9":10,"10":2,"11":10,"12":10,"13":40,"14":2,"15":38},"f":{"0":13,"1":13,"2":10,"3":10,"4":40},"b":{"0":[3,10],"1":[13,11],"2":[2,8],"3":[2,8],"4":[2,38],"5":[40,38]},"_coverageSchema":"1a1c01bbd47fc00a2c39e90264f33305004495a9","hash":"69e4ef6b39149707866b315ee3e2887c2e329126"}
,"C:\\grounding-calculator\\src\\engine\\standards\\cfe\\cfeCriteria.js": {"path":"C:\\grounding-calculator\\src\\engine\\standards\\cfe\\cfeCriteria.js","statementMap":{"0":{"start":{"line":9,"column":32},"end":{"line":9,"column":46}},"1":{"start":{"line":10,"column":30},"end":{"line":10,"column":51}},"2":{"start":{"line":11,"column":29},"end":{"line":11,"column":32}},"3":{"start":{"line":12,"column":29},"end":{"line":12,"column":32}},"4":{"start":{"line":13,"column":27},"end":{"line":13,"column":31}},"5":{"start":{"line":14,"column":27},"end":{"line":14,"column":29}},"6":{"start":{"line":15,"column":26},"end":{"line":15,"column":29}},"7":{"start":{"line":16,"column":30},"end":{"line":16,"column":32}},"8":{"start":{"line":18,"column":29},"end":{"line":25,"column":1}},"9":{"start":{"line":27,"column":23},"end":{"line":39,"column":1}},"10":{"start":{"line":41,"column":28},"end":{"line":234,"column":1}},"11":{"start":{"line":48,"column":63},"end":{"line":48,"column":69}},"12":{"start":{"line":50,"column":23},"end":{"line":50,"column":71}},"13":{"start":{"line":51,"column":23},"end":{"line":51,"column":69}},"14":{"start":{"line":52,"column":31},"end":{"line":52,"column":76}},"15":{"start":{"line":54,"column":4},"end":{"line":60,"column":6}},"16":{"start":{"line":67,"column":4},"end":{"line":67,"column":58}},"17":{"start":{"line":67,"column":47},"end":{"line":67,"column":58}},"18":{"start":{"line":68,"column":4},"end":{"line":68,"column":58}},"19":{"start":{"line":68,"column":47},"end":{"line":68,"column":58}},"20":{"start":{"line":69,"column":4},"end":{"line":69,"column":15}},"21":{"start":{"line":76,"column":4},"end":{"line":76,"column":39}},"22":{"start":{"line":76,"column":28},"end":{"line":76,"column":39}},"23":{"start":{"line":77,"column":4},"end":{"line":77,"column":39}},"24":{"start":{"line":77,"column":28},"end":{"line":77,"column":39}},"25":{"start":{"line":78,"column":4},"end":{"line":78,"column":15}},"26":{"start":{"line":88,"column":4},"end":{"line":88,"column":84}},"27":{"start":{"line":88,"column":41},"end":{"line":88,"column":84}},"28":{"start":{"line":89,"column":4},"end":{"line":89,"column":91}},"29":{"start":{"line":89,"column":44},"end":{"line":89,"column":91}},"30":{"start":{"line":90,"column":4},"end":{"line":90,"column":77}},"31":{"start":{"line":90,"column":28},"end":{"line":90,"column":77}},"32":{"start":{"line":91,"column":4},"end":{"line":91,"column":35}},"33":{"start":{"line":101,"column":21},"end":{"line":101,"column":72}},"34":{"start":{"line":102,"column":4},"end":{"line":102,"column":86}},"35":{"start":{"line":112,"column":61},"end":{"line":112,"column":68}},"36":{"start":{"line":113,"column":23},"end":{"line":113,"column":25}},"37":{"start":{"line":115,"column":4},"end":{"line":115,"column":98}},"38":{"start":{"line":116,"column":4},"end":{"line":116,"column":55}},"39":{"start":{"line":117,"column":4},"end":{"line":117,"column":73}},"40":{"start":{"line":119,"column":4},"end":{"line":123,"column":6}},"41":{"start":{"line":122,"column":49},"end":{"line":122,"column":70}},"42":{"start":{"line":130,"column":26},"end":{"line":130,"column":88}},"43":{"start":{"line":131,"column":4},"end":{"line":138,"column":5}},"44":{"start":{"line":132,"column":6},"end":{"line":137,"column":9}},"45":{"start":{"line":139,"column":4},"end":{"line":139,"column":14}},"46":{"start":{"line":146,"column":4},"end":{"line":153,"column":5}},"47":{"start":{"line":147,"column":6},"end":{"line":152,"column":9}},"48":{"start":{"line":154,"column":4},"end":{"line":154,"column":14}},"49":{"start":{"line":161,"column":4},"end":{"line":168,"column":5}},"50":{"start":{"line":162,"column":6},"end":{"line":167,"column":9}},"51":{"start":{"line":169,"column":4},"end":{"line":169,"column":14}},"52":{"start":{"line":179,"column":26},"end":{"line":179,"column":61}},"53":{"start":{"line":180,"column":28},"end":{"line":180,"column":68}},"54":{"start":{"line":181,"column":27},"end":{"line":181,"column":66}},"55":{"start":{"line":183,"column":23},"end":{"line":183,"column":25}},"56":{"start":{"line":185,"column":4},"end":{"line":193,"column":5}},"57":{"start":{"line":186,"column":6},"end":{"line":192,"column":9}},"58":{"start":{"line":195,"column":4},"end":{"line":203,"column":5}},"59":{"start":{"line":196,"column":6},"end":{"line":202,"column":9}},"60":{"start":{"line":205,"column":4},"end":{"line":210,"column":6}},"61":{"start":{"line":220,"column":28},"end":{"line":220,"column":83}},"62":{"start":{"line":221,"column":24},"end":{"line":221,"column":78}},"63":{"start":{"line":223,"column":4},"end":{"line":232,"column":6}}},"fnMap":{"0":{"name":"(anonymous_0)","decl":{"start":{"line":47,"column":17},"end":{"line":47,"column":18}},"loc":{"start":{"line":47,"column":29},"end":{"line":61,"column":3}},"line":47},"1":{"name":"(anonymous_1)","decl":{"start":{"line":66,"column":2},"end":{"line":66,"column":3}},"loc":{"start":{"line":66,"column":38},"end":{"line":70,"column":3}},"line":66},"2":{"name":"(anonymous_2)","decl":{"start":{"line":75,"column":2},"end":{"line":75,"column":3}},"loc":{"start":{"line":75,"column":36},"end":{"line":79,"column":3}},"line":75},"3":{"name":"(anonymous_3)","decl":{"start":{"line":87,"column":24},"end":{"line":87,"column":25}},"loc":{"start":{"line":87,"column":60},"end":{"line":92,"column":3}},"line":87},"4":{"name":"(anonymous_4)","decl":{"start":{"line":100,"column":23},"end":{"line":100,"column":24}},"loc":{"start":{"line":100,"column":83},"end":{"line":103,"column":3}},"line":100},"5":{"name":"(anonymous_5)","decl":{"start":{"line":111,"column":28},"end":{"line":111,"column":29}},"loc":{"start":{"line":111,"column":50},"end":{"line":124,"column":3}},"line":111},"6":{"name":"(anonymous_6)","decl":{"start":{"line":122,"column":44},"end":{"line":122,"column":45}},"loc":{"start":{"line":122,"column":49},"end":{"line":122,"column":70}},"line":122},"7":{"name":"(anonymous_7)","decl":{"start":{"line":129,"column":2},"end":{"line":129,"column":3}},"loc":{"start":{"line":129,"column":63},"end":{"line":140,"column":3}},"line":129},"8":{"name":"(anonymous_8)","decl":{"start":{"line":145,"column":2},"end":{"line":145,"column":3}},"loc":{"start":{"line":145,"column":20},"end":{"line":155,"column":3}},"line":145},"9":{"name":"(anonymous_9)","decl":{"start":{"line":160,"column":2},"end":{"line":160,"column":3}},"loc":{"start":{"line":160,"column":38},"end":{"line":170,"column":3}},"line":160},"10":{"name":"(anonymous_10)","decl":{"start":{"line":178,"column":27},"end":{"line":178,"column":28}},"loc":{"start":{"line":178,"column":49},"end":{"line":211,"column":3}},"line":178},"11":{"name":"(anonymous_11)","decl":{"start":{"line":219,"column":21},"end":{"line":219,"column":22}},"loc":{"start":{"line":219,"column":43},"end":{"line":233,"column":3}},"line":219}},"branchMap":{"0":{"loc":{"start":{"line":52,"column":31},"end":{"line":52,"column":76}},"type":"binary-expr","locations":[{"start":{"line":52,"column":31},"end":{"line":52,"column":69}},{"start":{"line":52,"column":73},"end":{"line":52,"column":76}}],"line":52},"1":{"loc":{"start":{"line":67,"column":4},"end":{"line":67,"column":58}},"type":"if","locations":[{"start":{"line":67,"column":4},"end":{"line":67,"column":58}},{"start":{},"end":{}}],"line":67},"2":{"loc":{"start":{"line":68,"column":4},"end":{"line":68,"column":58}},"type":"if","locations":[{"start":{"line":68,"column":4},"end":{"line":68,"column":58}},{"start":{},"end":{}}],"line":68},"3":{"loc":{"start":{"line":76,"column":4},"end":{"line":76,"column":39}},"type":"if","locations":[{"start":{"line":76,"column":4},"end":{"line":76,"column":39}},{"start":{},"end":{}}],"line":76},"4":{"loc":{"start":{"line":77,"column":4},"end":{"line":77,"column":39}},"type":"if","locations":[{"start":{"line":77,"column":4},"end":{"line":77,"column":39}},{"start":{},"end":{}}],"line":77},"5":{"loc":{"start":{"line":88,"column":4},"end":{"line":88,"column":84}},"type":"if","locations":[{"start":{"line":88,"column":4},"end":{"line":88,"column":84}},{"start":{},"end":{}}],"line":88},"6":{"loc":{"start":{"line":89,"column":4},"end":{"line":89,"column":91}},"type":"if","locations":[{"start":{"line":89,"column":4},"end":{"line":89,"column":91}},{"start":{},"end":{}}],"line":89},"7":{"loc":{"start":{"line":90,"column":4},"end":{"line":90,"column":77}},"type":"if","locations":[{"start":{"line":90,"column":4},"end":{"line":90,"column":77}},{"start":{},"end":{}}],"line":90},"8":{"loc":{"start":{"line":100,"column":38},"end":{"line":100,"column":78}},"type":"default-arg","locations":[{"start":{"line":100,"column":55},"end":{"line":100,"column":78}}],"line":100},"9":{"loc":{"start":{"line":101,"column":21},"end":{"line":101,"column":72}},"type":"cond-expr","locations":[{"start":{"line":101,"column":41},"end":{"line":101,"column":55}},{"start":{"line":101,"column":58},"end":{"line":101,"column":72}}],"line":101},"10":{"loc":{"start":{"line":102,"column":11},"end":{"line":102,"column":85}},"type":"binary-expr","locations":[{"start":{"line":102,"column":11},"end":{"line":102,"column":60}},{"start":{"line":102,"column":64},"end":{"line":102,"column":85}}],"line":102},"11":{"loc":{"start":{"line":131,"column":4},"end":{"line":138,"column":5}},"type":"if","locations":[{"start":{"line":131,"column":4},"end":{"line":138,"column":5}},{"start":{},"end":{}}],"line":131},"12":{"loc":{"start":{"line":146,"column":4},"end":{"line":153,"column":5}},"type":"if","locations":[{"start":{"line":146,"column":4},"end":{"line":153,"column":5}},{"start":{},"end":{}}],"line":146},"13":{"loc":{"start":{"line":161,"column":4},"end":{"line":168,"column":5}},"type":"if","locations":[{"start":{"line":161,"column":4},"end":{"line":168,"column":5}},{"start":{},"end":{}}],"line":161},"14":{"loc":{"start":{"line":185,"column":4},"end":{"line":193,"column":5}},"type":"if","locations":[{"start":{"line":185,"column":4},"end":{"line":193,"column":5}},{"start":{},"end":{}}],"line":185},"15":{"loc":{"start":{"line":195,"column":4},"end":{"line":203,"column":5}},"type":"if","locations":[{"start":{"line":195,"column":4},"end":{"line":203,"column":5}},{"start":{},"end":{}}],"line":195},"16":{"loc":{"start":{"line":226,"column":17},"end":{"line":226,"column":67}},"type":"binary-expr","locations":[{"start":{"line":226,"column":17},"end":{"line":226,"column":42}},{"start":{"line":226,"column":46},"end":{"line":226,"column":67}}],"line":226},"17":{"loc":{"start":{"line":230,"column":27},"end":{"line":230,"column":72}},"type":"binary-expr","locations":[{"start":{"line":230,"column":27},"end":{"line":230,"column":47}},{"start":{"line":230,"column":51},"end":{"line":230,"column":72}}],"line":230}},"s":{"0":1,"1":1,"2":1,"3":1,"4":1,"5":1,"6":1,"7":1,"8":1,"9":1,"10":1,"11":20,"12":20,"13":20,"14":20,"15":20,"16":20,"17":1,"18":19,"19":1,"20":18,"21":20,"22":1,"23":19,"24":1,"25":18,"26":24,"27":2,"28":22,"29":2,"30":20,"31":2,"32":18,"33":19,"34":19,"35":9,"36":9,"37":9,"38":9,"39":9,"40":9,"41":5,"42":9,"43":9,"44":2,"45":7,"46":9,"47":2,"48":7,"49":9,"50":1,"51":8,"52":7,"53":7,"54":7,"55":7,"56":7,"57":1,"58":7,"59":1,"60":7,"61":3,"62":3,"63":3},"f":{"0":20,"1":20,"2":20,"3":24,"4":19,"5":9,"6":5,"7":9,"8":9,"9":9,"10":7,"11":3},"b":{"0":[20,1],"1":[1,19],"2":[1,18],"3":[1,19],"4":[1,18],"5":[2,22],"6":[2,20],"7":[2,18],"8":[3],"9":[13,6],"10":[19,1],"11":[2,7],"12":[2,7],"13":[1,8],"14":[1,6],"15":[1,6],"16":[3,3],"17":[3,2]},"_coverageSchema":"1a1c01bbd47fc00a2c39e90264f33305004495a9","hash":"d3f8b1c5831e0c0343794ea6c795f41e410509c6"}
,"C:\\grounding-calculator\\src\\engine\\standards\\nom\\nom001SEDE2012.js": {"path":"C:\\grounding-calculator\\src\\engine\\standards\\nom\\nom001SEDE2012.js","statementMap":{"0":{"start":{"line":9,"column":28},"end":{"line":9,"column":40}},"1":{"start":{"line":10,"column":31},"end":{"line":10,"column":34}},"2":{"start":{"line":11,"column":36},"end":{"line":11,"column":40}},"3":{"start":{"line":12,"column":31},"end":{"line":12,"column":36}},"4":{"start":{"line":13,"column":35},"end":{"line":13,"column":38}},"5":{"start":{"line":14,"column":33},"end":{"line":14,"column":34}},"6":{"start":{"line":15,"column":30},"end":{"line":15,"column":33}},"7":{"start":{"line":16,"column":34},"end":{"line":16,"column":37}},"8":{"start":{"line":18,"column":27},"end":{"line":22,"column":1}},"9":{"start":{"line":24,"column":26},"end":{"line":29,"column":1}},"10":{"start":{"line":31,"column":29},"end":{"line":34,"column":1}},"11":{"start":{"line":36,"column":31},"end":{"line":39,"column":1}},"12":{"start":{"line":41,"column":28},"end":{"line":45,"column":1}},"13":{"start":{"line":47,"column":28},"end":{"line":52,"column":1}},"14":{"start":{"line":54,"column":23},"end":{"line":58,"column":1}},"15":{"start":{"line":60,"column":32},"end":{"line":249,"column":1}},"16":{"start":{"line":67,"column":81},"end":{"line":67,"column":88}},"17":{"start":{"line":69,"column":21},"end":{"line":69,"column":60}},"18":{"start":{"line":70,"column":30},"end":{"line":70,"column":90}},"19":{"start":{"line":71,"column":22},"end":{"line":71,"column":68}},"20":{"start":{"line":72,"column":25},"end":{"line":72,"column":77}},"21":{"start":{"line":74,"column":4},"end":{"line":74,"column":56}},"22":{"start":{"line":81,"column":4},"end":{"line":81,"column":65}},"23":{"start":{"line":81,"column":54},"end":{"line":81,"column":65}},"24":{"start":{"line":82,"column":4},"end":{"line":82,"column":66}},"25":{"start":{"line":82,"column":55},"end":{"line":82,"column":66}},"26":{"start":{"line":83,"column":4},"end":{"line":83,"column":15}},"27":{"start":{"line":90,"column":4},"end":{"line":90,"column":87}},"28":{"start":{"line":90,"column":50},"end":{"line":90,"column":87}},"29":{"start":{"line":91,"column":4},"end":{"line":91,"column":77}},"30":{"start":{"line":91,"column":45},"end":{"line":91,"column":77}},"31":{"start":{"line":92,"column":4},"end":{"line":92,"column":81}},"32":{"start":{"line":92,"column":47},"end":{"line":92,"column":81}},"33":{"start":{"line":93,"column":4},"end":{"line":93,"column":36}},"34":{"start":{"line":102,"column":97},"end":{"line":102,"column":104}},"35":{"start":{"line":104,"column":21},"end":{"line":104,"column":60}},"36":{"start":{"line":105,"column":31},"end":{"line":105,"column":112}},"37":{"start":{"line":106,"column":22},"end":{"line":106,"column":113}},"38":{"start":{"line":108,"column":4},"end":{"line":108,"column":54}},"39":{"start":{"line":115,"column":4},"end":{"line":116,"column":32}},"40":{"start":{"line":123,"column":4},"end":{"line":123,"column":96}},"41":{"start":{"line":132,"column":29},"end":{"line":132,"column":36}},"42":{"start":{"line":134,"column":4},"end":{"line":134,"column":92}},"43":{"start":{"line":134,"column":55},"end":{"line":134,"column":92}},"44":{"start":{"line":135,"column":4},"end":{"line":135,"column":98}},"45":{"start":{"line":135,"column":58},"end":{"line":135,"column":98}},"46":{"start":{"line":136,"column":4},"end":{"line":136,"column":94}},"47":{"start":{"line":136,"column":56},"end":{"line":136,"column":94}},"48":{"start":{"line":137,"column":4},"end":{"line":137,"column":47}},"49":{"start":{"line":146,"column":95},"end":{"line":146,"column":102}},"50":{"start":{"line":148,"column":21},"end":{"line":148,"column":86}},"51":{"start":{"line":149,"column":23},"end":{"line":149,"column":51}},"52":{"start":{"line":151,"column":4},"end":{"line":151,"column":60}},"53":{"start":{"line":161,"column":23},"end":{"line":161,"column":79}},"54":{"start":{"line":163,"column":4},"end":{"line":167,"column":6}},"55":{"start":{"line":166,"column":43},"end":{"line":166,"column":56}},"56":{"start":{"line":174,"column":26},"end":{"line":174,"column":71}},"57":{"start":{"line":175,"column":4},"end":{"line":182,"column":5}},"58":{"start":{"line":176,"column":6},"end":{"line":181,"column":9}},"59":{"start":{"line":183,"column":4},"end":{"line":183,"column":14}},"60":{"start":{"line":193,"column":23},"end":{"line":193,"column":61}},"61":{"start":{"line":194,"column":22},"end":{"line":194,"column":59}},"62":{"start":{"line":196,"column":23},"end":{"line":196,"column":25}},"63":{"start":{"line":198,"column":4},"end":{"line":206,"column":5}},"64":{"start":{"line":199,"column":6},"end":{"line":205,"column":9}},"65":{"start":{"line":208,"column":4},"end":{"line":216,"column":5}},"66":{"start":{"line":209,"column":6},"end":{"line":215,"column":9}},"67":{"start":{"line":218,"column":4},"end":{"line":223,"column":6}},"68":{"start":{"line":233,"column":27},"end":{"line":233,"column":83}},"69":{"start":{"line":234,"column":26},"end":{"line":234,"column":82}},"70":{"start":{"line":236,"column":4},"end":{"line":247,"column":6}}},"fnMap":{"0":{"name":"(anonymous_0)","decl":{"start":{"line":66,"column":16},"end":{"line":66,"column":17}},"loc":{"start":{"line":66,"column":29},"end":{"line":75,"column":3}},"line":66},"1":{"name":"(anonymous_1)","decl":{"start":{"line":80,"column":2},"end":{"line":80,"column":3}},"loc":{"start":{"line":80,"column":46},"end":{"line":84,"column":3}},"line":80},"2":{"name":"(anonymous_2)","decl":{"start":{"line":89,"column":2},"end":{"line":89,"column":3}},"loc":{"start":{"line":89,"column":32},"end":{"line":94,"column":3}},"line":89},"3":{"name":"(anonymous_3)","decl":{"start":{"line":101,"column":15},"end":{"line":101,"column":16}},"loc":{"start":{"line":101,"column":28},"end":{"line":109,"column":3}},"line":101},"4":{"name":"(anonymous_4)","decl":{"start":{"line":114,"column":2},"end":{"line":114,"column":3}},"loc":{"start":{"line":114,"column":67},"end":{"line":117,"column":3}},"line":114},"5":{"name":"(anonymous_5)","decl":{"start":{"line":122,"column":2},"end":{"line":122,"column":3}},"loc":{"start":{"line":122,"column":77},"end":{"line":124,"column":3}},"line":122},"6":{"name":"(anonymous_6)","decl":{"start":{"line":131,"column":23},"end":{"line":131,"column":24}},"loc":{"start":{"line":131,"column":36},"end":{"line":138,"column":3}},"line":131},"7":{"name":"(anonymous_7)","decl":{"start":{"line":145,"column":19},"end":{"line":145,"column":20}},"loc":{"start":{"line":145,"column":32},"end":{"line":152,"column":3}},"line":145},"8":{"name":"(anonymous_8)","decl":{"start":{"line":160,"column":25},"end":{"line":160,"column":26}},"loc":{"start":{"line":160,"column":47},"end":{"line":168,"column":3}},"line":160},"9":{"name":"(anonymous_9)","decl":{"start":{"line":166,"column":38},"end":{"line":166,"column":39}},"loc":{"start":{"line":166,"column":43},"end":{"line":166,"column":56}},"line":166},"10":{"name":"(anonymous_10)","decl":{"start":{"line":173,"column":2},"end":{"line":173,"column":3}},"loc":{"start":{"line":173,"column":42},"end":{"line":184,"column":3}},"line":173},"11":{"name":"(anonymous_11)","decl":{"start":{"line":192,"column":25},"end":{"line":192,"column":26}},"loc":{"start":{"line":192,"column":47},"end":{"line":224,"column":3}},"line":192},"12":{"name":"(anonymous_12)","decl":{"start":{"line":232,"column":33},"end":{"line":232,"column":34}},"loc":{"start":{"line":232,"column":55},"end":{"line":248,"column":3}},"line":232}},"branchMap":{"0":{"loc":{"start":{"line":67,"column":44},"end":{"line":67,"column":76}},"type":"default-arg","locations":[{"start":{"line":67,"column":57},"end":{"line":67,"column":76}}],"line":67},"1":{"loc":{"start":{"line":69,"column":21},"end":{"line":69,"column":60}},"type":"binary-expr","locations":[{"start":{"line":69,"column":21},"end":{"line":69,"column":34}},{"start":{"line":69,"column":38},"end":{"line":69,"column":60}}],"line":69},"2":{"loc":{"start":{"line":72,"column":25},"end":{"line":72,"column":77}},"type":"binary-expr","locations":[{"start":{"line":72,"column":25},"end":{"line":72,"column":51}},{"start":{"line":72,"column":55},"end":{"line":72,"column":77}}],"line":72},"3":{"loc":{"start":{"line":81,"column":4},"end":{"line":81,"column":65}},"type":"if","locations":[{"start":{"line":81,"column":4},"end":{"line":81,"column":65}},{"start":{},"end":{}}],"line":81},"4":{"loc":{"start":{"line":82,"column":4},"end":{"line":82,"column":66}},"type":"if","locations":[{"start":{"line":82,"column":4},"end":{"line":82,"column":66}},{"start":{},"end":{}}],"line":82},"5":{"loc":{"start":{"line":90,"column":4},"end":{"line":90,"column":87}},"type":"if","locations":[{"start":{"line":90,"column":4},"end":{"line":90,"column":87}},{"start":{},"end":{}}],"line":90},"6":{"loc":{"start":{"line":91,"column":4},"end":{"line":91,"column":77}},"type":"if","locations":[{"start":{"line":91,"column":4},"end":{"line":91,"column":77}},{"start":{},"end":{}}],"line":91},"7":{"loc":{"start":{"line":92,"column":4},"end":{"line":92,"column":81}},"type":"if","locations":[{"start":{"line":92,"column":4},"end":{"line":92,"column":81}},{"start":{},"end":{}}],"line":92},"8":{"loc":{"start":{"line":102,"column":44},"end":{"line":102,"column":92}},"type":"default-arg","locations":[{"start":{"line":102,"column":65},"end":{"line":102,"column":92}}],"line":102},"9":{"loc":{"start":{"line":104,"column":21},"end":{"line":104,"column":60}},"type":"binary-expr","locations":[{"start":{"line":104,"column":21},"end":{"line":104,"column":34}},{"start":{"line":104,"column":38},"end":{"line":104,"column":60}}],"line":104
[...]
"column":21},"end":{"line":214,"column":33}},"54":{"start":{"line":215,"column":21},"end":{"line":215,"column":48}},"55":{"start":{"line":216,"column":4},"end":{"line":216,"column":29}},"56":{"start":{"line":216,"column":19},"end":{"line":216,"column":29}},"57":{"start":{"line":218,"column":23},"end":{"line":218,"column":71}},"58":{"start":{"line":219,"column":22},"end":{"line":219,"column":68}},"59":{"start":{"line":220,"column":27},"end":{"line":220,"column":72}},"60":{"start":{"line":222,"column":23},"end":{"line":222,"column":25}},"61":{"start":{"line":223,"column":18},"end":{"line":223,"column":45}},"62":{"start":{"line":224,"column":18},"end":{"line":224,"column":44}},"63":{"start":{"line":226,"column":4},"end":{"line":233,"column":5}},"64":{"start":{"line":226,"column":17},"end":{"line":226,"column":18}},"65":{"start":{"line":227,"column":6},"end":{"line":232,"column":7}},"66":{"start":{"line":227,"column":19},"end":{"line":227,"column":20}},"67":{"start":{"line":228,"column":18},"end":{"line":228,"column":27}},"68":{"start":{"line":229,"column":18},"end":{"line":229,"column":27}},"69":{"start":{"line":230,"column":24},"end":{"line":230,"column":71}},"70":{"start":{"line":231,"column":8},"end":{"line":231,"column":43}},"71":{"start":{"line":235,"column":4},"end":{"line":235,"column":22}},"72":{"start":{"line":245,"column":17},"end":{"line":245,"column":46}},"73":{"start":{"line":246,"column":2},"end":{"line":246,"column":25}}},"fnMap":{"0":{"name":"(anonymous_0)","decl":{"start":{"line":28,"column":2},"end":{"line":28,"column":3}},"loc":{"start":{"line":28,"column":23},"end":{"line":31,"column":3}},"line":28},"1":{"name":"(anonymous_1)","decl":{"start":{"line":37,"column":2},"end":{"line":37,"column":3}},"loc":{"start":{"line":37,"column":11},"end":{"line":41,"column":3}},"line":37},"2":{"name":"(anonymous_2)","decl":{"start":{"line":38,"column":47},"end":{"line":38,"column":48}},"loc":{"start":{"line":38,"column":59},"end":{"line":38,"column":85}},"line":38},"3":{"name":"(anonymous_3)","decl":{"start":{"line":48,"column":2},"end":{"line":48,"column":3}},"loc":{"start":{"line":48,"column":24},"end":{"line":76,"column":3}},"line":48},"4":{"name":"(anonymous_4)","decl":{"start":{"line":81,"column":2},"end":{"line":81,"column":3}},"loc":{"start":{"line":81,"column":48},"end":{"line":85,"column":3}},"line":81},"5":{"name":"(anonymous_5)","decl":{"start":{"line":90,"column":2},"end":{"line":90,"column":3}},"loc":{"start":{"line":90,"column":38},"end":{"line":99,"column":3}},"line":90},"6":{"name":"(anonymous_6)","decl":{"start":{"line":104,"column":2},"end":{"line":104,"column":3}},"loc":{"start":{"line":104,"column":33},"end":{"line":108,"column":3}},"line":104},"7":{"name":"(anonymous_7)","decl":{"start":{"line":113,"column":2},"end":{"line":113,"column":3}},"loc":{"start":{"line":113,"column":36},"end":{"line":119,"column":3}},"line":113},"8":{"name":"(anonymous_8)","decl":{"start":{"line":124,"column":2},"end":{"line":124,"column":3}},"loc":{"start":{"line":124,"column":69},"end":{"line":131,"column":3}},"line":124},"9":{"name":"(anonymous_9)","decl":{"start":{"line":136,"column":2},"end":{"line":136,"column":3}},"loc":{"start":{"line":136,"column":68},"end":{"line":143,"column":3}},"line":136},"10":{"name":"(anonymous_10)","decl":{"start":{"line":148,"column":2},"end":{"line":148,"column":3}},"loc":{"start":{"line":148,"column":62},"end":{"line":158,"column":3}},"line":148},"11":{"name":"(anonymous_11)","decl":{"start":{"line":167,"column":2},"end":{"line":167,"column":3}},"loc":{"start":{"line":167,"column":45},"end":{"line":182,"column":3}},"line":167},"12":{"name":"(anonymous_12)","decl":{"start":{"line":187,"column":2},"end":{"line":187,"column":3}},"loc":{"start":{"line":187,"column":74},"end":{"line":194,"column":3}},"line":187},"13":{"name":"(anonymous_13)","decl":{"start":{"line":203,"column":2},"end":{"line":203,"column":3}},"loc":{"start":{"line":203,"column":46},"end":{"line":206,"column":3}},"line":203},"14":{"name":"(anonymous_14)","decl":{"start":{"line":213,"column":2},"end":{"line":213,"column":3}},"loc":{"start":{"line":213,"column":54},"end":{"line":236,"column":3}},"line":213},"15":{"name":"quickSimulate","decl":{"start":{"line":244,"column":16},"end":{"line":244,"column":29}},"loc":{"start":{"line":244,"column":39},"end":{"line":247,"column":1}},"line":244}},"branchMap":{"0":{"loc":{"start":{"line":82,"column":4},"end":{"line":84,"column":5}},"type":"if","locations":[{"start":{"line":82,"column":4},"end":{"line":84,"column":5}},{"start":{},"end":{}}],"line":82},"1":{"loc":{"start":{"line":82,"column":8},"end":{"line":82,"column":35}},"type":"binary-expr","locations":[{"start":{"line":82,"column":8},"end":{"line":82,"column":13}},{"start":{"line":82,"column":17},"end":{"line":82,"column":22}},{"start":{"line":82,"column":26},"end":{"line":82,"column":35}}],"line":82},"2":{"loc":{"start":{"line":105,"column":46},"end":{"line":105,"column":67}},"type":"binary-expr","locations":[{"start":{"line":105,"column":46},"end":{"line":105,"column":62}},{"start":{"line":105,"column":66},"end":{"line":105,"column":67}}],"line":105},"3":{"loc":{"start":{"line":106,"column":61},"end":{"line":106,"column":111}},"type":"binary-expr","locations":[{"start":{"line":106,"column":61},"end":{"line":106,"column":84}},{"start":{"line":106,"column":88},"end":{"line":106,"column":111}}],"line":106},"4":{"loc":{"start":{"line":107,"column":11},"end":{"line":107,"column":60}},"type":"binary-expr","locations":[{"start":{"line":107,"column":11},"end":{"line":107,"column":22}},{"start":{"line":107,"column":27},"end":{"line":107,"column":59}}],"line":107},"5":{"loc":{"start":{"line":169,"column":35},"end":{"line":169,"column":70}},"type":"binary-expr","locations":[{"start":{"line":169,"column":35},"end":{"line":169,"column":47}},{"start":{"line":169,"column":51},"end":{"line":169,"column":70}}],"line":169},"6":{"loc":{"start":{"line":170,"column":34},"end":{"line":170,"column":67}},"type":"binary-expr","locations":[{"start":{"line":170,"column":34},"end":{"line":170,"column":45}},{"start":{"line":170,"column":49},"end":{"line":170,"column":67}}],"line":170},"7":{"loc":{"start":{"line":172,"column":23},"end":{"line":172,"column":47}},"type":"binary-expr","locations":[{"start":{"line":172,"column":23},"end":{"line":172,"column":40}},{"start":{"line":172,"column":44},"end":{"line":172,"column":47}}],"line":172},"8":{"loc":{"start":{"line":173,"column":16},"end":{"line":173,"column":31}},"type":"binary-expr","locations":[{"start":{"line":173,"column":16},"end":{"line":173,"column":26}},{"start":{"line":173,"column":30},"end":{"line":173,"column":31}}],"line":173},"9":{"loc":{"start":{"line":174,"column":28},"end":{"line":174,"column":59}},"type":"binary-expr","locations":[{"start":{"line":174,"column":28},"end":{"line":174,"column":54}},{"start":{"line":174,"column":58},"end":{"line":174,"column":59}}],"line":174},"10":{"loc":{"start":{"line":175,"column":19},"end":{"line":175,"column":37}},"type":"binary-expr","locations":[{"start":{"line":175,"column":19},"end":{"line":175,"column":30}},{"start":{"line":175,"column":34},"end":{"line":175,"column":37}}],"line":175},"11":{"loc":{"start":{"line":177,"column":24},"end":{"line":177,"column":81}},"type":"binary-expr","locations":[{"start":{"line":177,"column":24},"end":{"line":177,"column":35}},{"start":{"line":177,"column":39},"end":{"line":177,"column":81}}],"line":177},"12":{"loc":{"start":{"line":213,"column":21},"end":{"line":213,"column":52}},"type":"default-arg","locations":[{"start":{"line":213,"column":34},"end":{"line":213,"column":52}}],"line":213},"13":{"loc":{"start":{"line":216,"column":4},"end":{"line":216,"column":29}},"type":"if","locations":[{"start":{"line":216,"column":4},"end":{"line":216,"column":29}},{"start":{},"end":{}}],"line":216},"14":{"loc":{"start":{"line":218,"column":35},"end":{"line":218,"column":70}},"type":"binary-expr","locations":[{"start":{"line":218,"column":35},"end":{"line":218,"column":47}},{"start":{"line":218,"column":51},"end":{"line":218,"column":70}}],"line":218},"15":{"loc":{"start":{"line":219,"column":34},"end":{"line":219,"column":67}},"type":"binary-expr","locations":[{"start":{"line":219,"column":34},"end":{"line":219,"column":45}},{"start":{"line":219,"column":49},"end":{"line":219,"column":67}}],"line":219},"16":{"loc":{"start":{"line":220,"column":39},"end":{"line":220,"column":71}},"type":"binary-expr","locations":[{"start":{"line":220,"column":39},"end":{"line":220,"column":49}},{"start":{"line":220,"column":53},"end":{"line":220,"column":71}}],"line":220}},"s":{"0":1,"1":1,"2":1,"3":1,"4":1,"5":1,"6":1,"7":1,"8":1,"9":1,"10":20,"11":20,"12":6,"13":7,"14":6,"15":6,"16":12,"17":12,"18":11,"19":11,"20":11,"21":11,"22":11,"23":11,"24":11,"25":11,"26":11,"27":11,"28":12,"29":1,"30":11,"31":11,"32":11,"33":11,"34":11,"35":11,"36":11,"37":11,"38":1011,"39":1011,"40":1011,"41":1011,"42":1011,"43":1011,"44":1011,"45":1011,"46":1011,"47":1011,"48":1011,"49":1011,"50":1011,"51":2,"52":2,"53":4,"54":4,"55":4,"56":1,"57":3,"58":3,"59":3,"60":3,"61":3,"62":3,"63":3,"64":3,"65":53,"66":53,"67":1003,"68":1003,"69":1003,"70":1003,"71":3,"72":2,"73":2},"f":{"0":20,"1":6,"2":7,"3":12,"4":12,"5":11,"6":11,"7":11,"8":11,"9":11,"10":11,"11":1011,"12":1011,"13":2,"14":4,"15":2},"b":{"0":[1,11],"1":[12,11,11],"2":[11,0],"3":[11,0],"4":[11,2],"5":[1011,0],"6":[1011,0],"7":[1011,0],"8":[1011,0],"9":[1011,0],"10":[1011,0],"11":[1011,0],"12":[1],"13":[1,3],"14":[3,0],"15":[3,0],"16":[3,0]},"_coverageSchema":"1a1c01bbd47fc00a2c39e90264f33305004495a9","hash":"d90dd11a678f79ef2f9a6070fe9e838fb0288b1f"}
,"C:\\grounding-calculator\\src\\simulation\\runners\\StepVoltageRunner.js": {"path":"C:\\grounding-calculator\\src\\simulation\\runners\\StepVoltageRunner.js","statementMap":{"0":{"start":{"line":6,"column":27},"end":{"line":6,"column":29}},"1":{"start":{"line":7,"column":24},"end":{"line":7,"column":26}},"2":{"start":{"line":8,"column":21},"end":{"line":8,"column":22}},"3":{"start":{"line":9,"column":28},"end":{"line":9,"column":30}},"4":{"start":{"line":10,"column":35},"end":{"line":10,"column":39}},"5":{"start":{"line":11,"column":38},"end":{"line":11,"column":42}},"6":{"start":{"line":12,"column":37},"end":{"line":12,"column":38}},"7":{"start":{"line":13,"column":34},"end":{"line":13,"column":39}},"8":{"start":{"line":17,"column":4},"end":{"line":17,"column":27}},"9":{"start":{"line":26,"column":27},"end":{"line":26,"column":39}},"10":{"start":{"line":27,"column":21},"end":{"line":27,"column":46}},"11":{"start":{"line":29,"column":4},"end":{"line":29,"column":29}},"12":{"start":{"line":29,"column":19},"end":{"line":29,"column":29}},"13":{"start":{"line":31,"column":27},"end":{"line":31,"column":67}},"14":{"start":{"line":32,"column":24},"end":{"line":32,"column":59}},"15":{"start":{"line":33,"column":41},"end":{"line":33,"column":108}},"16":{"start":{"line":35,"column":4},"end":{"line":35,"column":78}},"17":{"start":{"line":42,"column":4},"end":{"line":47,"column":7}},"18":{"start":{"line":54,"column":4},"end":{"line":54,"column":69}},"19":{"start":{"line":61,"column":20},"end":{"line":61,"column":22}},"20":{"start":{"line":62,"column":18},"end":{"line":62,"column":42}},"21":{"start":{"line":63,"column":18},"end":{"line":63,"column":41}},"22":{"start":{"line":65,"column":4},"end":{"line":72,"column":5}},"23":{"start":{"line":65,"column":17},"end":{"line":65,"column":18}},"24":{"start":{"line":66,"column":6},"end":{"line":71,"column":7}},"25":{"start":{"line":66,"column":19},"end":{"line":66,"column":20}},"26":{"start":{"line":67,"column":18},"end":{"line":67,"column":27}},"27":{"start":{"line":68,"column":18},"end":{"line":68,"column":27}},"28":{"start":{"line":69,"column":24},"end":{"line":69,"column":85}},"29":{"start":{"line":70,"column":8},"end":{"line":70,"column":40}},"30":{"start":{"line":74,"column":4},"end":{"line":74,"column":19}},"31":{"start":{"line":81,"column":21},"end":{"line":81,"column":65}},"32":{"start":{"line":82,"column":24},"end":{"line":82,"column":61}},"33":{"start":{"line":84,"column":18},"end":{"line":84,"column":88}},"34":{"start":{"line":85,"column":4},"end":{"line":85,"column":63}},"35":{"start":{"line":92,"column":20},"end":{"line":92,"column":35}},"36":{"start":{"line":93,"column":20},"end":{"line":93,"column":34}},"37":{"start":{"line":94,"column":4},"end":{"line":94,"column":74}},"38":{"start":{"line":102,"column":20},"end":{"line":102,"column":58}},"39":{"start":{"line":103,"column":4},"end":{"line":103,"column":49}},"40":{"start":{"line":110,"column":21},"end":{"line":110,"column":22}},"41":{"start":{"line":111,"column":19},"end":{"line":111,"column":23}},"42":{"start":{"line":113,"column":4},"end":{"line":118,"column":5}},"43":{"start":{"line":114,"column":6},"end":{"line":117,"column":7}},"44":{"start":{"line":115,"column":8},"end":{"line":115,"column":35}},"45":{"start":{"line":116,"column":8},"end":{"line":116,"column":25}},"46":{"start":{"line":120,"column":4},"end":{"line":120,"column":46}},"47":{"start":{"line":128,"column":27},"end":{"line":128,"column":52}},"48":{"start":{"line":129,"column":21},"end":{"line":129,"column":33}},"49":{"start":{"line":130,"column":21},"end":{"line":130,"column":46}},"50":{"start":{"line":132,"column":31},"end":{"line":132,"column":69}},"51":{"start":{"line":133,"column":29},"end":{"line":133,"column":95}},"52":{"start":{"line":134,"column":25},"end":{"line":134,"column":81}},"53":{"start":{"line":136,"column":4},"end":{"line":141,"column":6}},"54":{"start":{"line":148,"column":4},"end":{"line":149,"column":68}},"55":{"start":{"line":156,"column":4},"end":{"line":157,"column":70}},"56":{"start":{"line":164,"column":4},"end":{"line":164,"column":73}}},"fnMap":{"0":{"name":"(anonymous_0)","decl":{"start":{"line":16,"column":2},"end":{"line":16,"column":3}},"loc":{"start":{"line":16,"column":23},"end":{"line":18,"column":3}},"line":16},"1":{"name":"(anonymous_1)","decl":{"start":{"line":25,"column":2},"end":{"line":25,"column":3}},"loc":{"start":{"line":25,"column":52},"end":{"line":36,"column":3}},"line":25},"2":{"name":"(anonymous_2)","decl":{"start":{"line":41,"column":2},"end":{"line":41,"column":3}},"loc":{"start":{"line":41,"column":38},"end":{"line":48,"column":3}},"line":41},"3":{"name":"(anonymous_3)","decl":{"start":{"line":53,"column":2},"end":{"line":53,"column":3}},"loc":{"start":{"line":53,"column":33},"end":{"line":55,"column":3}},"line":53},"4":{"name":"(anonymous_4)","decl":{"start":{"line":60,"column":2},"end":{"line":60,"column":3}},"loc":{"start":{"line":60,"column":64},"end":{"line":75,"column":3}},"line":60},"5":{"name":"(anonymous_5)","decl":{"start":{"line":80,"column":2},"end":{"line":80,"column":3}},"loc":{"start":{"line":80,"column":59},"end":{"line":86,"column":3}},"line":80},"6":{"name":"(anonymous_6)","decl":{"start":{"line":91,"column":2},"end":{"line":91,"column":3}},"loc":{"start":{"line":91,"column":42},"end":{"line":95,"column":3}},"line":91},"7":{"name":"(anonymous_7)","decl":{"start":{"line":101,"column":2},"end":{"line":101,"column":3}},"loc":{"start":{"line":101,"column":23},"end":{"line":104,"column":3}},"line":101},"8":{"name":"(anonymous_8)","decl":{"start":{"line":109,"column":2},"end":{"line":109,"column":3}},"loc":{"start":{"line":109,"column":35},"end":{"line":121,"column":3}},"line":109},"9":{"name":"(anonymous_9)","decl":{"start":{"line":127,"column":2},"end":{"line":127,"column":3}},"loc":{"start":{"line":127,"column":22},"end":{"line":142,"column":3}},"line":127},"10":{"name":"(anonymous_10)","decl":{"start":{"line":147,"column":2},"end":{"line":147,"column":3}},"loc":{"start":{"line":147,"column":36},"end":{"line":150,"column":3}},"line":147},"11":{"name":"(anonymous_11)","decl":{"start":{"line":155,"column":2},"end":{"line":155,"column":3}},"loc":{"start":{"line":155,"column":64},"end":{"line":158,"column":3}},"line":155},"12":{"name":"(anonymous_12)","decl":{"start":{"line":163,"column":2},"end":{"line":163,"column":3}},"loc":{"start":{"line":163,"column":57},"end":{"line":165,"column":3}},"line":163}},"branchMap":{"0":{"loc":{"start":{"line":25,"column":19},"end":{"line":25,"column":50}},"type":"default-arg","locations":[{"start":{"line":25,"column":32},"end":{"line":25,"column":50}}],"line":25},"1":{"loc":{"start":{"line":29,"column":4},"end":{"line":29,"column":29}},"type":"if","locations":[{"start":{"line":29,"column":4},"end":{"line":29,"column":29}},{"start":{},"end":{}}],"line":29},"2":{"loc":{"start":{"line":54,"column":11},"end":{"line":54,"column":68}},"type":"binary-expr","locations":[{"start":{"line":54,"column":11},"end":{"line":54,"column":22}},{"start":{"line":54,"column":26},"end":{"line":54,"column":68}}],"line":54},"3":{"loc":{"start":{"line":114,"column":6},"end":{"line":117,"column":7}},"type":"if","locations":[{"start":{"line":114,"column":6},"end":{"line":117,"column":7}},{"start":{},"end":{}}],"line":114}},"s":{"0":1,"1":1,"2":1,"3":1,"4":1,"5":1,"6":1,"7":1,"8":14,"9":14,"10":14,"11":14,"12":1,"13":13,"14":13,"15":13,"16":13,"17":13,"18":13,"19":13,"20":13,"21":13,"22":13,"23":13,"24":553,"25":553,"26":25893,"27":25893,"28":25893,"29":25893,"30":13,"31":25893,"32":25893,"33":25893,"34":25893,"35":25893,"36":25893,"37":25893,"38":7,"39":7,"40":7,"41":7,"42":7,"43":18207,"44":1820,"45":1820,"46":7,"47":4,"48":4,"49":4,"50":4,"51":4,"52":4,"53":4,"54":4,"55":4,"56":4},"f":{"0":14,"1":14,"2":13,"3":13,"4":13,"5":25893,"6":25893,"7":7,"8":7,"9":4,"10":4,"11":4,"12":4},"b":{"0":[2],"1":[1,13],"2":[13,0],"3":[1820,16387]},"_coverageSchema":"1a1c01bbd47fc00a2c39e90264f33305004495a9","hash":"c49d9b034c66dee4912fc3d2fa5795c8764dd4a4"}
,"C:\\grounding-calculator\\src\\simulation\\scenarios\\FaultScenarios.js": {"path":"C:\\grounding-calculator\\src\\simulation\\scenarios\\FaultScenarios.js","statementMap":{"0":{"start":{"line":4,"column":24},"end":{"line":4,"column":28}},"1":{"start":{"line":5,"column":25},"end":{"line":5,"column":28}},"2":{"start":{"line":6,"column":32},"end":{"line":6,"column":36}},"3":{"start":{"line":7,"column":21},"end":{"line":7,"column":29}},"4":{"start":{"line":8,"column":28},"end":{"line":8,"column":50}},"5":{"start":{"line":10,"column":30},"end":{"line":70,"column":1}},"6":{"start":{"line":78,"column":2},"end":{"line":85,"column":4}}},"fnMap":{"0":{"name":"createCustomScenario","decl":{"start":{"line":77,"column":16},"end":{"line":77,"column":36}},"loc":{"start":{"line":77,"column":45},"end":{"line":86,"column":1}},"line":77}},"branchMap":{"0":{"loc":{"start":{"line":80,"column":10},"end":{"line":80,"column":37}},"type":"binary-expr","locations":[{"start":{"line":80,"column":10},"end":{"line":80,"column":21}},{"start":{"line":80,"column":25},"end":{"line":80,"column":37}}],"line":80},"1":{"loc":{"start":{"line":81,"column":13},"end":{"line":81,"column":46}},"type":"binary-expr","locations":[{"start":{"line":81,"column":13},"end":{"line":81,"column":27}},{"start":{"line":81,"column":31},"end":{"line":81,"column":46}}],"line":81},"2":{"loc":{"start":{"line":82,"column":14},"end":{"line":82,"column":49}},"type":"binary-expr","locations":[{"start":{"line":82,"column":14},"end":{"line":82,"column":29}},{"start":{"line":82,"column":33},"end":{"line":82,"column":49}}],"line":82},"3":{"loc":{"start":{"line":83,"column":20},"end":{"line":83,"column":68}},"type":"binary-expr","locations":[{"start":{"line":83,"column":20},"end":{"line":83,"column":41}},{"start":{"line":83,"column":45},"end":{"line":83,"column":68}}],"line":83},"4":{"loc":{"start":{"line":84,"column":17},"end":{"line":84,"column":58}},"type":"binary-expr","locations":[{"start":{"line":84,"column":17},"end":{"line":84,"column":35}},{"start":{"line":84,"column":39},"end":{"line":84,"column":58}}],"line":84}},"s":{"0":1,"1":1,"2":1,"3":1,"4":1,"5":1,"6":7},"f":{"0":7},"b":{"0":[7,4],"1":[7,3],"2":[7,3],"3":[7,4],"4":[7,6]},"_coverageSchema":"1a1c01bbd47fc00a2c39e90264f33305004495a9","hash":"fce7bee59a42371409cf7c35cbf5bb342a958f23"}
}
