TN:
SF:src\domain\grounding\MultiLayerSoilModel.js
FN:20,(anonymous_0)
FN:31,(anonymous_1)
FN:54,(anonymous_2)
FN:71,(anonymous_3)
FN:95,(anonymous_4)
FN:123,(anonymous_5)
FN:132,(anonymous_6)
FN:144,(anonymous_7)
FN:154,(anonymous_8)
FN:181,(anonymous_9)
FN:182,(anonymous_10)
FN:193,(anonymous_11)
FN:209,(anonymous_12)
FN:217,(anonymous_13)
FN:224,(anonymous_14)
FN:246,(anonymous_15)
FN:267,(anonymous_16)
FN:275,(anonymous_17)
FN:283,(anonymous_18)
FN:312,(anonymous_19)
FN:337,(anonymous_20)
FN:354,(anonymous_21)
FN:367,(anonymous_22)
FN:387,(anonymous_23)
FN:408,(anonymous_24)
FN:415,(anonymous_25)
FN:423,(anonymous_26)
FNF:27
FNH:24
FNDA:50,(anonymous_0)
FNDA:50,(anonymous_1)
FNDA:48,(anonymous_2)
FNDA:29,(anonymous_3)
FNDA:18,(anonymous_4)
FNDA:31,(anonymous_5)
FNDA:16,(anonymous_6)
FNDA:12,(anonymous_7)
FNDA:18,(anonymous_8)
FNDA:18,(anonymous_9)
FNDA:22,(anonymous_10)
FNDA:4,(anonymous_11)
FNDA:4,(anonymous_12)
FNDA:10,(anonymous_13)
FNDA:0,(anonymous_14)
FNDA:9,(anonymous_15)
FNDA:6,(anonymous_16)
FNDA:6,(anonymous_17)
FNDA:6,(anonymous_18)
FNDA:10,(anonymous_19)
FNDA:10,(anonymous_20)
FNDA:2,(anonymous_21)
FNDA:3,(anonymous_22)
FNDA:76,(anonymous_23)
FNDA:8,(anonymous_24)
FNDA:0,(anonymous_25)
FNDA:0,(anonymous_26)
DA:8,1
DA:9,1
DA:10,1
DA:11,1
DA:12,1
DA:13,1
DA:14,1
DA:15,1
DA:16,1
DA:17,1
DA:21,50
DA:22,50
DA:23,50
DA:32,50
DA:33,2
DA:36,48
DA:45,36
DA:46,36
DA:55,48
DA:57,48
DA:58,29
DA:59,19
DA:60,18
DA:62,1
DA:72,29
DA:74,29
DA:75,2
DA:78,27
DA:79,2
DA:82,25
DA:96,18
DA:97,18
DA:99,18
DA:100,16
DA:101,13
DA:102,12
DA:104,11
DA:124,31
DA:125,3
DA:133,16
DA:134,2
DA:136,14
DA:137,1
DA:145,12
DA:146,1
DA:155,18
DA:160,18
DA:161,14
DA:162,14
DA:163,4
DA:164,4
DA:165,4
DA:168,18
DA:175,18
DA:182,22
DA:194,4
DA:195,4
DA:197,4
DA:199,4
DA:200,0
DA:203,4
DA:210,4
DA:218,10
DA:225,0
DA:231,0
DA:239,0
DA:247,9
DA:248,3
DA:251,6
DA:252,6
DA:254,6
DA:261,6
DA:268,6
DA:276,6
DA:284,6
DA:286,6
DA:287,4
DA:290,2
DA:291,2
DA:297,2
DA:305,2
DA:313,10
DA:314,10
DA:316,10
DA:317,10
DA:319,10
DA:326,10
DA:338,10
DA:339,1
DA:340,9
DA:341,4
DA:342,5
DA:343,3
DA:344,2
DA:345,1
DA:347,1
DA:355,2
DA:356,2
DA:368,3
DA:388,76
DA:396,76
DA:399,76
DA:400,0
DA:409,8
DA:416,0
DA:424,0
DA:426,0
DA:427,0
LF:108
LH:99
BRDA:20,0,0,50
BRDA:22,1,0,50
BRDA:22,1,1,50
BRDA:32,2,0,2
BRDA:32,2,1,48
BRDA:32,3,0,50
BRDA:32,3,1,48
BRDA:37,4,0,48
BRDA:37,4,1,28
BRDA:39,5,0,36
BRDA:39,5,1,34
BRDA:40,6,0,36
BRDA:40,6,1,35
BRDA:41,7,0,36
BRDA:41,7,1,35
BRDA:42,8,0,36
BRDA:42,8,1,35
BRDA:55,9,0,48
BRDA:55,9,1,28
BRDA:57,10,0,29
BRDA:57,10,1,19
BRDA:59,11,0,18
BRDA:59,11,1,1
BRDA:72,12,0,29
BRDA:72,12,1,1
BRDA:74,13,0,2
BRDA:74,13,1,27
BRDA:74,14,0,29
BRDA:74,14,1,28
BRDA:74,14,2,28
BRDA:78,15,0,2
BRDA:78,15,1,25
BRDA:78,16,0,27
BRDA:78,16,1,26
BRDA:96,17,0,18
BRDA:96,17,1,0
BRDA:97,18,0,18
BRDA:97,18,1,1
BRDA:124,19,0,3
BRDA:124,19,1,28
BRDA:124,20,0,31
BRDA:124,20,1,28
BRDA:124,20,2,28
BRDA:133,21,0,2
BRDA:133,21,1,14
BRDA:133,22,0,16
BRDA:133,22,1,14
BRDA:133,22,2,14
BRDA:136,23,0,1
BRDA:136,23,1,13
BRDA:145,24,0,1
BRDA:145,24,1,11
BRDA:160,25,0,14
BRDA:160,25,1,4
BRDA:163,26,0,4
BRDA:163,26,1,0
BRDA:199,27,0,0
BRDA:199,27,1,4
BRDA:218,28,0,10
BRDA:218,28,1,2
BRDA:218,28,2,2
BRDA:247,29,0,3
BRDA:247,29,1,6
BRDA:276,30,0,5
BRDA:276,30,1,1
BRDA:286,31,0,4
BRDA:286,31,1,2
BRDA:317,32,0,2
BRDA:317,32,1,8
BRDA:338,33,0,1
BRDA:338,33,1,9
BRDA:340,34,0,4
BRDA:340,34,1,5
BRDA:342,35,0,3
BRDA:342,35,1,2
BRDA:344,36,0,1
BRDA:344,36,1,1
BRDA:358,37,0,0
BRDA:358,37,1,2
BRDA:359,38,0,0
BRDA:359,38,1,2
BRDA:399,39,0,0
BRDA:399,39,1,76
BRF:83
BRH:77
end_of_record
TN:
SF:src\engine\fem\solvers\ConjugateGradientSolver.js
FN:5,(anonymous_0)
FN:14,(anonymous_1)
FN:92,(anonymous_2)
FN:113,(anonymous_3)
FN:127,(anonymous_4)
FN:140,(anonymous_5)
FN:151,(anonymous_6)
FNF:7
FNH:7
FNDA:17,(anonymous_0)
FNDA:6,(anonymous_1)
FNDA:16,(anonymous_2)
FNDA:8,(anonymous_3)
FNDA:6,(anonymous_4)
FNDA:28,(anonymous_5)
FNDA:14,(anonymous_6)
DA:6,17
DA:7,17
DA:8,17
DA:15,6
DA:18,6
DA:21,6
DA:24,6
DA:27,6
DA:28,5
DA:31,6
DA:32,6
DA:34,6
DA:36,6
DA:38,6
DA:41,6
DA:42,6
DA:44,6
DA:46,6
DA:49,6
DA:50,10
DA:54,6
DA:55,10
DA:59,6
DA:62,6
DA:63,6
DA:67,0
DA:68,0
DA:71,0
DA:72,0
DA:75,0
DA:78,6
DA:80,6
DA:93,16
DA:95,16
DA:96,26
DA:97,26
DA:99,26
DA:100,26
DA:101,28
DA:102,28
DA:104,26
DA:107,16
DA:114,8
DA:115,8
DA:117,8
DA:118,12
DA:121,8
DA:130,6
DA:132,6
DA:133,10
DA:141,28
DA:142,28
DA:143,50
DA:145,28
DA:152,14
LF:55
LH:50
BRDA:5,0,0,10
BRDA:6,1,0,17
BRDA:6,1,1,11
BRDA:7,2,0,17
BRDA:7,2,1,12
BRDA:8,3,0,17
BRDA:8,3,1,14
BRDA:27,4,0,5
BRDA:27,4,1,1
BRDA:44,5,0,0
BRDA:44,5,1,6
BRDA:62,6,0,6
BRDA:62,6,1,0
BRF:13
BRH:11
end_of_record
TN:
SF:src\engine\physics\voltageMetrics.js
FN:16,computeTouchVoltagePhysical
FN:18,(anonymous_1)
FN:19,(anonymous_2)
FN:27,(anonymous_3)
FN:34,(anonymous_4)
FN:43,(anonymous_5)
FN:44,(anonymous_6)
FN:49,(anonymous_7)
FN:52,(anonymous_8)
FN:66,computeStepVoltagePhysical
FN:103,computeTouchVoltageAnalytical
FN:115,computeStepVoltageAnalytical
FN:127,generateSurfaceGrid
FN:128,(anonymous_13)
FN:129,(anonymous_14)
FN:168,interpolateVoltage
FN:192,generateAnalyticalGrid
FN:229,findCriticalPoints
FN:276,computeTouchVoltageWithOffset
FN:312,computeElectricGradient
FN:314,(anonymous_20)
FN:358,computeVoltageIsoline
FN:359,(anonymous_22)
FN:360,(anonymous_23)
FNF:24
FNH:24
FNDA:3,computeTouchVoltagePhysical
FNDA:12,(anonymous_1)
FNDA:12,(anonymous_2)
FNDA:12,(anonymous_3)
FNDA:12,(anonymous_4)
FNDA:2,(anonymous_5)
FNDA:2,(anonymous_6)
FNDA:2,(anonymous_7)
FNDA:8,(anonymous_8)
FNDA:5,computeStepVoltagePhysical
FNDA:4,computeTouchVoltageAnalytical
FNDA:4,computeStepVoltageAnalytical
FNDA:3,generateSurfaceGrid
FNDA:8,(anonymous_13)
FNDA:8,(anonymous_14)
FNDA:139,interpolateVoltage
FNDA:4,generateAnalyticalGrid
FNDA:3,findCriticalPoints
FNDA:4,computeTouchVoltageWithOffset
FNDA:4,computeElectricGradient
FNDA:9,(anonymous_20)
FNDA:5,computeVoltageIsoline
FNDA:12,(anonymous_22)
FNDA:7,(anonymous_23)
DA:18,12
DA:19,12
DA:20,3
DA:21,3
DA:22,3
DA:23,3
DA:26,3
DA:27,3
DA:28,12
DA:34,3
DA:35,12
DA:41,3
DA:43,2
DA:44,2
DA:45,1
DA:49,2
DA:52,8
DA:54,2
DA:67,5
DA:69,5
DA:70,12
DA:72,12
DA:73,30
DA:75,30
DA:76,30
DA:77,30
DA:79,30
DA:82,18
DA:83,18
DA:85,18
DA:86,4
DA:91,5
DA:104,4
DA:116,4
DA:128,8
DA:129,8
DA:130,3
DA:131,3
DA:132,3
DA:133,3
DA:135,3
DA:136,3
DA:138,3
DA:140,3
DA:141,17
DA:142,17
DA:144,17
DA:145,139
DA:148,139
DA:150,139
DA:153,17
DA:156,3
DA:169,139
DA:170,139
DA:172,139
DA:173,288
DA:174,288
DA:176,280
DA:177,280
DA:178,280
DA:181,131
DA:193,4
DA:194,4
DA:196,4
DA:197,4
DA:199,4
DA:200,200
DA:201,200
DA:203,10000
DA:204,10000
DA:207,10000
DA:213,10000
DA:215,10000
DA:219,4
DA:230,3
DA:231,3
DA:233,3
DA:234,4
DA:235,8
DA:238,8
DA:239,8
DA:240,3
DA:244,8
DA:245,8
DA:246,4
DA:247,4
DA:248,3
DA:253,8
DA:254,8
DA:255,2
DA:256,2
DA:257,0
DA:263,3
DA:277,4
DA:279,4
DA:280,8
DA:282,8
DA:283,16
DA:285,16
DA:286,16
DA:287,16
DA:289,16
DA:292,8
DA:293,8
DA:295,8
DA:299,4
DA:314,4
DA:315,9
DA:316,9
DA:319,4
DA:320,4
DA:324,0
DA:325,0
DA:327,0
DA:328,0
DA:329,0
DA:330,0
DA:332,0
DA:333,0
DA:334,0
DA:335,0
DA:339,0
DA:340,0
DA:341,0
DA:344,0
DA:346,0
DA:359,12
DA:360,7
LF:128
LH:112
BRDA:28,0,0,12
BRDA:28,0,1,7
BRDA:28,0,2,2
BRDA:28,0,3,2
BRDA:35,1,0,12
BRDA:35,1,1,7
BRDA:35,1,2,2
BRDA:35,1,3,2
BRDA:41,2,0,1
BRDA:41,2,1,2
BRDA:66,3,0,1
BRDA:79,4,0,12
BRDA:79,4,1,18
BRDA:85,5,0,4
BRDA:85,5,1,14
BRDA:103,6,0,3
BRDA:115,7,0,3
BRDA:127,8,0,1
BRDA:174,9,0,8
BRDA:174,9,1,280
BRDA:192,10,0,1
BRDA:193,11,0,2
BRDA:239,12,0,3
BRDA:239,12,1,5
BRDA:245,13,0,4
BRDA:245,13,1,4
BRDA:247,14,0,3
BRDA:247,14,1,1
BRDA:254,15,0,2
BRDA:254,15,1,6
BRDA:256,16,0,0
BRDA:256,16,1,2
BRDA:276,17,0,1
BRDA:289,18,0,8
BRDA:289,18,1,8
BRDA:295,19,0,4
BRDA:295,19,1,4
BRDA:312,20,0,1
BRDA:319,21,0,4
BRDA:319,21,1,0
BRDA:332,22,0,0
BRDA:332,22,1,0
BRDA:339,23,0,0
BRDA:339,23,1,0
BRDA:358,24,0,1
BRF:45
BRH:39
end_of_record
TN:
SF:src\engine\pipelines\heatmapPipeline.js
FN:1,heatmapPipeline
FNF:1
FNH:0
FNDA:0,heatmapPipeline
LF:0
LH:0
BRF:0
BRH:0
end_of_record
TN:
SF:src\engine\pipelines\slicePipeline.js
FN:1,slicePipeline
FNF:1
FNH:0
FNDA:0,slicePipeline
LF:0
LH:0
BRF:0
BRH:0
end_of_record
TN:
SF:src\engine\pipelines\validationPipeline.js
FN:11,validationPipeline
FN:27,validateInput
FN:36,validateBasicConsistency
FN:53,calculateMethodDifferences
FN:80,calculatePercentDifference
FNF:5
FNH:5
FNDA:13,validationPipeline
FNDA:13,validateInput
FNDA:10,validateBasicConsistency
FNDA:10,calculateMethodDifferences
FNDA:40,calculatePercentDifference
DA:12,13
DA:14,10
DA:15,10
DA:17,10
DA:28,13
DA:29,3
DA:37,10
DA:39,10
DA:40,2
DA:43,10
DA:44,2
DA:47,10
DA:54,10
DA:81,40
DA:82,38
LF:15
LH:15
BRDA:28,0,0,3
BRDA:28,0,1,10
BRDA:28,1,0,13
BRDA:28,1,1,11
BRDA:39,2,0,2
BRDA:39,2,1,8
BRDA:43,3,0,2
BRDA:43,3,1,8
BRDA:81,4,0,2
BRDA:81,4,1,38
BRDA:81,5,0,40
BRDA:81,5,1,38
BRF:12
BRH:12
end_of_record
TN:
SF:src\engine\standards\cfe\cfeCriteria.js
FN:47,(anonymous_0)
FN:66,(anonymous_1)
FN:75,(anonymous_2)
FN:87,(anonymous_3)
FN:100,(anonymous_4)
FN:111,(anonymous_5)
FN:122,(anonymous_6)
FN:129,(anonymous_7)
FN:145,(anonymous_8)
FN:160,(anonymous_9)
FN:178,(anonymous_10)
FN:219,(anonymous_11)
FNF:12
FNH:12
FNDA:20,(anonymous_0)
FNDA:20,(anonymous_1)
FNDA:20,(anonymous_2)
FNDA:24,(anonymous_3)
FNDA:19,(anonymous_4)
FNDA:9,(anonymous_5)
FNDA:5,(anonymous_6)
FNDA:9,(anonymous_7)
FNDA:9,(anonymous_8)
FNDA:9,(anonymous_9)
FNDA:7,(anonymous_10)
FNDA:3,(anonymous_11)
DA:9,1
DA:10,1
DA:11,1
DA:12,1
DA:13,1
DA:14,1
DA:15,1
DA:16,1
DA:18,1
DA:27,1
DA:41,1
DA:48,20
DA:50,20
DA:51,20
DA:52,20
DA:54,20
DA:67,20
DA:68,19
DA:69,18
DA:76,20
DA:77,19
DA:78,18
DA:88,24
DA:89,22
DA:90,20
DA:91,18
DA:101,19
DA:102,19
DA:112,9
DA:113,9
DA:115,9
DA:116,9
DA:117,9
DA:119,9
DA:122,5
DA:130,9
DA:131,9
DA:132,2
DA:139,7
DA:146,9
DA:147,2
DA:154,7
DA:161,9
DA:162,1
DA:169,8
DA:179,7
DA:180,7
DA:181,7
DA:183,7
DA:185,7
DA:186,1
DA:195,7
DA:196,1
DA:205,7
DA:220,3
DA:221,3
DA:223,3
LF:57
LH:57
BRDA:52,0,0,20
BRDA:52,0,1,1
BRDA:67,1,0,1
BRDA:67,1,1,19
BRDA:68,2,0,1
BRDA:68,2,1,18
BRDA:76,3,0,1
BRDA:76,3,1,19
BRDA:77,4,0,1
BRDA:77,4,1,18
BRDA:88,5,0,2
BRDA:88,5,1,22
BRDA:89,6,0,2
BRDA:89,6,1,20
BRDA:90,7,0,2
BRDA:90,7,1,18
BRDA:100,8,0,3
BRDA:101,9,0,13
BRDA:101,9,1,6
BRDA:102,10,0,19
BRDA:102,10,1,1
BRDA:131,11,0,2
BRDA:131,11,1,7
BRDA:146,12,0,2
BRDA:146,12,1,7
BRDA:161,13,0,1
BRDA:161,13,1,8
BRDA:185,14,0,1
BRDA:185,14,1,6
BRDA:195,15,0,1
BRDA:195,15,1,6
BRDA:226,16,0,3
BRDA:226,16,1,3
BRDA:230,17,0,3
BRDA:230,17,1,2
BRF:35
BRH:35
end_of_record
TN:
SF:src\engine\standards\nom\nom001SEDE2012.js
FN:66,(anonymous_0)
FN:80,(anonymous_1)
FN:89,(anonymous_2)
FN:101,(anonymous_3)
FN:114,(anonymous_4)
FN:122,(anonymous_5)
FN:131,(anonymous_6)
FN:145,(anonymous_7)
FN:160,(anonymous_8)
FN:166,(anonymous_9)
FN:173,(anonymous_10)
FN:192,(anonymous_11)
FN:232,(anonymous_12)
FNF:13
FNH:13
FNDA:17,(anonymous_0)
FNDA:17,(anonymous_1)
FNDA:17,(anonymous_2)
FNDA:12,(anonymous_3)
FNDA:12,(anonymous_4)
FNDA:12,(anonymous_5)
FNDA:12,(anonymous_6)
FNDA:15,(anonymous_7)
FNDA:7,(anonymous_8)
FNDA:2,(anonymous_9)
FNDA:7,(anonymous_10)
FNDA:7,(anonymous_11)
FNDA:3,(anonymous_12)
DA:9,1
DA:10,1
DA:11,1
DA:12,1
DA:13,1
DA:14,1
DA:15,1
DA:16,1
DA:18,1
DA:24,1
DA:31,1
DA:36,1
DA:41,1
DA:47,1
DA:54,1
DA:60,1
DA:67,17
DA:69,17
DA:70,17
DA:71,17
DA:72,17
DA:74,17
DA:81,17
DA:82,16
DA:83,15
DA:90,17
DA:91,16
DA:92,15
DA:93,1
DA:102,12
DA:104,12
DA:105,12
DA:106,12
DA:108,12
DA:115,12
DA:123,12
DA:132,12
DA:134,12
DA:135,11
DA:136,3
DA:137,2
DA:146,15
DA:148,15
DA:149,15
DA:151,15
DA:161,7
DA:163,7
DA:166,2
DA:174,7
DA:175,7
DA:176,2
DA:183,5
DA:193,7
DA:194,7
DA:196,7
DA:198,7
DA:199,1
DA:208,7
DA:209,1
DA:218,7
DA:233,3
DA:234,3
DA:236,3
LF:63
LH:63
BRDA:67,0,0,1
BRDA:69,1,0,17
BRDA:69,1,1,1
BRDA:72,2,0,17
BRDA:72,2,1,0
BRDA:81,3,0,1
BRDA:81,3,1,16
BRDA:82,4,0,1
BRDA:82,4,1,15
BRDA:90,5,0,1
BRDA:90,5,1,16
BRDA:91,6,0,1
BRDA:91,6,1,15
BRDA:92,7,0,14
BRDA:92,7,1,1
BRDA:102,8,0,1
BRDA:104,9,0,12
BRDA:104,9,1,1
BRDA:134,10,0,1
BRDA:134,10,1,11
BRDA:135,11,0,8
BRDA:135,11,1,3
BRDA:136,12,0,1
BRDA:136,12,1,2
BRDA:146,13,0,1
BRDA:146,14,0,1
BRDA:148,15,0,15
BRDA:148,15,1,0
BRDA:175,16,0,2
BRDA:175,16,1,5
BRDA:198,17,0,1
BRDA:198,17,1,6
BRDA:208,18,0,1
BRDA:208,18,1,6
BRDA:239,19,0,3
BRDA:239,19,1,3
BRF:36
BRH:34
end_of_record
TN:
SF:src\simulation\FEMSimulationRunner.js
FN:8,(anonymous_0)
FN:17,(anonymous_1)
FN:43,(anonymous_2)
FN:53,(anonymous_3)
FN:54,(anonymous_4)
FNF:5
FNH:4
FNDA:6,(anonymous_0)
FNDA:0,(anonymous_1)
FNDA:4,(anonymous_2)
FNDA:2,(anonymous_3)
FNDA:2,(anonymous_4)
DA:9,6
DA:10,6
DA:11,6
DA:19,0
DA:26,0
DA:34,0
DA:37,0
DA:44,4
DA:46,4
DA:47,1
DA:51,3
DA:52,3
DA:53,3
DA:54,3
DA:57,3
DA:58,3
DA:59,3
DA:60,3
DA:62,3
DA:65,3
DA:67,3
DA:70,3
LF:22
LH:18
BRDA:8,0,0,5
BRDA:27,1,0,0
BRDA:27,1,1,0
BRDA:28,2,0,0
BRDA:28,2,1,0
BRDA:29,3,0,0
BRDA:29,3,1,0
BRDA:46,4,0,1
BRDA:46,4,1,3
BRDA:51,5,0,3
BRDA:51,5,1,0
BRDA:52,6,0,3
BRDA:52,6,1,0
BRDA:53,7,0,1
BRDA:53,7,1,2
BRDA:54,8,0,1
BRDA:54,8,1,2
BRDA:57,9,0,3
BRDA:57,9,1,0
BRDA:58,10,0,3
BRDA:58,10,1,0
BRDA:59,11,0,3
BRDA:59,11,1,0
BRDA:60,12,0,3
BRDA:60,12,1,0
BRDA:79,13,0,3
BRDA:79,13,1,3
BRF:27
BRH:15
end_of_record
TN:
SF:src\simulation\SimulationRunner.js
FN:28,(anonymous_0)
FN:37,(anonymous_1)
FN:38,(anonymous_2)
FN:48,(anonymous_3)
FN:81,(anonymous_4)
FN:90,(anonymous_5)
FN:104,(anonymous_6)
FN:113,(anonymous_7)
FN:124,(anonymous_8)
FN:136,(anonymous_9)
FN:148,(anonymous_10)
FN:167,(anonymous_11)
FN:187,(anonymous_12)
FN:203,(anonymous_13)
FN:213,(anonymous_14)
FN:244,quickSimulate
FNF:16
FNH:16
FNDA:20,(anonymous_0)
FNDA:6,(anonymous_1)
FNDA:7,(anonymous_2)
FNDA:12,(anonymous_3)
FNDA:12,(anonymous_4)
FNDA:11,(anonymous_5)
FNDA:11,(anonymous_6)
FNDA:11,(anonymous_7)
FNDA:11,(anonymous_8)
FNDA:11,(anonymous_9)
FNDA:11,(anonymous_10)
FNDA:1011,(anonymous_11)
FNDA:1011,(anonymous_12)
FNDA:2,(anonymous_13)
FNDA:4,(anonymous_14)
FNDA:2,quickSimulate
DA:13,1
DA:14,1
DA:15,1
DA:16,1
DA:17,1
DA:18,1
DA:19,1
DA:20,1
DA:21,1
DA:22,1
DA:29,20
DA:30,20
DA:38,7
DA:39,6
DA:40,6
DA:49,12
DA:51,12
DA:53,11
DA:54,11
DA:55,11
DA:56,11
DA:57,11
DA:58,11
DA:59,11
DA:60,11
DA:61,11
DA:63,11
DA:82,12
DA:83,1
DA:91,11
DA:105,11
DA:106,11
DA:107,11
DA:114,11
DA:125,11
DA:137,11
DA:149,11
DA:168,1011
DA:169,1011
DA:170,1011
DA:171,1011
DA:177,1011
DA:178,1011
DA:180,1011
DA:181,1011
DA:188,1011
DA:189,1011
DA:190,1011
DA:191,1011
DA:193,1011
DA:204,2
DA:205,2
DA:214,4
DA:215,4
DA:216,4
DA:218,3
DA:219,3
DA:220,3
DA:222,3
DA:223,3
DA:224,3
DA:226,3
DA:227,53
DA:228,1003
DA:229,1003
DA:230,1003
DA:231,1003
DA:235,3
DA:245,2
DA:246,2
LF:70
LH:70
BRDA:82,0,0,1
BRDA:82,0,1,11
BRDA:82,1,0,12
BRDA:82,1,1,11
BRDA:82,1,2,11
BRDA:105,2,0,11
BRDA:105,2,1,0
BRDA:106,3,0,11
BRDA:106,3,1,0
BRDA:107,4,0,11
BRDA:107,4,1,2
BRDA:169,5,0,1011
BRDA:169,5,1,0
BRDA:170,6,0,1011
BRDA:170,6,1,0
BRDA:172,7,0,1011
BRDA:172,7,1,0
BRDA:173,8,0,1011
BRDA:173,8,1,0
BRDA:174,9,0,1011
BRDA:174,9,1,0
BRDA:175,10,0,1011
BRDA:175,10,1,0
BRDA:177,11,0,1011
BRDA:177,11,1,0
BRDA:213,12,0,1
BRDA:216,13,0,1
BRDA:216,13,1,3
BRDA:218,14,0,3
BRDA:218,14,1,0
BRDA:219,15,0,3
BRDA:219,15,1,0
BRDA:220,16,0,3
BRDA:220,16,1,0
BRF:34
BRH:22
end_of_record
TN:
SF:src\simulation\runners\StepVoltageRunner.js
FN:16,(anonymous_0)
FN:25,(anonymous_1)
FN:41,(anonymous_2)
FN:53,(anonymous_3)
FN:60,(anonymous_4)
FN:80,(anonymous_5)
FN:91,(anonymous_6)
FN:101,(anonymous_7)
FN:109,(anonymous_8)
FN:127,(anonymous_9)
FN:147,(anonymous_10)
FN:155,(anonymous_11)
FN:163,(anonymous_12)
FNF:13
FNH:13
FNDA:14,(anonymous_0)
FNDA:14,(anonymous_1)
FNDA:13,(anonymous_2)
FNDA:13,(anonymous_3)
FNDA:13,(anonymous_4)
FNDA:25893,(anonymous_5)
FNDA:25893,(anonymous_6)
FNDA:7,(anonymous_7)
FNDA:7,(anonymous_8)
FNDA:4,(anonymous_9)
FNDA:4,(anonymous_10)
FNDA:4,(anonymous_11)
FNDA:4,(anonymous_12)
DA:6,1
DA:7,1
DA:8,1
DA:9,1
DA:10,1
DA:11,1
DA:12,1
DA:13,1
DA:17,14
DA:26,14
DA:27,14
DA:29,14
DA:31,13
DA:32,13
DA:33,13
DA:35,13
DA:42,13
DA:54,13
DA:61,13
DA:62,13
DA:63,13
DA:65,13
DA:66,553
DA:67,25893
DA:68,25893
DA:69,25893
DA:70,25893
DA:74,13
DA:81,25893
DA:82,25893
DA:84,25893
DA:85,25893
DA:92,25893
DA:93,25893
DA:94,25893
DA:102,7
DA:103,7
DA:110,7
DA:111,7
DA:113,7
DA:114,18207
DA:115,1820
DA:116,1820
DA:120,7
DA:128,4
DA:129,4
DA:130,4
DA:132,4
DA:133,4
DA:134,4
DA:136,4
DA:148,4
DA:156,4
DA:164,4
LF:54
LH:54
BRDA:25,0,0,2
BRDA:29,1,0,1
BRDA:29,1,1,13
BRDA:54,2,0,13
BRDA:54,2,1,0
BRDA:114,3,0,1820
BRDA:114,3,1,16387
BRF:7
BRH:6
end_of_record
TN:
SF:src\simulation\scenarios\FaultScenarios.js
FN:77,createCustomScenario
FNF:1
FNH:1
FNDA:7,createCustomScenario
DA:4,1
DA:5,1
DA:6,1
DA:7,1
DA:8,1
DA:10,1
DA:78,7
LF:7
LH:7
BRDA:80,0,0,7
BRDA:80,0,1,4
BRDA:81,1,0,7
BRDA:81,1,1,3
BRDA:82,2,0,7
BRDA:82,2,1,3
BRDA:83,3,0,7
BRDA:83,3,1,4
BRDA:84,4,0,7
BRDA:84,4,1,6
BRF:10
BRH:10
end_of_record
