TN:
SF:src\engine\optimizerNSGA2.js
FN:13,(anonymous_0)
FN:42,(anonymous_1)
FN:113,(anonymous_2)
FN:129,(anonymous_3)
FN:136,(anonymous_4)
FN:147,(anonymous_5)
FN:154,(anonymous_6)
FN:193,(anonymous_7)
FN:213,(anonymous_8)
FN:220,(anonymous_9)
FN:232,(anonymous_10)
FN:235,(anonymous_11)
FN:252,(anonymous_12)
FN:289,(anonymous_13)
FN:298,(anonymous_14)
FN:299,(anonymous_15)
FN:302,(anonymous_16)
FN:323,(anonymous_17)
FN:338,(anonymous_18)
FN:364,(anonymous_19)
FN:372,(anonymous_20)
FN:374,(anonymous_21)
FN:400,(anonymous_22)
FNF:23
FNH:0
FNDA:0,(anonymous_0)
FNDA:0,(anonymous_1)
FNDA:0,(anonymous_2)
FNDA:0,(anonymous_3)
FNDA:0,(anonymous_4)
FNDA:0,(anonymous_5)
FNDA:0,(anonymous_6)
FNDA:0,(anonymous_7)
FNDA:0,(anonymous_8)
FNDA:0,(anonymous_9)
FNDA:0,(anonymous_10)
FNDA:0,(anonymous_11)
FNDA:0,(anonymous_12)
FNDA:0,(anonymous_13)
FNDA:0,(anonymous_14)
FNDA:0,(anonymous_15)
FNDA:0,(anonymous_16)
FNDA:0,(anonymous_17)
FNDA:0,(anonymous_18)
FNDA:0,(anonymous_19)
FNDA:0,(anonymous_20)
FNDA:0,(anonymous_21)
FNDA:0,(anonymous_22)
DA:13,0
DA:24,0
DA:25,0
DA:26,0
DA:27,0
DA:29,0
DA:30,0
DA:31,0
DA:32,0
DA:33,0
DA:35,0
DA:42,0
DA:52,0
DA:55,0
DA:56,0
DA:57,0
DA:58,0
DA:61,0
DA:62,0
DA:63,0
DA:64,0
DA:65,0
DA:66,0
DA:69,0
DA:73,0
DA:74,0
DA:77,0
DA:81,0
DA:82,0
DA:83,0
DA:84,0
DA:88,0
DA:89,0
DA:91,0
DA:92,0
DA:93,0
DA:95,0
DA:113,0
DA:114,0
DA:115,0
DA:117,0
DA:129,0
DA:136,0
DA:147,0
DA:148,0
DA:149,0
DA:152,0
DA:153,0
DA:154,0
DA:155,0
DA:156,0
DA:158,0
DA:159,0
DA:160,0
DA:161,0
DA:162,0
DA:163,0
DA:165,0
DA:166,0
DA:167,0
DA:168,0
DA:170,0
DA:172,0
DA:173,0
DA:175,0
DA:176,0
DA:181,0
DA:182,0
DA:183,0
DA:184,0
DA:185,0
DA:189,0
DA:190,0
DA:193,0
DA:194,0
DA:196,0
DA:197,0
DA:199,0
DA:200,0
DA:201,0
DA:202,0
DA:203,0
DA:204,0
DA:205,0
DA:206,0
DA:210,0
DA:211,0
DA:212,0
DA:213,0
DA:217,0
DA:220,0
DA:221,0
DA:223,0
DA:225,0
DA:226,0
DA:227,0
DA:231,0
DA:232,0
DA:233,0
DA:235,0
DA:236,0
DA:237,0
DA:239,0
DA:240,0
DA:242,0
DA:243,0
DA:252,0
DA:253,0
DA:254,0
DA:257,0
DA:265,0
DA:266,0
DA:267,0
DA:268,0
DA:269,0
DA:276,0
DA:289,0
DA:298,0
DA:299,0
DA:301,0
DA:302,0
DA:303,0
DA:311,0
DA:323,0
DA:324,0
DA:326,0
DA:327,0
DA:330,0
DA:331,0
DA:332,0
DA:335,0
DA:337,0
DA:338,0
DA:339,0
DA:340,0
DA:341,0
DA:342,0
DA:349,0
DA:359,0
DA:360,0
DA:362,0
DA:363,0
DA:364,0
DA:365,0
DA:366,0
DA:367,0
DA:369,0
DA:372,0
DA:373,0
DA:374,0
DA:375,0
DA:376,0
DA:380,0
DA:381,0
DA:382,0
DA:383,0
DA:384,0
DA:387,0
DA:388,0
DA:389,0
DA:390,0
DA:391,0
DA:392,0
DA:393,0
DA:396,0
DA:400,0
DA:402,0
LF:167
LH:0
BRDA:17,0,0,0
BRDA:18,1,0,0
BRDA:19,2,0,0
BRDA:20,3,0,0
BRDA:21,4,0,0
BRDA:24,5,0,0
BRDA:24,5,1,0
BRDA:25,6,0,0
BRDA:25,6,1,0
BRDA:26,7,0,0
BRDA:26,7,1,0
BRDA:27,8,0,0
BRDA:27,8,1,0
BRDA:44,9,0,0
BRDA:45,10,0,0
BRDA:46,11,0,0
BRDA:47,12,0,0
BRDA:48,13,0,0
BRDA:49,14,0,0
BRDA:50,15,0,0
BRDA:51,16,0,0
BRDA:55,17,0,0
BRDA:55,17,1,0
BRDA:55,17,2,0
BRDA:56,18,0,0
BRDA:56,18,1,0
BRDA:56,18,2,0
BRDA:57,19,0,0
BRDA:57,19,1,0
BRDA:58,20,0,0
BRDA:58,20,1,0
BRDA:61,21,0,0
BRDA:61,21,1,0
BRDA:82,22,0,0
BRDA:82,22,1,0
BRDA:93,23,0,0
BRDA:93,23,1,0
BRDA:114,24,0,0
BRDA:114,24,1,0
BRDA:114,24,2,0
BRDA:115,25,0,0
BRDA:115,25,1,0
BRDA:115,25,2,0
BRDA:120,26,0,0
BRDA:120,26,1,0
BRDA:121,27,0,0
BRDA:121,27,1,0
BRDA:148,28,0,0
BRDA:148,28,1,0
BRDA:148,29,0,0
BRDA:148,29,1,0
BRDA:148,29,2,0
BRDA:160,30,0,0
BRDA:160,30,1,0
BRDA:163,31,0,0
BRDA:163,31,1,0
BRDA:163,32,0,0
BRDA:163,32,1,0
BRDA:165,33,0,0
BRDA:165,33,1,0
BRDA:166,34,0,0
BRDA:166,34,1,0
BRDA:167,35,0,0
BRDA:167,35,1,0
BRDA:168,36,0,0
BRDA:168,36,1,0
BRDA:170,37,0,0
BRDA:170,37,1,0
BRDA:170,37,2,0
BRDA:170,37,3,0
BRDA:172,38,0,0
BRDA:172,38,1,0
BRDA:175,39,0,0
BRDA:175,39,1,0
BRDA:175,39,2,0
BRDA:175,39,3,0
BRDA:176,40,0,0
BRDA:176,40,1,0
BRDA:183,41,0,0
BRDA:183,41,1,0
BRDA:189,42,0,0
BRDA:189,42,1,0
BRDA:189,43,0,0
BRDA:189,43,1,0
BRDA:204,44,0,0
BRDA:204,44,1,0
BRDA:212,45,0,0
BRDA:212,45,1,0
BRDA:221,46,0,0
BRDA:221,46,1,0
BRDA:221,47,0,0
BRDA:221,47,1,0
BRDA:221,47,2,0
BRDA:226,48,0,0
BRDA:226,48,1,0
BRDA:226,49,0,0
BRDA:226,49,1,0
BRDA:232,50,0,0
BRDA:232,50,1,0
BRDA:232,50,2,0
BRDA:233,51,0,0
BRDA:233,51,1,0
BRDA:240,52,0,0
BRDA:240,52,1,0
BRDA:267,53,0,0
BRDA:267,53,1,0
BRDA:292,54,0,0
BRDA:292,54,1,0
BRDA:294,55,0,0
BRDA:294,55,1,0
BRDA:295,56,0,0
BRDA:295,56,1,0
BRDA:301,57,0,0
BRDA:301,57,1,0
BRDA:304,58,0,0
BRDA:304,58,1,0
BRDA:323,59,0,0
BRDA:324,60,0,0
BRDA:324,61,0,0
BRDA:324,62,0,0
BRDA:324,63,0,0
BRDA:326,64,0,0
BRDA:326,64,1,0
BRDA:340,65,0,0
BRDA:340,65,1,0
BRDA:353,66,0,0
BRDA:353,66,1,0
BRDA:366,67,0,0
BRDA:366,67,1,0
BRDA:369,68,0,0
BRDA:369,68,1,0
BRDA:373,69,0,0
BRDA:373,69,1,0
BRDA:374,70,0,0
BRDA:374,70,1,0
BRDA:375,71,0,0
BRDA:375,71,1,0
BRDA:375,72,0,0
BRDA:375,72,1,0
BRDA:380,73,0,0
BRDA:380,73,1,0
BRDA:380,74,0,0
BRDA:380,74,1,0
BRDA:383,75,0,0
BRDA:383,75,1,0
BRDA:388,76,0,0
BRDA:388,76,1,0
BRDA:391,77,0,0
BRDA:391,77,1,0
BRDA:392,78,0,0
BRDA:392,78,1,0
BRDA:403,79,0,0
BRDA:403,79,1,0
BRDA:403,80,0,0
BRDA:403,80,1,0
BRF:155
BRH:0
end_of_record
TN:
SF:src\engine\autodesign\AutoDesignEngine.js
FN:9,(anonymous_0)
FN:34,(anonymous_1)
FN:75,(anonymous_2)
FN:77,(anonymous_3)
FN:86,(anonymous_4)
FN:109,(anonymous_5)
FN:165,(anonymous_6)
FN:172,(anonymous_7)
FN:185,(anonymous_8)
FN:192,(anonymous_9)
FN:201,(anonymous_10)
FNF:11
FNH:0
FNDA:0,(anonymous_0)
FNDA:0,(anonymous_1)
FNDA:0,(anonymous_2)
FNDA:0,(anonymous_3)
FNDA:0,(anonymous_4)
FNDA:0,(anonymous_5)
FNDA:0,(anonymous_6)
FNDA:0,(anonymous_7)
FNDA:0,(anonymous_8)
FNDA:0,(anonymous_9)
FNDA:0,(anonymous_10)
DA:10,0
DA:16,0
DA:21,0
DA:35,0
DA:37,0
DA:38,0
DA:41,0
DA:44,0
DA:52,0
DA:55,0
DA:56,0
DA:60,0
DA:62,0
DA:64,0
DA:65,0
DA:66,0
DA:67,0
DA:68,0
DA:69,0
DA:71,0
DA:75,0
DA:77,0
DA:87,0
DA:88,0
DA:89,0
DA:92,0
DA:93,0
DA:94,0
DA:96,0
DA:97,0
DA:99,0
DA:100,0
DA:101,0
DA:103,0
DA:110,0
DA:111,0
DA:113,0
DA:166,0
DA:173,0
DA:174,0
DA:175,0
DA:176,0
DA:177,0
DA:179,0
DA:181,0
DA:182,0
DA:186,0
DA:187,0
DA:188,0
DA:189,0
DA:193,0
DA:194,0
DA:195,0
DA:196,0
DA:197,0
DA:198,0
DA:202,0
DA:203,0
DA:204,0
DA:205,0
DA:206,0
DA:207,0
LF:62
LH:0
BRDA:9,0,0,0
BRDA:11,1,0,0
BRDA:11,1,1,0
BRDA:12,2,0,0
BRDA:12,2,1,0
BRDA:13,3,0,0
BRDA:13,3,1,0
BRDA:17,4,0,0
BRDA:17,4,1,0
BRDA:18,5,0,0
BRDA:18,5,1,0
BRDA:22,6,0,0
BRDA:22,6,1,0
BRDA:23,7,0,0
BRDA:23,7,1,0
BRDA:24,8,0,0
BRDA:24,8,1,0
BRDA:25,9,0,0
BRDA:25,9,1,0
BRDA:26,10,0,0
BRDA:26,10,1,0
BRDA:27,11,0,0
BRDA:27,11,1,0
BRDA:55,12,0,0
BRDA:55,12,1,0
BRDA:69,13,0,0
BRDA:69,13,1,0
BRDA:87,14,0,0
BRDA:87,14,1,0
BRDA:88,15,0,0
BRDA:88,15,1,0
BRDA:89,16,0,0
BRDA:89,16,1,0
BRDA:92,17,0,0
BRDA:92,17,1,0
BRDA:93,18,0,0
BRDA:93,18,1,0
BRDA:94,19,0,0
BRDA:94,19,1,0
BRDA:96,20,0,0
BRDA:96,20,1,0
BRDA:97,21,0,0
BRDA:97,21,1,0
BRDA:99,22,0,0
BRDA:99,22,1,0
BRDA:100,23,0,0
BRDA:100,23,1,0
BRDA:101,24,0,0
BRDA:101,24,1,0
BRDA:103,25,0,0
BRDA:103,25,1,0
BRDA:173,26,0,0
BRDA:173,26,1,0
BRDA:174,27,0,0
BRDA:174,27,1,0
BRDA:175,28,0,0
BRDA:175,28,1,0
BRDA:176,29,0,0
BRDA:176,29,1,0
BRDA:177,30,0,0
BRDA:177,30,1,0
BRDA:181,31,0,0
BRDA:181,31,1,0
BRDA:186,32,0,0
BRDA:186,32,1,0
BRDA:187,33,0,0
BRDA:187,33,1,0
BRDA:188,34,0,0
BRDA:188,34,1,0
BRDA:193,35,0,0
BRDA:193,35,1,0
BRDA:194,36,0,0
BRDA:194,36,1,0
BRDA:195,37,0,0
BRDA:195,37,1,0
BRDA:196,38,0,0
BRDA:196,38,1,0
BRDA:202,39,0,0
BRDA:202,39,1,0
BRDA:203,40,0,0
BRDA:203,40,1,0
BRDA:204,41,0,0
BRDA:204,41,1,0
BRDA:205,42,0,0
BRDA:205,42,1,0
BRF:85
BRH:0
end_of_record
TN:
SF:src\engine\autodesign\generators\CandidateGenerator.js
FN:5,(anonymous_0)
FN:14,(anonymous_1)
FN:34,(anonymous_2)
FN:71,(anonymous_3)
FN:114,(anonymous_4)
FN:153,(anonymous_5)
FN:186,(anonymous_6)
FN:193,(anonymous_7)
FN:200,(anonymous_8)
FN:210,(anonymous_9)
FN:217,(anonymous_10)
FNF:11
FNH:0
FNDA:0,(anonymous_0)
FNDA:0,(anonymous_1)
FNDA:0,(anonymous_2)
FNDA:0,(anonymous_3)
FNDA:0,(anonymous_4)
FNDA:0,(anonymous_5)
FNDA:0,(anonymous_6)
FNDA:0,(anonymous_7)
FNDA:0,(anonymous_8)
FNDA:0,(anonymous_9)
FNDA:0,(anonymous_10)
DA:6,0
DA:7,0
DA:8,0
DA:15,0
DA:17,0
DA:18,0
DA:19,0
DA:23,0
DA:24,0
DA:25,0
DA:28,0
DA:35,0
DA:37,0
DA:72,0
DA:73,0
DA:76,0
DA:87,0
DA:98,0
DA:108,0
DA:115,0
DA:117,0
DA:118,0
DA:123,0
DA:124,0
DA:129,0
DA:130,0
DA:133,0
DA:134,0
DA:137,0
DA:138,0
DA:141,0
DA:147,0
DA:154,0
DA:180,0
DA:187,0
DA:194,0
DA:201,0
DA:202,0
DA:203,0
DA:204,0
DA:211,0
DA:218,0
DA:219,0
DA:220,0
DA:221,0
LF:45
LH:0
BRDA:5,0,0,0
BRDA:7,1,0,0
BRDA:7,1,1,0
BRDA:23,2,0,0
BRDA:23,2,1,0
BRDA:41,3,0,0
BRDA:41,3,1,0
BRDA:41,4,0,0
BRDA:41,4,1,0
BRDA:42,5,0,0
BRDA:42,5,1,0
BRDA:42,6,0,0
BRDA:42,6,1,0
BRDA:43,7,0,0
BRDA:43,7,1,0
BRDA:43,8,0,0
BRDA:43,8,1,0
BRDA:114,9,0,0
BRDA:117,10,0,0
BRDA:117,10,1,0
BRDA:123,11,0,0
BRDA:123,11,1,0
BRDA:129,12,0,0
BRDA:129,12,1,0
BRDA:133,13,0,0
BRDA:133,13,1,0
BRDA:137,14,0,0
BRDA:137,14,1,0
BRDA:167,15,0,0
BRDA:167,15,1,0
BRDA:168,16,0,0
BRDA:168,16,1,0
BRDA:200,17,0,0
BRDA:204,18,0,0
BRDA:204,18,1,0
BRDA:217,19,0,0
BRF:36
BRH:0
end_of_record
TN:
SF:src\engine\autodesign\objective\ObjectiveFunction.js
FN:5,(anonymous_0)
FN:16,(anonymous_1)
FN:49,(anonymous_2)
FN:74,(anonymous_3)
FN:106,(anonymous_4)
FN:115,(anonymous_5)
FNF:6
FNH:0
FNDA:0,(anonymous_0)
FNDA:0,(anonymous_1)
FNDA:0,(anonymous_2)
FNDA:0,(anonymous_3)
FNDA:0,(anonymous_4)
FNDA:0,(anonymous_5)
DA:6,0
DA:18,0
DA:21,0
DA:24,0
DA:27,0
DA:31,0
DA:36,0
DA:51,0
DA:53,0
DA:56,0
DA:59,0
DA:60,0
DA:63,0
DA:65,0
DA:68,0
DA:75,0
DA:76,0
DA:79,0
DA:80,0
DA:82,0
DA:83,0
DA:87,0
DA:88,0
DA:90,0
DA:91,0
DA:95,0
DA:96,0
DA:97,0
DA:100,0
DA:107,0
DA:109,0
DA:116,0
DA:118,0
DA:120,0
DA:122,0
DA:123,0
DA:126,0
DA:127,0
DA:130,0
DA:131,0
DA:134,0
LF:41
LH:0
BRDA:5,0,0,0
BRDA:6,1,0,0
BRDA:6,1,1,0
BRDA:53,2,0,0
BRDA:53,2,1,0
BRDA:79,3,0,0
BRDA:79,3,1,0
BRDA:87,4,0,0
BRDA:87,4,1,0
BRDA:95,5,0,0
BRDA:95,5,1,0
BRDA:96,6,0,0
BRDA:96,6,1,0
BRDA:107,7,0,0
BRDA:107,7,1,0
BRDA:116,8,0,0
BRDA:116,8,1,0
BRDA:120,9,0,0
BRDA:120,9,1,0
BRDA:122,10,0,0
BRDA:122,10,1,0
BRDA:122,11,0,0
BRDA:122,11,1,0
BRDA:126,12,0,0
BRDA:126,12,1,0
BRDA:126,13,0,0
BRDA:126,13,1,0
BRDA:130,14,0,0
BRDA:130,14,1,0
BRDA:130,15,0,0
BRDA:130,15,1,0
BRF:31
BRH:0
end_of_record
TN:
SF:src\engine\autodesign\optimizers\NSGAIIOptimizer.js
FN:8,(anonymous_0)
FN:25,(anonymous_1)
FN:68,(anonymous_2)
FN:80,(anonymous_3)
FN:89,(anonymous_4)
FN:114,(anonymous_5)
FN:128,(anonymous_6)
FN:164,(anonymous_7)
FN:194,(anonymous_8)
FN:221,(anonymous_9)
FN:224,(anonymous_10)
FN:262,(anonymous_11)
FN:278,(anonymous_12)
FN:288,(anonymous_13)
FN:298,(anonymous_14)
FN:315,(anonymous_15)
FN:332,(anonymous_16)
FN:342,(anonymous_17)
FNF:18
FNH:0
FNDA:0,(anonymous_0)
FNDA:0,(anonymous_1)
FNDA:0,(anonymous_2)
FNDA:0,(anonymous_3)
FNDA:0,(anonymous_4)
FNDA:0,(anonymous_5)
FNDA:0,(anonymous_6)
FNDA:0,(anonymous_7)
FNDA:0,(anonymous_8)
FNDA:0,(anonymous_9)
FNDA:0,(anonymous_10)
FNDA:0,(anonymous_11)
FNDA:0,(anonymous_12)
FNDA:0,(anonymous_13)
FNDA:0,(anonymous_14)
FNDA:0,(anonymous_15)
FNDA:0,(anonymous_16)
FNDA:0,(anonymous_17)
DA:9,0
DA:10,0
DA:11,0
DA:12,0
DA:13,0
DA:15,0
DA:16,0
DA:17,0
DA:18,0
DA:19,0
DA:26,0
DA:28,0
DA:29,0
DA:30,0
DA:31,0
DA:35,0
DA:38,0
DA:40,0
DA:41,0
DA:44,0
DA:46,0
DA:49,0
DA:50,0
DA:54,0
DA:57,0
DA:60,0
DA:63,0
DA:64,0
DA:66,0
DA:67,0
DA:68,0
DA:69,0
DA:70,0
DA:71,0
DA:72,0
DA:74,0
DA:77,0
DA:80,0
DA:81,0
DA:83,0
DA:84,0
DA:85,0
DA:88,0
DA:89,0
DA:90,0
DA:94,0
DA:96,0
DA:97,0
DA:98,0
DA:99,0
DA:102,0
DA:115,0
DA:117,0
DA:118,0
DA:119,0
DA:122,0
DA:129,0
DA:131,0
DA:132,0
DA:135,0
DA:142,0
DA:144,0
DA:152,0
DA:153,0
DA:165,0
DA:195,0
DA:197,0
DA:198,0
DA:199,0
DA:202,0
DA:203,0
DA:205,0
DA:208,0
DA:209,0
DA:212,0
DA:215,0
DA:222,0
DA:223,0
DA:224,0
DA:225,0
DA:226,0
DA:228,0
DA:229,0
DA:230,0
DA:232,0
DA:233,0
DA:235,0
DA:240,0
DA:241,0
DA:243,0
DA:247,0
DA:252,0
DA:253,0
DA:254,0
DA:255,0
DA:256,0
DA:259,0
DA:261,0
DA:262,0
DA:264,0
DA:265,0
DA:266,0
DA:267,0
DA:268,0
DA:269,0
DA:270,0
DA:271,0
DA:275,0
DA:276,0
DA:277,0
DA:278,0
DA:282,0
DA:289,0
DA:291,0
DA:292,0
DA:295,0
DA:297,0
DA:298,0
DA:300,0
DA:301,0
DA:303,0
DA:304,0
DA:306,0
DA:307,0
DA:316,0
DA:318,0
DA:319,0
DA:320,0
DA:322,0
DA:323,0
DA:326,0
DA:333,0
DA:334,0
DA:336,0
DA:343,0
DA:345,0
DA:346,0
DA:347,0
DA:348,0
DA:349,0
DA:351,0
LF:141
LH:0
BRDA:8,0,0,0
BRDA:15,1,0,0
BRDA:15,1,1,0
BRDA:16,2,0,0
BRDA:16,2,1,0
BRDA:17,3,0,0
BRDA:17,3,1,0
BRDA:18,4,0,0
BRDA:18,4,1,0
BRDA:19,5,0,0
BRDA:19,5,1,0
BRDA:28,6,0,0
BRDA:28,6,1,0
BRDA:70,7,0,0
BRDA:70,7,1,0
BRDA:74,8,0,0
BRDA:74,8,1,0
BRDA:81,9,0,0
BRDA:81,9,1,0
BRDA:83,10,0,0
BRDA:83,10,1,0
BRDA:88,11,0,0
BRDA:88,11,1,0
BRDA:88,12,0,0
BRDA:88,12,1,0
BRDA:96,13,0,0
BRDA:96,13,1,0
BRDA:99,14,0,0
BRDA:99,14,1,0
BRDA:136,15,0,0
BRDA:136,15,1,0
BRDA:137,16,0,0
BRDA:137,16,1,0
BRDA:180,17,0,0
BRDA:180,17,1,0
BRDA:183,18,0,0
BRDA:183,18,1,0
BRDA:184,19,0,0
BRDA:184,19,1,0
BRDA:185,20,0,0
BRDA:185,20,1,0
BRDA:187,21,0,0
BRDA:187,21,1,0
BRDA:202,22,0,0
BRDA:202,22,1,0
BRDA:208,23,0,0
BRDA:208,23,1,0
BRDA:230,24,0,0
BRDA:230,24,1,0
BRDA:235,25,0,0
BRDA:235,25,1,0
BRDA:235,25,2,0
BRDA:235,25,3,0
BRDA:235,25,4,0
BRDA:235,25,5,0
BRDA:240,26,0,0
BRDA:240,26,1,0
BRDA:243,27,0,0
BRDA:243,27,1,0
BRDA:243,27,2,0
BRDA:243,27,3,0
BRDA:243,27,4,0
BRDA:243,27,5,0
BRDA:247,28,0,0
BRDA:247,28,1,0
BRDA:254,29,0,0
BRDA:254,29,1,0
BRDA:269,30,0,0
BRDA:269,30,1,0
BRDA:277,31,0,0
BRDA:277,31,1,0
BRDA:289,32,0,0
BRDA:289,32,1,0
BRDA:304,33,0,0
BRDA:304,33,1,0
BRDA:322,34,0,0
BRDA:322,34,1,0
BRDA:333,35,0,0
BRDA:333,35,1,0
BRDA:336,36,0,0
BRDA:336,36,1,0
BRDA:336,37,0,0
BRDA:336,37,1,0
BRDA:345,38,0,0
BRDA:345,38,1,0
BRF:85
BRH:0
end_of_record
TN:
SF:src\engine\fem\BoundaryConditions.js
FN:5,(anonymous_0)
FN:14,(anonymous_1)
FN:21,(anonymous_2)
FN:28,(anonymous_3)
FN:55,(anonymous_4)
FN:83,(anonymous_5)
FN:121,(anonymous_6)
FN:146,(anonymous_7)
FNF:8
FNH:0
FNDA:0,(anonymous_0)
FNDA:0,(anonymous_1)
FNDA:0,(anonymous_2)
FNDA:0,(anonymous_3)
FNDA:0,(anonymous_4)
FNDA:0,(anonymous_5)
FNDA:0,(anonymous_6)
FNDA:0,(anonymous_7)
DA:6,0
DA:7,0
DA:8,0
DA:15,0
DA:22,0
DA:29,0
DA:31,0
DA:32,0
DA:33,0
DA:34,0
DA:36,0
DA:38,0
DA:43,0
DA:44,0
DA:45,0
DA:49,0
DA:56,0
DA:58,0
DA:59,0
DA:61,0
DA:62,0
DA:67,0
DA:68,0
DA:69,0
DA:73,0
DA:74,0
DA:77,0
DA:84,0
DA:86,0
DA:89,0
DA:90,0
DA:93,0
DA:94,0
DA:96,0
DA:97,0
DA:98,0
DA:100,0
DA:105,0
DA:109,0
DA:110,0
DA:111,0
DA:115,0
DA:122,0
DA:125,0
DA:126,0
DA:127,0
DA:129,0
DA:130,0
DA:131,0
DA:132,0
DA:133,0
DA:137,0
DA:138,0
DA:147,0
DA:148,0
DA:149,0
LF:56
LH:0
BRDA:14,0,0,0
BRDA:29,1,0,0
BRDA:29,1,1,0
BRDA:29,2,0,0
BRDA:29,2,1,0
BRDA:33,3,0,0
BRDA:33,3,1,0
BRDA:34,4,0,0
BRDA:34,4,1,0
BRDA:38,5,0,0
BRDA:38,5,1,0
BRDA:38,5,2,0
BRDA:38,5,3,0
BRDA:43,6,0,0
BRDA:43,6,1,0
BRDA:56,7,0,0
BRDA:56,7,1,0
BRDA:56,8,0,0
BRDA:56,8,1,0
BRDA:67,9,0,0
BRDA:67,9,1,0
BRDA:73,10,0,0
BRDA:73,10,1,0
BRDA:84,11,0,0
BRDA:84,11,1,0
BRDA:84,12,0,0
BRDA:84,12,1,0
BRDA:84,12,2,0
BRDA:90,13,0,0
BRDA:90,13,1,0
BRDA:90,14,0,0
BRDA:90,14,1,0
BRDA:97,15,0,0
BRDA:97,15,1,0
BRDA:110,16,0,0
BRDA:110,16,1,0
BRDA:122,17,0,0
BRDA:122,17,1,0
BRDA:122,18,0,0
BRDA:122,18,1,0
BRDA:131,19,0,0
BRDA:131,19,1,0
BRDA:137,20,0,0
BRDA:137,20,1,0
BRDA:137,21,0,0
BRDA:137,21,1,0
BRF:46
BRH:0
end_of_record
TN:
SF:src\engine\fem\FEMAssembler.js
FN:11,(anonymous_0)
FN:21,(anonymous_1)
FN:111,(anonymous_2)
FN:121,(anonymous_3)
FN:144,(anonymous_4)
FN:173,(anonymous_5)
FN:193,(anonymous_6)
FNF:7
FNH:0
FNDA:0,(anonymous_0)
FNDA:0,(anonymous_1)
FNDA:0,(anonymous_2)
FNDA:0,(anonymous_3)
FNDA:0,(anonymous_4)
FNDA:0,(anonymous_5)
FNDA:0,(anonymous_6)
DA:12,0
DA:13,0
DA:14,0
DA:15,0
DA:22,0
DA:25,0
DA:26,0
DA:27,0
DA:29,0
DA:32,0
DA:33,0
DA:34,0
DA:36,0
DA:37,0
DA:38,0
DA:42,0
DA:47,0
DA:51,0
DA:52,0
DA:55,0
DA:56,0
DA:59,0
DA:63,0
DA:64,0
DA:67,0
DA:68,0
DA:71,0
DA:72,0
DA:75,0
DA:76,0
DA:81,0
DA:82,0
DA:85,0
DA:86,0
DA:87,0
DA:88,0
DA:91,0
DA:93,0
DA:95,0
DA:112,0
DA:113,0
DA:114,0
DA:115,0
DA:122,0
DA:123,0
DA:124,0
DA:126,0
DA:127,0
DA:128,0
DA:129,0
DA:132,0
DA:133,0
DA:134,0
DA:138,0
DA:145,0
DA:147,0
DA:148,0
DA:149,0
DA:150,0
DA:151,0
DA:154,0
DA:160,0
DA:167,0
DA:174,0
DA:176,0
DA:178,0
DA:179,0
DA:187,0
DA:194,0
DA:195,0
DA:198,0
DA:200,0
LF:72
LH:0
BRDA:11,0,0,0
BRDA:12,1,0,0
BRDA:12,1,1,0
BRDA:13,2,0,0
BRDA:13,2,1,0
BRDA:14,3,0,0
BRDA:14,3,1,0
BRDA:15,4,0,0
BRDA:15,4,1,0
BRDA:60,5,0,0
BRDA:60,5,1,0
BRDA:61,6,0,0
BRDA:61,6,1,0
BRDA:63,7,0,0
BRDA:63,7,1,0
BRDA:122,8,0,0
BRDA:122,8,1,0
BRDA:124,9,0,0
BRDA:124,10,0,0
BRDA:124,11,0,0
BRDA:124,12,0,0
BRDA:194,13,0,0
BRDA:194,13,1,0
BRDA:194,14,0,0
BRDA:194,14,1,0
BRDA:195,15,0,0
BRDA:195,15,1,0
BRDA:195,16,0,0
BRDA:195,16,1,0
BRDA:195,16,2,0
BRF:30
BRH:0
end_of_record
TN:
SF:src\engine\fem\StiffnessMatrix.js
FN:5,(anonymous_0)
FN:13,(anonymous_1)
FN:27,(anonymous_2)
FN:49,(anonymous_3)
FN:77,(anonymous_4)
FN:96,(anonymous_5)
FN:109,(anonymous_6)
FN:124,(anonymous_7)
FN:156,(anonymous_8)
FN:167,(anonymous_9)
FN:188,(anonymous_10)
FN:196,(anonymous_11)
FN:197,(anonymous_12)
FNF:13
FNH:0
FNDA:0,(anonymous_0)
FNDA:0,(anonymous_1)
FNDA:0,(anonymous_2)
FNDA:0,(anonymous_3)
FNDA:0,(anonymous_4)
FNDA:0,(anonymous_5)
FNDA:0,(anonymous_6)
FNDA:0,(anonymous_7)
FNDA:0,(anonymous_8)
FNDA:0,(anonymous_9)
FNDA:0,(anonymous_10)
FNDA:0,(anonymous_11)
FNDA:0,(anonymous_12)
DA:6,0
DA:7,0
DA:14,0
DA:16,0
DA:21,0
DA:29,0
DA:30,0
DA:31,0
DA:34,0
DA:37,0
DA:40,0
DA:41,0
DA:43,0
DA:50,0
DA:53,0
DA:54,0
DA:55,0
DA:57,0
DA:58,0
DA:59,0
DA:61,0
DA:62,0
DA:63,0
DA:65,0
DA:68,0
DA:78,0
DA:84,0
DA:85,0
DA:86,0
DA:90,0
DA:97,0
DA:98,0
DA:99,0
DA:100,0
DA:103,0
DA:110,0
DA:111,0
DA:112,0
DA:113,0
DA:114,0
DA:116,0
DA:125,0
DA:128,0
DA:129,0
DA:131,0
DA:132,0
DA:133,0
DA:134,0
DA:139,0
DA:140,0
DA:141,0
DA:144,0
DA:145,0
DA:148,0
DA:149,0
DA:157,0
DA:159,0
DA:160,0
DA:168,0
DA:171,0
DA:172,0
DA:174,0
DA:175,0
DA:176,0
DA:178,0
DA:182,0
DA:189,0
DA:190,0
DA:197,0
DA:199,0
DA:200,0
DA:201,0
DA:203,0
DA:204,0
DA:208,0
LF:75
LH:0
BRDA:125,0,0,0
BRDA:125,0,1,0
BRDA:125,1,0,0
BRDA:125,1,1,0
BRDA:132,2,0,0
BRDA:132,2,1,0
BRDA:140,3,0,0
BRDA:140,3,1,0
BRDA:156,4,0,0
BRDA:168,5,0,0
BRDA:168,5,1,0
BRDA:168,6,0,0
BRDA:168,6,1,0
BRDA:168,6,2,0
BRDA:175,7,0,0
BRDA:175,7,1,0
BRF:16
BRH:0
end_of_record
TN:
SF:src\engine\fem\core\FEMEngine.js
FN:14,(anonymous_0)
FN:25,(anonymous_1)
FN:127,(anonymous_2)
FN:166,(anonymous_3)
FN:198,(anonymous_4)
FN:210,(anonymous_5)
FN:230,(anonymous_6)
FN:245,(anonymous_7)
FN:258,(anonymous_8)
FN:302,(anonymous_9)
FN:311,(anonymous_10)
FN:313,(anonymous_11)
FNF:12
FNH:0
FNDA:0,(anonymous_0)
FNDA:0,(anonymous_1)
FNDA:0,(anonymous_2)
FNDA:0,(anonymous_3)
FNDA:0,(anonymous_4)
FNDA:0,(anonymous_5)
FNDA:0,(anonymous_6)
FNDA:0,(anonymous_7)
FNDA:0,(anonymous_8)
FNDA:0,(anonymous_9)
FNDA:0,(anonymous_10)
FNDA:0,(anonymous_11)
DA:15,0
DA:16,0
DA:17,0
DA:18,0
DA:19,0
DA:26,0
DA:28,0
DA:31,0
DA:32,0
DA:35,0
DA:36,0
DA:37,0
DA:40,0
DA:47,0
DA:48,0
DA:51,0
DA:52,0
DA:59,0
DA:60,0
DA:62,0
DA:63,0
DA:66,0
DA:69,0
DA:73,0
DA:75,0
DA:76,0
DA:80,0
DA:81,0
DA:84,0
DA:89,0
DA:98,0
DA:100,0
DA:102,0
DA:103,0
DA:104,0
DA:105,0
DA:106,0
DA:107,0
DA:110,0
DA:128,0
DA:129,0
DA:131,0
DA:132,0
DA:135,0
DA:136,0
DA:137,0
DA:142,0
DA:143,0
DA:144,0
DA:151,0
DA:152,0
DA:153,0
DA:154,0
DA:160,0
DA:167,0
DA:168,0
DA:169,0
DA:170,0
DA:171,0
DA:173,0
DA:176,0
DA:183,0
DA:186,0
DA:187,0
DA:188,0
DA:189,0
DA:199,0
DA:200,0
DA:203,0
DA:204,0
DA:211,0
DA:212,0
DA:213,0
DA:215,0
DA:216,0
DA:217,0
DA:219,0
DA:221,0
DA:231,0
DA:233,0
DA:234,0
DA:235,0
DA:239,0
DA:246,0
DA:247,0
DA:248,0
DA:249,0
DA:252,0
DA:259,0
DA:260,0
DA:262,0
DA:263,0
DA:267,0
DA:272,0
DA:273,0
DA:274,0
DA:279,0
DA:280,0
DA:281,0
DA:282,0
DA:284,0
DA:285,0
DA:286,0
DA:287,0
DA:288,0
DA:289,0
DA:293,0
DA:294,0
DA:295,0
DA:303,0
DA:305,0
DA:312,0
DA:313,0
DA:314,0
LF:114
LH:0
BRDA:14,0,0,0
BRDA:15,1,0,0
BRDA:15,1,1,0
BRDA:16,2,0,0
BRDA:16,2,1,0
BRDA:17,3,0,0
BRDA:17,3,1,0
BRDA:18,4,0,0
BRDA:18,4,1,0
BRDA:19,5,0,0
BRDA:19,5,1,0
BRDA:28,6,0,0
BRDA:28,6,1,0
BRDA:32,7,0,0
BRDA:32,7,1,0
BRDA:37,8,0,0
BRDA:37,8,1,0
BRDA:48,9,0,0
BRDA:48,9,1,0
BRDA:63,10,0,0
BRDA:63,10,1,0
BRDA:69,11,0,0
BRDA:69,11,1,0
BRDA:75,12,0,0
BRDA:75,12,1,0
BRDA:75,13,0,0
BRDA:75,13,1,0
BRDA:90,14,0,0
BRDA:90,14,1,0
BRDA:91,15,0,0
BRDA:91,15,1,0
BRDA:93,16,0,0
BRDA:93,16,1,0
BRDA:94,17,0,0
BRDA:94,17,1,0
BRDA:102,18,0,0
BRDA:102,18,1,0
BRDA:105,19,0,0
BRDA:105,19,1,0
BRDA:106,20,0,0
BRDA:106,20,1,0
BRDA:107,21,0,0
BRDA:107,21,1,0
BRDA:129,22,0,0
BRDA:129,23,0,0
BRDA:129,24,0,0
BRDA:129,25,0,0
BRDA:129,26,0,0
BRDA:129,26,1,0
BRDA:173,27,0,0
BRDA:173,27,1,0
BRDA:173,28,0,0
BRDA:173,28,1,0
BRDA:173,28,2,0
BRDA:259,29,0,0
BRDA:259,30,0,0
BRDA:259,31,0,0
BRDA:259,31,1,0
BRDA:267,32,0,0
BRDA:267,32,1,0
BRDA:267,32,2,0
BRDA:267,32,3,0
BRDA:272,33,0,0
BRDA:272,33,1,0
BRDA:279,34,0,0
BRDA:279,34,1,0
BRDA:280,35,0,0
BRDA:280,35,1,0
BRDA:287,36,0,0
BRDA:287,36,1,0
BRDA:293,37,0,0
BRDA:293,37,1,0
BRDA:294,38,0,0
BRDA:294,38,1,0
BRDA:314,39,0,0
BRDA:314,39,1,0
BRF:76
BRH:0
end_of_record
TN:
SF:src\engine\fem\core\SparseMatrix.js
FN:5,(anonymous_0)
FN:16,(anonymous_1)
FN:50,(anonymous_2)
FN:66,(anonymous_3)
FN:86,(anonymous_4)
FN:115,(anonymous_5)
FN:116,(anonymous_6)
FN:133,(anonymous_7)
FNF:8
FNH:0
FNDA:0,(anonymous_0)
FNDA:0,(anonymous_1)
FNDA:0,(anonymous_2)
FNDA:0,(anonymous_3)
FNDA:0,(anonymous_4)
FNDA:0,(anonymous_5)
FNDA:0,(anonymous_6)
FNDA:0,(anonymous_7)
DA:6,0
DA:7,0
DA:8,0
DA:9,0
DA:10,0
DA:17,0
DA:20,0
DA:21,0
DA:23,0
DA:24,0
DA:25,0
DA:26,0
DA:31,0
DA:32,0
DA:33,0
DA:36,0
DA:37,0
DA:40,0
DA:41,0
DA:44,0
DA:51,0
DA:52,0
DA:54,0
DA:55,0
DA:56,0
DA:60,0
DA:67,0
DA:69,0
DA:70,0
DA:71,0
DA:73,0
DA:74,0
DA:75,0
DA:77,0
DA:80,0
DA:88,0
DA:89,0
DA:91,0
DA:92,0
DA:93,0
DA:95,0
DA:100,0
DA:101,0
DA:102,0
DA:103,0
DA:104,0
DA:109,0
DA:116,0
DA:118,0
DA:119,0
DA:120,0
DA:122,0
DA:123,0
DA:127,0
DA:134,0
DA:135,0
DA:136,0
DA:138,0
LF:58
LH:0
BRDA:17,0,0,0
BRDA:17,0,1,0
BRDA:24,1,0,0
BRDA:24,1,1,0
BRDA:32,2,0,0
BRDA:32,2,1,0
BRDA:55,3,0,0
BRDA:55,3,1,0
BRDA:92,4,0,0
BRDA:92,4,1,0
BRDA:101,5,0,0
BRDA:101,5,1,0
BRDA:103,6,0,0
BRDA:103,6,1,0
BRF:14
BRH:0
end_of_record
TN:
SF:src\engine\fem\mesh\AdaptiveRefinement.js
FN:5,(anonymous_0)
FN:16,(anonymous_1)
FN:68,(anonymous_2)
FN:80,(anonymous_3)
FN:100,(anonymous_4)
FN:116,(anonymous_5)
FN:130,(anonymous_6)
FN:141,(anonymous_7)
FN:143,(anonymous_8)
FNF:9
FNH:0
FNDA:0,(anonymous_0)
FNDA:0,(anonymous_1)
FNDA:0,(anonymous_2)
FNDA:0,(anonymous_3)
FNDA:0,(anonymous_4)
FNDA:0,(anonymous_5)
FNDA:0,(anonymous_6)
FNDA:0,(anonymous_7)
FNDA:0,(anonymous_8)
DA:6,0
DA:7,0
DA:8,0
DA:9,0
DA:10,0
DA:17,0
DA:18,0
DA:19,0
DA:21,0
DA:22,0
DA:23,0
DA:25,0
DA:26,0
DA:27,0
DA:28,0
DA:31,0
DA:32,0
DA:33,0
DA:34,0
DA:37,0
DA:38,0
DA:39,0
DA:40,0
DA:43,0
DA:44,0
DA:45,0
DA:46,0
DA:47,0
DA:49,0
DA:53,0
DA:57,0
DA:58,0
DA:62,0
DA:69,0
DA:70,0
DA:81,0
DA:84,0
DA:85,0
DA:86,0
DA:89,0
DA:101,0
DA:102,0
DA:103,0
DA:104,0
DA:106,0
DA:107,0
DA:108,0
DA:110,0
DA:118,0
DA:119,0
DA:124,0
DA:131,0
DA:132,0
DA:143,0
LF:54
LH:0
BRDA:5,0,0,0
BRDA:7,1,0,0
BRDA:7,1,1,0
BRDA:8,2,0,0
BRDA:8,2,1,0
BRDA:9,3,0,0
BRDA:9,3,1,0
BRDA:10,4,0,0
BRDA:10,4,1,0
BRDA:16,5,0,0
BRDA:31,6,0,0
BRDA:31,6,1,0
BRDA:37,7,0,0
BRDA:37,7,1,0
BRDA:37,8,0,0
BRDA:37,8,1,0
BRDA:43,9,0,0
BRDA:43,9,1,0
BRDA:43,10,0,0
BRDA:43,10,1,0
BRDA:44,11,0,0
BRDA:44,11,1,0
BRDA:60,12,0,0
BRDA:60,12,1,0
BRDA:143,13,0,0
BRDA:143,13,1,0
BRF:26
BRH:0
end_of_record
TN:
SF:src\engine\fem\mesh\Delaunay2D.js
FN:5,(anonymous_0)
FN:14,(anonymous_1)
FN:33,(anonymous_2)
FN:34,(anonymous_3)
FN:35,(anonymous_4)
FN:36,(anonymous_5)
FN:37,(anonymous_6)
FN:54,(anonymous_7)
FN:68,(anonymous_8)
FN:81,(anonymous_9)
FN:101,(anonymous_10)
FN:125,(anonymous_11)
FN:145,(anonymous_12)
FN:153,(anonymous_13)
FN:154,(anonymous_14)
FN:155,(anonymous_15)
FNF:16
FNH:0
FNDA:0,(anonymous_0)
FNDA:0,(anonymous_1)
FNDA:0,(anonymous_2)
FNDA:0,(anonymous_3)
FNDA:0,(anonymous_4)
FNDA:0,(anonymous_5)
FNDA:0,(anonymous_6)
FNDA:0,(anonymous_7)
FNDA:0,(anonymous_8)
FNDA:0,(anonymous_9)
FNDA:0,(anonymous_10)
FNDA:0,(anonymous_11)
FNDA:0,(anonymous_12)
FNDA:0,(anonymous_13)
FNDA:0,(anonymous_14)
FNDA:0,(anonymous_15)
DA:6,0
DA:7,0
DA:8,0
DA:16,0
DA:17,0
DA:20,0
DA:21,0
DA:25,0
DA:27,0
DA:34,0
DA:35,0
DA:36,0
DA:37,0
DA:39,0
DA:40,0
DA:42,0
DA:56,0
DA:58,0
DA:59,0
DA:60,0
DA:65,0
DA:68,0
DA:71,0
DA:72,0
DA:82,0
DA:84,0
DA:85,0
DA:86,0
DA:87,0
DA:88,0
DA:89,0
DA:91,0
DA:95,0
DA:102,0
DA:104,0
DA:105,0
DA:111,0
DA:112,0
DA:113,0
DA:114,0
DA:119,0
DA:126,0
DA:127,0
DA:133,0
DA:134,0
DA:135,0
DA:139,0
DA:146,0
DA:154,0
DA:155,0
DA:156,0
LF:51
LH:0
BRDA:59,0,0,0
BRDA:59,0,1,0
BRDA:113,1,0,0
BRDA:113,1,1,0
BRDA:134,2,0,0
BRDA:134,2,1,0
BRDA:146,3,0,0
BRDA:146,3,1,0
BRDA:146,3,2,0
BRDA:146,3,3,0
BRDA:156,4,0,0
BRDA:156,4,1,0
BRDA:156,4,2,0
BRF:13
BRH:0
end_of_record
TN:
SF:src\engine\fem\mesh\MeshGenerator.js
FN:5,(anonymous_0)
FN:16,(anonymous_1)
FN:69,(anonymous_2)
FN:96,(anonymous_3)
FN:104,(anonymous_4)
FN:113,(anonymous_5)
FN:125,(anonymous_6)
FN:148,(anonymous_7)
FN:172,(anonymous_8)
FN:179,(anonymous_9)
FNF:10
FNH:0
FNDA:0,(anonymous_0)
FNDA:0,(anonymous_1)
FNDA:0,(anonymous_2)
FNDA:0,(anonymous_3)
FNDA:0,(anonymous_4)
FNDA:0,(anonymous_5)
FNDA:0,(anonymous_6)
FNDA:0,(anonymous_7)
FNDA:0,(anonymous_8)
FNDA:0,(anonymous_9)
DA:6,0
DA:7,0
DA:8,0
DA:9,0
DA:10,0
DA:17,0
DA:18,0
DA:19,0
DA:22,0
DA:23,0
DA:24,0
DA:25,0
DA:26,0
DA:28,0
DA:35,0
DA:40,0
DA:41,0
DA:42,0
DA:43,0
DA:44,0
DA:45,0
DA:48,0
DA:55,0
DA:63,0
DA:70,0
DA:72,0
DA:75,0
DA:76,0
DA:78,0
DA:79,0
DA:81,0
DA:83,0
DA:84,0
DA:86,0
DA:90,0
DA:97,0
DA:105,0
DA:107,0
DA:114,0
DA:115,0
DA:116,0
DA:117,0
DA:119,0
DA:126,0
DA:127,0
DA:128,0
DA:129,0
DA:132,0
DA:133,0
DA:134,0
DA:137,0
DA:149,0
DA:150,0
DA:151,0
DA:153,0
DA:154,0
DA:157,0
DA:158,0
DA:164,0
DA:166,0
DA:173,0
DA:175,0
DA:176,0
DA:179,0
DA:180,0
DA:182,0
LF:66
LH:0
BRDA:5,0,0,0
BRDA:69,1,0,0
BRDA:72,2,0,0
BRDA:72,2,1,0
BRDA:81,3,0,0
BRDA:81,3,1,0
BRDA:96,4,0,0
BRDA:97,5,0,0
BRDA:97,5,1,0
BRDA:97,5,2,0
BRDA:97,5,3,0
BRDA:115,6,0,0
BRDA:115,6,1,0
BRDA:116,7,0,0
BRDA:116,7,1,0
BRDA:117,8,0,0
BRDA:117,8,1,0
BRDA:153,9,0,0
BRDA:153,9,1,0
BRF:19
BRH:0
end_of_record
TN:
SF:src\engine\fem\physics\MultiLayerSoil.js
FN:5,(anonymous_0)
FN:13,(anonymous_1)
FN:22,(anonymous_2)
FN:28,(anonymous_3)
FN:44,(anonymous_4)
FN:59,(anonymous_5)
FN:66,(anonymous_6)
FN:86,(anonymous_7)
FNF:8
FNH:0
FNDA:0,(anonymous_0)
FNDA:0,(anonymous_1)
FNDA:0,(anonymous_2)
FNDA:0,(anonymous_3)
FNDA:0,(anonymous_4)
FNDA:0,(anonymous_5)
FNDA:0,(anonymous_6)
FNDA:0,(anonymous_7)
DA:6,0
DA:7,0
DA:14,0
DA:22,0
DA:29,0
DA:31,0
DA:32,0
DA:36,0
DA:37,0
DA:38,0
DA:46,0
DA:47,0
DA:48,0
DA:53,0
DA:60,0
DA:68,0
DA:69,0
DA:71,0
DA:72,0
DA:73,0
DA:74,0
DA:78,0
DA:80,0
DA:87,0
LF:24
LH:0
BRDA:13,0,0,0
BRDA:31,1,0,0
BRDA:31,1,1,0
BRDA:47,2,0,0
BRDA:47,2,1,0
BRF:5
BRH:0
end_of_record
TN:
SF:src\engine\fem\postprocess\IEEE80Metrics.js
FN:5,(anonymous_0)
FN:14,(anonymous_1)
FN:27,(anonymous_2)
FN:58,(anonymous_3)
FN:85,(anonymous_4)
FN:95,(anonymous_5)
FN:102,(anonymous_6)
FN:116,(anonymous_7)
FN:130,(anonymous_8)
FN:148,(anonymous_9)
FN:149,(anonymous_10)
FN:155,(anonymous_11)
FNF:12
FNH:0
FNDA:0,(anonymous_0)
FNDA:0,(anonymous_1)
FNDA:0,(anonymous_2)
FNDA:0,(anonymous_3)
FNDA:0,(anonymous_4)
FNDA:0,(anonymous_5)
FNDA:0,(anonymous_6)
FNDA:0,(anonymous_7)
FNDA:0,(anonymous_8)
FNDA:0,(anonymous_9)
FNDA:0,(anonymous_10)
FNDA:0,(anonymous_11)
DA:6,0
DA:7,0
DA:8,0
DA:15,0
DA:28,0
DA:29,0
DA:32,0
DA:33,0
DA:34,0
DA:35,0
DA:36,0
DA:38,0
DA:39,0
DA:40,0
DA:41,0
DA:42,0
DA:47,0
DA:60,0
DA:61,0
DA:63,0
DA:64,0
DA:65,0
DA:66,0
DA:67,0
DA:68,0
DA:69,0
DA:74,0
DA:86,0
DA:87,0
DA:89,0
DA:96,0
DA:103,0
DA:104,0
DA:106,0
DA:109,0
DA:117,0
DA:118,0
DA:120,0
DA:123,0
DA:131,0
DA:132,0
DA:134,0
DA:149,0
DA:156,0
DA:157,0
DA:158,0
DA:160,0
DA:161,0
DA:163,0
DA:164,0
DA:165,0
DA:166,0
DA:168,0
DA:169,0
DA:174,0
LF:55
LH:0
BRDA:38,0,0,0
BRDA:38,0,1,0
BRDA:38,1,0,0
BRDA:38,1,1,0
BRDA:40,2,0,0
BRDA:40,2,1,0
BRDA:65,3,0,0
BRDA:65,3,1,0
BRDA:65,4,0,0
BRDA:65,4,1,0
BRDA:67,5,0,0
BRDA:67,5,1,0
BRDA:135,6,0,0
BRDA:135,6,1,0
BRDA:149,7,0,0
BRDA:149,7,1,0
BRDA:168,8,0,0
BRDA:168,8,1,0
BRDA:168,9,0,0
BRDA:168,9,1,0
BRF:20
BRH:0
end_of_record
TN:
SF:src\engine\fem\solver\GMRESSolver.js
FN:5,(anonymous_0)
FN:15,(anonymous_1)
FN:117,(anonymous_2)
FN:124,(anonymous_3)
FN:161,(anonymous_4)
FN:175,(anonymous_5)
FN:186,(anonymous_6)
FN:193,(anonymous_7)
FN:194,(anonymous_8)
FN:200,(anonymous_9)
FN:201,(anonymous_10)
FNF:11
FNH:0
FNDA:0,(anonymous_0)
FNDA:0,(anonymous_1)
FNDA:0,(anonymous_2)
FNDA:0,(anonymous_3)
FNDA:0,(anonymous_4)
FNDA:0,(anonymous_5)
FNDA:0,(anonymous_6)
FNDA:0,(anonymous_7)
FNDA:0,(anonymous_8)
FNDA:0,(anonymous_9)
FNDA:0,(anonymous_10)
DA:6,0
DA:7,0
DA:8,0
DA:9,0
DA:16,0
DA:17,0
DA:19,0
DA:20,0
DA:21,0
DA:23,0
DA:24,0
DA:27,0
DA:28,0
DA:31,0
DA:32,0
DA:33,0
DA:35,0
DA:37,0
DA:40,0
DA:41,0
DA:43,0
DA:44,0
DA:46,0
DA:48,0
DA:51,0
DA:52,0
DA:53,0
DA:54,0
DA:57,0
DA:59,0
DA:60,0
DA:63,0
DA:66,0
DA:69,0
DA:70,0
DA:71,0
DA:72,0
DA:77,0
DA:78,0
DA:80,0
DA:81,0
DA:84,0
DA:85,0
DA:86,0
DA:87,0
DA:91,0
DA:93,0
DA:94,0
DA:95,0
DA:99,0
DA:101,0
DA:102,0
DA:103,0
DA:106,0
DA:119,0
DA:120,0
DA:121,0
DA:124,0
DA:126,0
DA:128,0
DA:129,0
DA:131,0
DA:132,0
DA:135,0
DA:136,0
DA:137,0
DA:138,0
DA:141,0
DA:142,0
DA:143,0
DA:147,0
DA:148,0
DA:149,0
DA:150,0
DA:152,0
DA:155,0
DA:162,0
DA:163,0
DA:165,0
DA:166,0
DA:169,0
DA:176,0
DA:177,0
DA:178,0
DA:180,0
DA:187,0
DA:194,0
DA:201,0
LF:88
LH:0
BRDA:5,0,0,0
BRDA:6,1,0,0
BRDA:6,1,1,0
BRDA:7,2,0,0
BRDA:7,2,1,0
BRDA:8,3,0,0
BRDA:8,3,1,0
BRDA:9,4,0,0
BRDA:9,4,1,0
BRDA:23,5,0,0
BRDA:23,5,1,0
BRDA:35,6,0,0
BRDA:35,6,1,0
BRDA:59,7,0,0
BRDA:59,7,1,0
BRDA:80,8,0,0
BRDA:80,8,1,0
BRDA:84,9,0,0
BRDA:84,9,1,0
BRDA:91,10,0,0
BRDA:91,10,1,0
BRDA:101,11,0,0
BRDA:101,11,1,0
BRDA:129,12,0,0
BRDA:129,12,1,0
BRDA:136,13,0,0
BRDA:136,13,1,0
BRDA:137,14,0,0
BRDA:137,14,1,0
BRF:29
BRH:0
end_of_record
TN:
SF:src\engine\fem\solvers\ConjugateGradientSolver.js
FN:5,(anonymous_0)
FN:14,(anonymous_1)
FN:92,(anonymous_2)
FN:113,(anonymous_3)
FN:127,(anonymous_4)
FN:140,(anonymous_5)
FN:151,(anonymous_6)
FNF:7
FNH:0
FNDA:0,(anonymous_0)
FNDA:0,(anonymous_1)
FNDA:0,(anonymous_2)
FNDA:0,(anonymous_3)
FNDA:0,(anonymous_4)
FNDA:0,(anonymous_5)
FNDA:0,(anonymous_6)
DA:6,0
DA:7,0
DA:8,0
DA:15,0
DA:18,0
DA:21,0
DA:24,0
DA:27,0
DA:28,0
DA:31,0
DA:32,0
DA:34,0
DA:36,0
DA:38,0
DA:41,0
DA:42,0
DA:44,0
DA:46,0
DA:49,0
DA:50,0
DA:54,0
DA:55,0
DA:59,0
DA:62,0
DA:63,0
DA:67,0
DA:68,0
DA:71,0
DA:72,0
DA:75,0
DA:78,0
DA:80,0
DA:93,0
DA:95,0
DA:96,0
DA:97,0
DA:99,0
DA:100,0
DA:101,0
DA:102,0
DA:104,0
DA:107,0
DA:114,0
DA:115,0
DA:117,0
DA:118,0
DA:121,0
DA:130,0
DA:132,0
DA:133,0
DA:141,0
DA:142,0
DA:143,0
DA:145,0
DA:152,0
LF:55
LH:0
BRDA:5,0,0,0
BRDA:6,1,0,0
BRDA:6,1,1,0
BRDA:7,2,0,0
BRDA:7,2,1,0
BRDA:8,3,0,0
BRDA:8,3,1,0
BRDA:27,4,0,0
BRDA:27,4,1,0
BRDA:44,5,0,0
BRDA:44,5,1,0
BRDA:62,6,0,0
BRDA:62,6,1,0
BRF:13
BRH:0
end_of_record
TN:
SF:src\engine\soil\MultiLayerSoilModel.js
FN:5,(anonymous_0)
FN:14,(anonymous_1)
FN:24,(anonymous_2)
FN:30,(anonymous_3)
FN:45,(anonymous_4)
FN:52,(anonymous_5)
FN:72,(anonymous_6)
FN:89,(anonymous_7)
FNF:8
FNH:0
FNDA:0,(anonymous_0)
FNDA:0,(anonymous_1)
FNDA:0,(anonymous_2)
FNDA:0,(anonymous_3)
FNDA:0,(anonymous_4)
FNDA:0,(anonymous_5)
FNDA:0,(anonymous_6)
FNDA:0,(anonymous_7)
DA:6,0
DA:7,0
DA:8,0
DA:15,0
DA:16,0
DA:24,0
DA:32,0
DA:33,0
DA:34,0
DA:39,0
DA:46,0
DA:53,0
DA:54,0
DA:55,0
DA:58,0
DA:61,0
DA:64,0
DA:66,0
DA:73,0
DA:74,0
DA:75,0
DA:76,0
DA:78,0
DA:79,0
DA:80,0
DA:83,0
DA:90,0
DA:91,0
DA:94,0
DA:96,0
DA:97,0
DA:98,0
DA:99,0
DA:102,0
LF:34
LH:0
BRDA:14,0,0,0
BRDA:15,1,0,0
BRDA:15,1,1,0
BRDA:33,2,0,0
BRDA:33,2,1,0
BRDA:74,3,0,0
BRDA:74,3,1,0
BRDA:78,4,0,0
BRDA:78,4,1,0
BRDA:79,5,0,0
BRDA:79,5,1,0
BRDA:90,6,0,0
BRDA:90,6,1,0
BRDA:91,7,0,0
BRDA:91,7,1,0
BRDA:97,8,0,0
BRDA:97,8,1,0
BRF:17
BRH:0
end_of_record
TN:
SF:src\engine\standards\ComplianceEngine.js
FN:8,(anonymous_0)
FN:16,(anonymous_1)
FN:49,(anonymous_2)
FN:65,(anonymous_3)
FN:162,(anonymous_4)
FN:211,(anonymous_5)
FN:213,(anonymous_6)
FN:214,(anonymous_7)
FN:215,(anonymous_8)
FN:240,(anonymous_9)
FNF:10
FNH:0
FNDA:0,(anonymous_0)
FNDA:0,(anonymous_1)
FNDA:0,(anonymous_2)
FNDA:0,(anonymous_3)
FNDA:0,(anonymous_4)
FNDA:0,(anonymous_5)
FNDA:0,(anonymous_6)
FNDA:0,(anonymous_7)
FNDA:0,(anonymous_8)
FNDA:0,(anonymous_9)
DA:9,0
DA:10,0
DA:17,0
DA:18,0
DA:32,0
DA:38,0
DA:39,0
DA:43,0
DA:44,0
DA:48,0
DA:49,0
DA:51,0
DA:53,0
DA:54,0
DA:55,0
DA:56,0
DA:59,0
DA:66,0
DA:67,0
DA:83,0
DA:91,0
DA:98,0
DA:105,0
DA:112,0
DA:114,0
DA:115,0
DA:124,0
DA:125,0
DA:134,0
DA:135,0
DA:144,0
DA:163,0
DA:164,0
DA:181,0
DA:191,0
DA:192,0
DA:194,0
DA:196,0
DA:212,0
DA:213,0
DA:214,0
DA:215,0
DA:217,0
DA:218,0
DA:220,0
DA:221,0
DA:222,0
DA:223,0
DA:224,0
DA:225,0
DA:228,0
DA:241,0
DA:243,0
DA:244,0
DA:245,0
DA:246,0
DA:247,0
DA:252,0
DA:253,0
DA:258,0
DA:259,0
DA:269,0
LF:62
LH:0
BRDA:8,0,0,0
BRDA:9,1,0,0
BRDA:9,1,1,0
BRDA:10,2,0,0
BRDA:10,2,1,0
BRDA:17,3,0,0
BRDA:17,3,1,0
BRDA:17,4,0,0
BRDA:17,4,1,0
BRDA:38,5,0,0
BRDA:38,5,1,0
BRDA:43,6,0,0
BRDA:43,6,1,0
BRDA:53,7,0,0
BRDA:53,7,1,0
BRDA:55,8,0,0
BRDA:55,8,1,0
BRDA:56,9,0,0
BRDA:56,9,1,0
BRDA:66,10,0,0
BRDA:66,10,1,0
BRDA:66,11,0,0
BRDA:66,11,1,0
BRDA:84,12,0,0
BRDA:84,12,1,0
BRDA:85,13,0,0
BRDA:85,13,1,0
BRDA:86,14,0,0
BRDA:86,14,1,0
BRDA:87,15,0,0
BRDA:87,15,1,0
BRDA:88,16,0,0
BRDA:88,16,1,0
BRDA:92,17,0,0
BRDA:92,17,1,0
BRDA:94,18,0,0
BRDA:94,18,1,0
BRDA:99,19,0,0
BRDA:99,19,1,0
BRDA:101,20,0,0
BRDA:101,20,1,0
BRDA:106,21,0,0
BRDA:106,21,1,0
BRDA:108,22,0,0
BRDA:108,22,1,0
BRDA:114,23,0,0
BRDA:114,23,1,0
BRDA:119,24,0,0
BRDA:119,24,1,0
BRDA:119,25,0,0
BRDA:119,25,1,0
BRDA:124,26,0,0
BRDA:124,26,1,0
BRDA:129,27,0,0
BRDA:129,27,1,0
BRDA:129,28,0,0
BRDA:129,28,1,0
BRDA:134,29,0,0
BRDA:134,29,1,0
BRDA:139,30,0,0
BRDA:139,30,1,0
BRDA:139,31,0,0
BRDA:139,31,1,0
BRDA:154,32,0,0
BRDA:154,32,1,0
BRDA:163,33,0,0
BRDA:163,33,1,0
BRDA:163,34,0,0
BRDA:163,34,1,0
BRDA:182,35,0,0
BRDA:182,35,1,0
BRDA:183,36,0,0
BRDA:183,36,1,0
BRDA:184,37,0,0
BRDA:184,37,1,0
BRDA:185,38,0,0
BRDA:185,38,1,0
BRDA:186,39,0,0
BRDA:186,39,1,0
BRDA:187,40,0,0
BRDA:187,40,1,0
BRDA:203,41,0,0
BRDA:203,41,1,0
BRDA:213,42,0,0
BRDA:213,42,1,0
BRDA:215,43,0,0
BRDA:215,43,1,0
BRDA:220,44,0,0
BRDA:220,44,1,0
BRDA:223,45,0,0
BRDA:223,45,1,0
BRDA:244,46,0,0
BRDA:244,46,1,0
BRDA:244,47,0,0
BRDA:244,47,1,0
BRDA:246,48,0,0
BRDA:246,48,1,0
BRDA:252,49,0,0
BRDA:252,49,1,0
BRDA:258,50,0,0
BRDA:258,50,1,0
BRF:101
BRH:0
end_of_record
TN:
SF:src\engine\standards\ComplianceReport.js
FN:5,(anonymous_0)
FN:13,(anonymous_1)
FN:66,(anonymous_2)
FN:87,(anonymous_3)
FN:108,(anonymous_4)
FN:146,(anonymous_5)
FN:161,(anonymous_6)
FNF:7
FNH:0
FNDA:0,(anonymous_0)
FNDA:0,(anonymous_1)
FNDA:0,(anonymous_2)
FNDA:0,(anonymous_3)
FNDA:0,(anonymous_4)
FNDA:0,(anonymous_5)
FNDA:0,(anonymous_6)
DA:6,0
DA:7,0
DA:14,0
DA:15,0
DA:18,0
DA:67,0
DA:69,0
DA:70,0
DA:71,0
DA:72,0
DA:81,0
DA:88,0
DA:89,0
DA:92,0
DA:93,0
DA:94,0
DA:102,0
DA:109,0
DA:111,0
DA:147,0
DA:148,0
DA:150,0
DA:151,0
DA:152,0
DA:154,0
DA:155,0
DA:162,0
DA:163,0
DA:164,0
DA:165,0
LF:30
LH:0
BRDA:14,0,0,0
BRDA:14,0,1,0
BRDA:14,1,0,0
BRDA:14,1,1,0
BRDA:39,2,0,0
BRDA:39,2,1,0
BRDA:41,3,0,0
BRDA:41,3,1,0
BRDA:45,4,0,0
BRDA:45,4,1,0
BRDA:46,5,0,0
BRDA:46,5,1,0
BRDA:67,6,0,0
BRDA:67,6,1,0
BRDA:71,7,0,0
BRDA:71,7,1,0
BRDA:73,8,0,0
BRDA:73,8,1,0
BRDA:73,9,0,0
BRDA:73,9,1,0
BRDA:74,10,0,0
BRDA:74,10,1,0
BRDA:75,11,0,0
BRDA:75,11,1,0
BRDA:88,12,0,0
BRDA:88,12,1,0
BRDA:88,13,0,0
BRDA:88,13,1,0
BRDA:88,13,2,0
BRDA:95,14,0,0
BRDA:95,14,1,0
BRDA:96,15,0,0
BRDA:96,15,1,0
BRDA:96,15,2,0
BRDA:97,16,0,0
BRDA:97,16,1,0
BRDA:97,16,2,0
BRDA:98,17,0,0
BRDA:98,17,1,0
BRDA:98,18,0,0
BRDA:98,18,1,0
BRDA:109,19,0,0
BRDA:109,19,1,0
BRDA:115,20,0,0
BRDA:115,20,1,0
BRDA:120,21,0,0
BRDA:120,21,1,0
BRDA:123,22,0,0
BRDA:123,22,1,0
BRDA:128,23,0,0
BRDA:128,23,1,0
BRDA:131,24,0,0
BRDA:131,24,1,0
BRDA:136,25,0,0
BRDA:136,25,1,0
BRDA:148,26,0,0
BRDA:148,26,1,0
BRDA:148,27,0,0
BRDA:148,27,1,0
BRDA:148,27,2,0
BRDA:152,28,0,0
BRDA:152,28,1,0
BRDA:152,29,0,0
BRDA:152,29,1,0
BRDA:152,30,0,0
BRDA:152,30,1,0
BRDA:163,31,0,0
BRDA:163,31,1,0
BRDA:164,32,0,0
BRDA:164,32,1,0
BRF:70
BRH:0
end_of_record
TN:
SF:src\engine\standards\cfe\cfeCriteria.js
FN:13,(anonymous_0)
FN:52,(anonymous_1)
FN:62,(anonymous_2)
FN:85,(anonymous_3)
FN:123,(anonymous_4)
FN:130,(anonymous_5)
FN:170,(anonymous_6)
FNF:7
FNH:0
FNDA:0,(anonymous_0)
FNDA:0,(anonymous_1)
FNDA:0,(anonymous_2)
FNDA:0,(anonymous_3)
FNDA:0,(anonymous_4)
FNDA:0,(anonymous_5)
FNDA:0,(anonymous_6)
DA:9,0
DA:14,0
DA:17,0
DA:18,0
DA:19,0
DA:22,0
DA:23,0
DA:26,0
DA:27,0
DA:30,0
DA:38,0
DA:40,0
DA:53,0
DA:54,0
DA:55,0
DA:56,0
DA:64,0
DA:78,0
DA:79,0
DA:86,0
DA:87,0
DA:90,0
DA:91,0
DA:92,0
DA:101,0
DA:102,0
DA:111,0
DA:112,0
DA:120,0
DA:123,0
DA:131,0
DA:132,0
DA:134,0
DA:135,0
DA:137,0
DA:139,0
DA:140,0
DA:149,0
DA:150,0
DA:159,0
DA:171,0
DA:172,0
DA:174,0
LF:43
LH:0
BRDA:22,0,0,0
BRDA:22,0,1,0
BRDA:23,1,0,0
BRDA:23,1,1,0
BRDA:26,2,0,0
BRDA:26,2,1,0
BRDA:27,3,0,0
BRDA:27,3,1,0
BRDA:38,4,0,0
BRDA:38,4,1,0
BRDA:53,5,0,0
BRDA:53,5,1,0
BRDA:54,6,0,0
BRDA:54,6,1,0
BRDA:55,7,0,0
BRDA:55,7,1,0
BRDA:62,8,0,0
BRDA:78,9,0,0
BRDA:78,9,1,0
BRDA:79,10,0,0
BRDA:79,10,1,0
BRDA:91,11,0,0
BRDA:91,11,1,0
BRDA:101,12,0,0
BRDA:101,12,1,0
BRDA:111,13,0,0
BRDA:111,13,1,0
BRDA:139,14,0,0
BRDA:139,14,1,0
BRDA:149,15,0,0
BRDA:149,15,1,0
BRDA:177,16,0,0
BRDA:177,16,1,0
BRDA:181,17,0,0
BRDA:181,17,1,0
BRF:35
BRH:0
end_of_record
TN:
SF:src\engine\standards\nom\nom001SEDE2012.js
FN:14,(anonymous_0)
FN:43,(anonymous_1)
FN:61,(anonymous_2)
FN:80,(anonymous_3)
FN:102,(anonymous_4)
FN:125,(anonymous_5)
FN:134,(anonymous_6)
FN:171,(anonymous_7)
FNF:8
FNH:0
FNDA:0,(anonymous_0)
FNDA:0,(anonymous_1)
FNDA:0,(anonymous_2)
FNDA:0,(anonymous_3)
FNDA:0,(anonymous_4)
FNDA:0,(anonymous_5)
FNDA:0,(anonymous_6)
FNDA:0,(anonymous_7)
DA:9,0
DA:15,0
DA:18,0
DA:21,0
DA:25,0
DA:27,0
DA:28,0
DA:29,0
DA:30,0
DA:33,0
DA:36,0
DA:44,0
DA:46,0
DA:47,0
DA:51,0
DA:54,0
DA:62,0
DA:65,0
DA:66,0
DA:67,0
DA:68,0
DA:69,0
DA:70,0
DA:72,0
DA:81,0
DA:84,0
DA:89,0
DA:92,0
DA:94,0
DA:103,0
DA:106,0
DA:107,0
DA:108,0
DA:122,0
DA:125,0
DA:135,0
DA:136,0
DA:138,0
DA:140,0
DA:141,0
DA:150,0
DA:151,0
DA:160,0
DA:172,0
DA:173,0
DA:175,0
LF:46
LH:0
BRDA:15,0,0,0
BRDA:18,1,0,0
BRDA:18,1,1,0
BRDA:21,2,0,0
BRDA:21,2,1,0
BRDA:22,3,0,0
BRDA:22,3,1,0
BRDA:27,4,0,0
BRDA:27,4,1,0
BRDA:28,5,0,0
BRDA:28,5,1,0
BRDA:29,6,0,0
BRDA:29,6,1,0
BRDA:33,7,0,0
BRDA:33,7,1,0
BRDA:34,8,0,0
BRDA:34,8,1,0
BRDA:44,9,0,0
BRDA:46,10,0,0
BRDA:46,10,1,0
BRDA:65,11,0,0
BRDA:65,11,1,0
BRDA:67,12,0,0
BRDA:67,12,1,0
BRDA:69,13,0,0
BRDA:69,13,1,0
BRDA:81,14,0,0
BRDA:81,15,0,0
BRDA:89,16,0,0
BRDA:89,16,1,0
BRDA:107,17,0,0
BRDA:107,17,1,0
BRDA:140,18,0,0
BRDA:140,18,1,0
BRDA:150,19,0,0
BRDA:150,19,1,0
BRDA:178,20,0,0
BRDA:178,20,1,0
BRF:38
BRH:0
end_of_record
TN:
SF:src\simulation\FEMSimulationRunner.js
FN:8,(anonymous_0)
FN:17,(anonymous_1)
FN:43,(anonymous_2)
FN:53,(anonymous_3)
FN:54,(anonymous_4)
FNF:5
FNH:0
FNDA:0,(anonymous_0)
FNDA:0,(anonymous_1)
FNDA:0,(anonymous_2)
FNDA:0,(anonymous_3)
FNDA:0,(anonymous_4)
DA:9,0
DA:10,0
DA:11,0
DA:19,0
DA:26,0
DA:34,0
DA:37,0
DA:44,0
DA:46,0
DA:47,0
DA:51,0
DA:52,0
DA:53,0
DA:54,0
DA:57,0
DA:58,0
DA:59,0
DA:60,0
DA:62,0
DA:65,0
DA:67,0
DA:70,0
LF:22
LH:0
BRDA:8,0,0,0
BRDA:27,1,0,0
BRDA:27,1,1,0
BRDA:28,2,0,0
BRDA:28,2,1,0
BRDA:29,3,0,0
BRDA:29,3,1,0
BRDA:46,4,0,0
BRDA:46,4,1,0
BRDA:51,5,0,0
BRDA:51,5,1,0
BRDA:52,6,0,0
BRDA:52,6,1,0
BRDA:53,7,0,0
BRDA:53,7,1,0
BRDA:54,8,0,0
BRDA:54,8,1,0
BRDA:57,9,0,0
BRDA:57,9,1,0
BRDA:58,10,0,0
BRDA:58,10,1,0
BRDA:59,11,0,0
BRDA:59,11,1,0
BRDA:60,12,0,0
BRDA:60,12,1,0
BRDA:79,13,0,0
BRDA:79,13,1,0
BRF:27
BRH:0
end_of_record
TN:
SF:src\simulation\SimulationRunner.js
FN:18,(anonymous_0)
FN:26,(anonymous_1)
FN:41,(anonymous_2)
FN:120,(anonymous_3)
FN:148,(anonymous_4)
FN:157,(anonymous_5)
FN:186,quickSimulate
FNF:7
FNH:0
FNDA:0,(anonymous_0)
FNDA:0,(anonymous_1)
FNDA:0,(anonymous_2)
FNDA:0,(anonymous_3)
FNDA:0,(anonymous_4)
FNDA:0,(anonymous_5)
FNDA:0,quickSimulate
DA:19,0
DA:20,0
DA:27,0
DA:29,0
DA:30,0
DA:31,0
DA:34,0
DA:35,0
DA:42,0
DA:45,0
DA:46,0
DA:50,0
DA:60,0
DA:61,0
DA:62,0
DA:63,0
DA:66,0
DA:73,0
DA:80,0
DA:88,0
DA:89,0
DA:92,0
DA:102,0
DA:121,0
DA:122,0
DA:123,0
DA:124,0
DA:130,0
DA:131,0
DA:134,0
DA:135,0
DA:136,0
DA:137,0
DA:139,0
DA:140,0
DA:142,0
DA:149,0
DA:151,0
DA:158,0
DA:159,0
DA:160,0
DA:162,0
DA:163,0
DA:164,0
DA:166,0
DA:167,0
DA:168,0
DA:170,0
DA:171,0
DA:172,0
DA:173,0
DA:174,0
DA:175,0
DA:179,0
DA:187,0
DA:188,0
LF:56
LH:0
BRDA:45,0,0,0
BRDA:45,0,1,0
BRDA:45,1,0,0
BRDA:45,1,1,0
BRDA:45,1,2,0
BRDA:60,2,0,0
BRDA:60,2,1,0
BRDA:61,3,0,0
BRDA:61,3,1,0
BRDA:62,4,0,0
BRDA:62,4,1,0
BRDA:122,5,0,0
BRDA:122,5,1,0
BRDA:123,6,0,0
BRDA:123,6,1,0
BRDA:125,7,0,0
BRDA:125,7,1,0
BRDA:126,8,0,0
BRDA:126,8,1,0
BRDA:127,9,0,0
BRDA:127,9,1,0
BRDA:128,10,0,0
BRDA:128,10,1,0
BRDA:130,11,0,0
BRDA:130,11,1,0
BRDA:157,12,0,0
BRDA:160,13,0,0
BRDA:160,13,1,0
BRDA:162,14,0,0
BRDA:162,14,1,0
BRDA:163,15,0,0
BRDA:163,15,1,0
BRDA:164,16,0,0
BRDA:164,16,1,0
BRF:34
BRH:0
end_of_record
TN:
SF:src\simulation\runners\StepVoltageRunner.js
FN:7,(anonymous_0)
FN:14,(anonymous_1)
FN:58,(anonymous_2)
FN:76,(anonymous_3)
FNF:4
FNH:0
FNDA:0,(anonymous_0)
FNDA:0,(anonymous_1)
FNDA:0,(anonymous_2)
FNDA:0,(anonymous_3)
DA:8,0
DA:15,0
DA:16,0
DA:18,0
DA:20,0
DA:26,0
DA:27,0
DA:29,0
DA:30,0
DA:31,0
DA:33,0
DA:34,0
DA:35,0
DA:36,0
DA:39,0
DA:40,0
DA:41,0
DA:42,0
DA:45,0
DA:46,0
DA:48,0
DA:52,0
DA:59,0
DA:60,0
DA:61,0
DA:63,0
DA:64,0
DA:65,0
DA:66,0
DA:70,0
DA:77,0
DA:78,0
DA:79,0
DA:81,0
DA:83,0
DA:85,0
LF:36
LH:0
BRDA:14,0,0,0
BRDA:18,1,0,0
BRDA:18,1,1,0
BRDA:26,2,0,0
BRDA:26,2,1,0
BRDA:64,3,0,0
BRDA:64,3,1,0
BRF:7
BRH:0
end_of_record
TN:
SF:src\simulation\scenarios\FaultScenarios.js
FN:69,createCustomScenario
FNF:1
FNH:0
FNDA:0,createCustomScenario
DA:4,0
DA:70,0
LF:2
LH:0
BRDA:72,0,0,0
BRDA:72,0,1,0
BRDA:73,1,0,0
BRDA:73,1,1,0
BRDA:74,2,0,0
BRDA:74,2,1,0
BRDA:75,3,0,0
BRDA:75,3,1,0
BRDA:76,4,0,0
BRDA:76,4,1,0
BRF:10
BRH:0
end_of_record
